<?xml version="1.0" encoding="UTF-8"?>
<coverage generated="1760531462457" clover="3.2.0">
  <project timestamp="1760531462457" name="All files">
    <metrics statements="530" coveredstatements="449" conditionals="404" coveredconditionals="284" methods="40" coveredmethods="37" elements="974" coveredelements="770" complexity="0" loc="530" ncloc="530" packages="3" files="9" classes="9"/>
    <package name="middleware">
      <metrics statements="40" coveredstatements="39" conditionals="20" coveredconditionals="18" methods="4" coveredmethods="4"/>
      <file name="auth.js" path="/Users/anasabounouar/Documents/book-marketplace-flutter/backend/middleware/auth.js">
        <metrics statements="40" coveredstatements="39" conditionals="20" coveredconditionals="18" methods="4" coveredmethods="4"/>
        <line num="1" count="7" type="stmt"/>
        <line num="2" count="7" type="stmt"/>
        <line num="5" count="7" type="stmt"/>
        <line num="6" count="137" type="stmt"/>
        <line num="7" count="137" type="stmt"/>
        <line num="9" count="137" type="cond" truecount="2" falsecount="0"/>
        <line num="10" count="16" type="stmt"/>
        <line num="13" count="121" type="stmt"/>
        <line num="14" count="116" type="stmt"/>
        <line num="16" count="116" type="cond" truecount="2" falsecount="0"/>
        <line num="17" count="2" type="stmt"/>
        <line num="20" count="114" type="cond" truecount="1" falsecount="1"/>
        <line num="21" count="0" type="stmt"/>
        <line num="24" count="114" type="stmt"/>
        <line num="25" count="114" type="stmt"/>
        <line num="27" count="5" type="stmt"/>
        <line num="28" count="5" type="stmt"/>
        <line num="33" count="7" type="stmt"/>
        <line num="34" count="36" type="cond" truecount="2" falsecount="0"/>
        <line num="35" count="1" type="stmt"/>
        <line num="37" count="35" type="cond" truecount="2" falsecount="0"/>
        <line num="38" count="7" type="stmt"/>
        <line num="40" count="28" type="stmt"/>
        <line num="44" count="7" type="stmt"/>
        <line num="45" count="15" type="cond" truecount="2" falsecount="0"/>
        <line num="46" count="1" type="stmt"/>
        <line num="48" count="14" type="cond" truecount="2" falsecount="0"/>
        <line num="49" count="1" type="stmt"/>
        <line num="51" count="13" type="stmt"/>
        <line num="55" count="7" type="stmt"/>
        <line num="56" count="21" type="stmt"/>
        <line num="57" count="21" type="stmt"/>
        <line num="59" count="21" type="cond" truecount="2" falsecount="0"/>
        <line num="60" count="6" type="stmt"/>
        <line num="61" count="4" type="stmt"/>
        <line num="63" count="4" type="cond" truecount="3" falsecount="1"/>
        <line num="64" count="4" type="stmt"/>
        <line num="68" count="19" type="stmt"/>
        <line num="71" count="2" type="stmt"/>
        <line num="75" count="7" type="stmt"/>
      </file>
    </package>
    <package name="models">
      <metrics statements="67" coveredstatements="58" conditionals="54" coveredconditionals="32" methods="8" coveredmethods="7"/>
      <file name="Book.js" path="/Users/anasabounouar/Documents/book-marketplace-flutter/backend/models/Book.js">
        <metrics statements="8" coveredstatements="7" conditionals="0" coveredconditionals="0" methods="1" coveredmethods="0"/>
        <line num="1" count="8" type="stmt"/>
        <line num="3" count="8" type="stmt"/>
        <line num="96" count="8" type="stmt"/>
        <line num="97" count="8" type="stmt"/>
        <line num="98" count="8" type="stmt"/>
        <line num="101" count="8" type="stmt"/>
        <line num="103" count="0" type="stmt"/>
        <line num="106" count="8" type="stmt"/>
      </file>
      <file name="GeoJSONExport.js" path="/Users/anasabounouar/Documents/book-marketplace-flutter/backend/models/GeoJSONExport.js">
        <metrics statements="26" coveredstatements="25" conditionals="42" coveredconditionals="27" methods="3" coveredmethods="3"/>
        <line num="1" count="2" type="stmt"/>
        <line num="3" count="2" type="stmt"/>
        <line num="33" count="2" type="cond" truecount="1" falsecount="0"/>
        <line num="34" count="15" type="stmt"/>
        <line num="36" count="15" type="stmt"/>
        <line num="39" count="15" type="cond" truecount="2" falsecount="0"/>
        <line num="40" count="13" type="stmt"/>
        <line num="41" count="2" type="cond" truecount="2" falsecount="0"/>
        <line num="42" count="1" type="stmt"/>
        <line num="43" count="1" type="cond" truecount="1" falsecount="1"/>
        <line num="44" count="1" type="stmt"/>
        <line num="48" count="15" type="stmt"/>
        <line num="51" count="15" type="cond" truecount="2" falsecount="0"/>
        <line num="52" count="1" type="stmt"/>
        <line num="54" count="15" type="cond" truecount="1" falsecount="1"/>
        <line num="55" count="0" type="stmt"/>
        <line num="58" count="15" type="stmt"/>
        <line num="65" count="15" type="stmt"/>
        <line num="66" count="28" type="cond" truecount="3" falsecount="0"/>
        <line num="67" count="28" type="stmt"/>
        <line num="92" count="15" type="stmt"/>
        <line num="102" count="15" type="stmt"/>
        <line num="104" count="15" type="stmt"/>
        <line num="115" count="15" type="stmt"/>
        <line num="116" count="15" type="stmt"/>
        <line num="119" count="2" type="stmt"/>
      </file>
      <file name="Order.js" path="/Users/anasabounouar/Documents/book-marketplace-flutter/backend/models/Order.js">
        <metrics statements="16" coveredstatements="10" conditionals="10" coveredconditionals="3" methods="1" coveredmethods="1"/>
        <line num="1" count="6" type="stmt"/>
        <line num="3" count="6" type="stmt"/>
        <line num="79" count="6" type="stmt"/>
        <line num="80" count="6" type="stmt"/>
        <line num="81" count="6" type="stmt"/>
        <line num="82" count="6" type="stmt"/>
        <line num="84" count="6" type="stmt"/>
        <line num="85" count="166" type="cond" truecount="3" falsecount="1"/>
        <line num="86" count="0" type="stmt"/>
        <line num="87" count="0" type="stmt"/>
        <line num="88" count="0" type="stmt"/>
        <line num="89" count="0" type="cond" truecount="0" falsecount="4"/>
        <line num="90" count="0" type="stmt"/>
        <line num="98" count="0" type="stmt"/>
        <line num="101" count="166" type="stmt"/>
        <line num="104" count="6" type="stmt"/>
      </file>
      <file name="User.js" path="/Users/anasabounouar/Documents/book-marketplace-flutter/backend/models/User.js">
        <metrics statements="17" coveredstatements="16" conditionals="2" coveredconditionals="2" methods="3" coveredmethods="3"/>
        <line num="1" count="11" type="stmt"/>
        <line num="2" count="11" type="stmt"/>
        <line num="4" count="11" type="stmt"/>
        <line num="80" count="11" type="stmt"/>
        <line num="81" count="454" type="cond" truecount="2" falsecount="0"/>
        <line num="83" count="440" type="stmt"/>
        <line num="84" count="440" type="stmt"/>
        <line num="85" count="440" type="stmt"/>
        <line num="86" count="440" type="stmt"/>
        <line num="88" count="0" type="stmt"/>
        <line num="93" count="11" type="stmt"/>
        <line num="94" count="7" type="stmt"/>
        <line num="98" count="11" type="stmt"/>
        <line num="99" count="51" type="stmt"/>
        <line num="100" count="51" type="stmt"/>
        <line num="101" count="51" type="stmt"/>
        <line num="104" count="11" type="stmt"/>
      </file>
    </package>
    <package name="routes">
      <metrics statements="423" coveredstatements="352" conditionals="330" coveredconditionals="234" methods="28" coveredmethods="26"/>
      <file name="auth.js" path="/Users/anasabounouar/Documents/book-marketplace-flutter/backend/routes/auth.js">
        <metrics statements="80" coveredstatements="64" conditionals="64" coveredconditionals="47" methods="7" coveredmethods="7"/>
        <line num="1" count="2" type="stmt"/>
        <line num="2" count="2" type="stmt"/>
        <line num="3" count="2" type="stmt"/>
        <line num="4" count="2" type="stmt"/>
        <line num="6" count="2" type="stmt"/>
        <line num="9" count="2" type="stmt"/>
        <line num="10" count="11" type="stmt"/>
        <line num="16" count="2" type="stmt"/>
        <line num="17" count="11" type="stmt"/>
        <line num="25" count="11" type="stmt"/>
        <line num="28" count="11" type="cond" truecount="7" falsecount="0"/>
        <line num="29" count="4" type="stmt"/>
        <line num="34" count="7" type="cond" truecount="1" falsecount="1"/>
        <line num="35" count="0" type="stmt"/>
        <line num="40" count="7" type="cond" truecount="1" falsecount="1"/>
        <line num="41" count="0" type="stmt"/>
        <line num="47" count="7" type="stmt"/>
        <line num="48" count="7" type="cond" truecount="2" falsecount="0"/>
        <line num="49" count="1" type="stmt"/>
        <line num="55" count="6" type="cond" truecount="4" falsecount="1"/>
        <line num="56" count="0" type="stmt"/>
        <line num="61" count="6" type="cond" truecount="3" falsecount="1"/>
        <line num="62" count="0" type="stmt"/>
        <line num="68" count="6" type="stmt"/>
        <line num="77" count="6" type="stmt"/>
        <line num="80" count="6" type="stmt"/>
        <line num="82" count="6" type="stmt"/>
        <line num="96" count="0" type="stmt"/>
        <line num="97" count="0" type="stmt"/>
        <line num="107" count="2" type="stmt"/>
        <line num="108" count="7" type="stmt"/>
        <line num="109" count="7" type="stmt"/>
        <line num="112" count="7" type="cond" truecount="4" falsecount="0"/>
        <line num="113" count="1" type="stmt"/>
        <line num="119" count="6" type="stmt"/>
        <line num="120" count="6" type="cond" truecount="2" falsecount="0"/>
        <line num="121" count="1" type="stmt"/>
        <line num="127" count="5" type="cond" truecount="1" falsecount="1"/>
        <line num="128" count="0" type="stmt"/>
        <line num="134" count="5" type="stmt"/>
        <line num="135" count="5" type="cond" truecount="2" falsecount="0"/>
        <line num="136" count="1" type="stmt"/>
        <line num="142" count="4" type="stmt"/>
        <line num="143" count="4" type="stmt"/>
        <line num="146" count="4" type="stmt"/>
        <line num="148" count="4" type="stmt"/>
        <line num="163" count="0" type="stmt"/>
        <line num="164" count="0" type="stmt"/>
        <line num="174" count="2" type="stmt"/>
        <line num="175" count="2" type="stmt"/>
        <line num="176" count="2" type="stmt"/>
        <line num="189" count="0" type="stmt"/>
        <line num="190" count="0" type="stmt"/>
        <line num="200" count="2" type="stmt"/>
        <line num="201" count="5" type="stmt"/>
        <line num="202" count="5" type="stmt"/>
        <line num="203" count="5" type="stmt"/>
        <line num="206" count="5" type="cond" truecount="2" falsecount="0"/>
        <line num="207" count="2" type="cond" truecount="1" falsecount="1"/>
        <line num="208" count="2" type="stmt"/>
        <line num="209" count="2" type="cond" truecount="5" falsecount="0"/>
        <line num="210" count="1" type="stmt"/>
        <line num="214" count="1" type="cond" truecount="4" falsecount="1"/>
        <line num="215" count="0" type="stmt"/>
        <line num="223" count="4" type="cond" truecount="2" falsecount="0"/>
        <line num="224" count="4" type="cond" truecount="2" falsecount="0"/>
        <line num="225" count="4" type="cond" truecount="2" falsecount="0"/>
        <line num="227" count="4" type="stmt"/>
        <line num="229" count="4" type="stmt"/>
        <line num="242" count="0" type="stmt"/>
        <line num="243" count="0" type="stmt"/>
        <line num="253" count="2" type="stmt"/>
        <line num="254" count="1" type="stmt"/>
        <line num="256" count="1" type="stmt"/>
        <line num="258" count="1" type="stmt"/>
        <line num="272" count="0" type="stmt"/>
        <line num="273" count="0" type="stmt"/>
        <line num="283" count="2" type="stmt"/>
        <line num="286" count="3" type="stmt"/>
        <line num="291" count="2" type="stmt"/>
      </file>
      <file name="books.js" path="/Users/anasabounouar/Documents/book-marketplace-flutter/backend/routes/books.js">
        <metrics statements="113" coveredstatements="98" conditionals="108" coveredconditionals="79" methods="6" coveredmethods="6"/>
        <line num="1" count="2" type="stmt"/>
        <line num="2" count="2" type="stmt"/>
        <line num="3" count="2" type="stmt"/>
        <line num="5" count="2" type="stmt"/>
        <line num="10" count="2" type="stmt"/>
        <line num="11" count="12" type="stmt"/>
        <line num="23" count="12" type="stmt"/>
        <line num="26" count="12" type="stmt"/>
        <line num="29" count="12" type="cond" truecount="2" falsecount="0"/>
        <line num="30" count="1" type="stmt"/>
        <line num="34" count="12" type="cond" truecount="2" falsecount="0"/>
        <line num="35" count="12" type="cond" truecount="2" falsecount="0"/>
        <line num="36" count="12" type="cond" truecount="1" falsecount="1"/>
        <line num="39" count="12" type="cond" truecount="4" falsecount="0"/>
        <line num="40" count="2" type="stmt"/>
        <line num="41" count="2" type="cond" truecount="1" falsecount="1"/>
        <line num="42" count="2" type="cond" truecount="1" falsecount="1"/>
        <line num="46" count="12" type="stmt"/>
        <line num="49" count="12" type="stmt"/>
        <line num="50" count="12" type="cond" truecount="2" falsecount="0"/>
        <line num="53" count="12" type="stmt"/>
        <line num="60" count="12" type="stmt"/>
        <line num="62" count="12" type="stmt"/>
        <line num="75" count="0" type="stmt"/>
        <line num="76" count="0" type="stmt"/>
        <line num="86" count="2" type="stmt"/>
        <line num="87" count="5" type="stmt"/>
        <line num="88" count="5" type="stmt"/>
        <line num="91" count="4" type="cond" truecount="2" falsecount="0"/>
        <line num="92" count="1" type="stmt"/>
        <line num="96" count="3" type="cond" truecount="3" falsecount="1"/>
        <line num="97" count="3" type="stmt"/>
        <line num="98" count="3" type="stmt"/>
        <line num="101" count="3" type="stmt"/>
        <line num="104" count="1" type="stmt"/>
        <line num="105" count="1" type="cond" truecount="1" falsecount="1"/>
        <line num="106" count="1" type="stmt"/>
        <line num="108" count="0" type="stmt"/>
        <line num="118" count="2" type="stmt"/>
        <line num="119" count="7" type="stmt"/>
        <line num="130" count="7" type="stmt"/>
        <line num="133" count="7" type="cond" truecount="7" falsecount="0"/>
        <line num="134" count="1" type="stmt"/>
        <line num="139" count="6" type="cond" truecount="2" falsecount="0"/>
        <line num="140" count="1" type="stmt"/>
        <line num="145" count="5" type="cond" truecount="2" falsecount="0"/>
        <line num="146" count="1" type="stmt"/>
        <line num="151" count="4" type="cond" truecount="2" falsecount="0"/>
        <line num="152" count="1" type="stmt"/>
        <line num="158" count="3" type="stmt"/>
        <line num="171" count="3" type="stmt"/>
        <line num="172" count="3" type="stmt"/>
        <line num="174" count="3" type="stmt"/>
        <line num="180" count="0" type="stmt"/>
        <line num="181" count="0" type="stmt"/>
        <line num="191" count="2" type="stmt"/>
        <line num="192" count="11" type="stmt"/>
        <line num="193" count="11" type="stmt"/>
        <line num="195" count="10" type="cond" truecount="1" falsecount="1"/>
        <line num="196" count="0" type="stmt"/>
        <line num="200" count="10" type="cond" truecount="2" falsecount="0"/>
        <line num="201" count="1" type="stmt"/>
        <line num="215" count="9" type="stmt"/>
        <line num="218" count="9" type="cond" truecount="4" falsecount="0"/>
        <line num="219" count="1" type="stmt"/>
        <line num="224" count="8" type="cond" truecount="4" falsecount="1"/>
        <line num="225" count="0" type="stmt"/>
        <line num="230" count="8" type="cond" truecount="4" falsecount="0"/>
        <line num="231" count="1" type="stmt"/>
        <line num="236" count="7" type="cond" truecount="3" falsecount="1"/>
        <line num="237" count="0" type="stmt"/>
        <line num="243" count="7" type="cond" truecount="2" falsecount="0"/>
        <line num="244" count="7" type="cond" truecount="1" falsecount="1"/>
        <line num="245" count="7" type="cond" truecount="1" falsecount="1"/>
        <line num="246" count="7" type="cond" truecount="2" falsecount="0"/>
        <line num="247" count="7" type="cond" truecount="2" falsecount="0"/>
        <line num="248" count="7" type="cond" truecount="1" falsecount="1"/>
        <line num="249" count="7" type="cond" truecount="1" falsecount="1"/>
        <line num="250" count="7" type="cond" truecount="1" falsecount="1"/>
        <line num="251" count="7" type="cond" truecount="2" falsecount="0"/>
        <line num="252" count="7" type="cond" truecount="2" falsecount="0"/>
        <line num="254" count="7" type="stmt"/>
        <line num="255" count="7" type="stmt"/>
        <line num="257" count="7" type="stmt"/>
        <line num="263" count="1" type="stmt"/>
        <line num="264" count="1" type="cond" truecount="1" falsecount="1"/>
        <line num="265" count="1" type="stmt"/>
        <line num="267" count="0" type="stmt"/>
        <line num="277" count="2" type="stmt"/>
        <line num="278" count="3" type="stmt"/>
        <line num="279" count="3" type="stmt"/>
        <line num="281" count="3" type="cond" truecount="2" falsecount="0"/>
        <line num="282" count="1" type="stmt"/>
        <line num="286" count="2" type="cond" truecount="2" falsecount="0"/>
        <line num="287" count="1" type="stmt"/>
        <line num="290" count="1" type="stmt"/>
        <line num="292" count="1" type="stmt"/>
        <line num="295" count="0" type="stmt"/>
        <line num="296" count="0" type="cond" truecount="0" falsecount="2"/>
        <line num="297" count="0" type="stmt"/>
        <line num="299" count="0" type="stmt"/>
        <line num="309" count="2" type="stmt"/>
        <line num="310" count="3" type="stmt"/>
        <line num="311" count="3" type="cond" truecount="2" falsecount="0"/>
        <line num="313" count="3" type="stmt"/>
        <line num="314" count="3" type="cond" truecount="1" falsecount="1"/>
        <line num="316" count="3" type="stmt"/>
        <line num="318" count="3" type="stmt"/>
        <line num="324" count="3" type="stmt"/>
        <line num="326" count="3" type="stmt"/>
        <line num="339" count="0" type="stmt"/>
        <line num="340" count="0" type="stmt"/>
        <line num="347" count="2" type="stmt"/>
      </file>
      <file name="geojson.js" path="/Users/anasabounouar/Documents/book-marketplace-flutter/backend/routes/geojson.js">
        <metrics statements="77" coveredstatements="60" conditionals="37" coveredconditionals="27" methods="8" coveredmethods="6"/>
        <line num="1" count="1" type="stmt"/>
        <line num="2" count="1" type="stmt"/>
        <line num="3" count="1" type="stmt"/>
        <line num="5" count="1" type="stmt"/>
        <line num="7" count="1" type="stmt"/>
        <line num="8" count="10" type="stmt"/>
        <line num="9" count="10" type="cond" truecount="1" falsecount="0"/>
        <line num="10" count="10" type="cond" truecount="2" falsecount="0"/>
        <line num="13" count="9" type="stmt"/>
        <line num="14" count="9" type="cond" truecount="2" falsecount="0"/>
        <line num="15" count="1" type="stmt"/>
        <line num="20" count="8" type="stmt"/>
        <line num="22" count="8" type="stmt"/>
        <line num="37" count="0" type="stmt"/>
        <line num="38" count="0" type="cond" truecount="0" falsecount="2"/>
        <line num="42" count="1" type="stmt"/>
        <line num="43" count="6" type="stmt"/>
        <line num="44" count="6" type="stmt"/>
        <line num="48" count="7" type="stmt"/>
        <line num="62" count="6" type="stmt"/>
        <line num="64" count="0" type="stmt"/>
        <line num="68" count="1" type="stmt"/>
        <line num="69" count="6" type="stmt"/>
        <line num="70" count="6" type="stmt"/>
        <line num="71" count="5" type="cond" truecount="2" falsecount="0"/>
        <line num="72" count="4" type="cond" truecount="2" falsecount="0"/>
        <line num="73" count="1" type="stmt"/>
        <line num="75" count="3" type="cond" truecount="1" falsecount="1"/>
        <line num="76" count="0" type="stmt"/>
        <line num="78" count="3" type="cond" truecount="1" falsecount="1"/>
        <line num="79" count="0" type="stmt"/>
        <line num="83" count="3" type="stmt"/>
        <line num="88" count="3" type="stmt"/>
        <line num="97" count="1" type="cond" truecount="1" falsecount="1"/>
        <line num="98" count="1" type="stmt"/>
        <line num="100" count="0" type="stmt"/>
        <line num="104" count="1" type="stmt"/>
        <line num="105" count="9" type="stmt"/>
        <line num="106" count="9" type="stmt"/>
        <line num="107" count="9" type="cond" truecount="1" falsecount="1"/>
        <line num="108" count="9" type="cond" truecount="2" falsecount="0"/>
        <line num="109" count="1" type="stmt"/>
        <line num="111" count="8" type="cond" truecount="2" falsecount="0"/>
        <line num="112" count="1" type="stmt"/>
        <line num="114" count="7" type="cond" truecount="2" falsecount="0"/>
        <line num="115" count="1" type="stmt"/>
        <line num="117" count="6" type="cond" truecount="1" falsecount="1"/>
        <line num="118" count="0" type="stmt"/>
        <line num="121" count="6" type="stmt"/>
        <line num="122" count="6" type="stmt"/>
        <line num="123" count="6" type="stmt"/>
        <line num="125" count="6" type="stmt"/>
        <line num="126" count="6" type="stmt"/>
        <line num="127" count="6" type="stmt"/>
        <line num="129" count="0" type="cond" truecount="0" falsecount="2"/>
        <line num="130" count="0" type="stmt"/>
        <line num="132" count="0" type="stmt"/>
        <line num="136" count="1" type="stmt"/>
        <line num="137" count="5" type="stmt"/>
        <line num="138" count="5" type="stmt"/>
        <line num="139" count="4" type="cond" truecount="2" falsecount="0"/>
        <line num="140" count="1" type="stmt"/>
        <line num="142" count="3" type="cond" truecount="2" falsecount="0"/>
        <line num="143" count="1" type="stmt"/>
        <line num="146" count="2" type="stmt"/>
        <line num="148" count="2" type="stmt"/>
        <line num="150" count="1" type="cond" truecount="1" falsecount="1"/>
        <line num="151" count="1" type="stmt"/>
        <line num="153" count="0" type="stmt"/>
        <line num="157" count="1" type="stmt"/>
        <line num="160" count="1" type="stmt"/>
        <line num="161" count="0" type="stmt"/>
        <line num="162" count="0" type="stmt"/>
        <line num="163" count="0" type="stmt"/>
        <line num="167" count="0" type="stmt"/>
        <line num="171" count="0" type="stmt"/>
        <line num="182" count="0" type="stmt"/>
      </file>
      <file name="orders.js" path="/Users/anasabounouar/Documents/book-marketplace-flutter/backend/routes/orders.js">
        <metrics statements="153" coveredstatements="130" conditionals="121" coveredconditionals="81" methods="7" coveredmethods="7"/>
        <line num="1" count="3" type="stmt"/>
        <line num="2" count="3" type="stmt"/>
        <line num="3" count="3" type="stmt"/>
        <line num="4" count="3" type="stmt"/>
        <line num="6" count="3" type="stmt"/>
        <line num="9" count="3" type="stmt"/>
        <line num="10" count="30" type="cond" truecount="1" falsecount="1"/>
        <line num="11" count="30" type="stmt"/>
        <line num="22" count="3" type="stmt"/>
        <line num="23" count="6" type="stmt"/>
        <line num="24" count="6" type="stmt"/>
        <line num="26" count="6" type="cond" truecount="5" falsecount="0"/>
        <line num="27" count="1" type="stmt"/>
        <line num="29" count="5" type="cond" truecount="1" falsecount="1"/>
        <line num="30" count="0" type="stmt"/>
        <line num="32" count="5" type="cond" truecount="1" falsecount="1"/>
        <line num="34" count="5" type="stmt"/>
        <line num="35" count="5" type="cond" truecount="1" falsecount="1"/>
        <line num="36" count="5" type="cond" truecount="1" falsecount="1"/>
        <line num="37" count="5" type="cond" truecount="1" falsecount="1"/>
        <line num="38" count="5" type="cond" truecount="1" falsecount="1"/>
        <line num="39" count="5" type="cond" truecount="1" falsecount="1"/>
        <line num="40" count="0" type="stmt"/>
        <line num="43" count="5" type="stmt"/>
        <line num="44" count="5" type="cond" truecount="1" falsecount="1"/>
        <line num="45" count="5" type="stmt"/>
        <line num="50" count="5" type="cond" truecount="3" falsecount="1"/>
        <line num="51" count="5" type="stmt"/>
        <line num="57" count="5" type="cond" truecount="2" falsecount="2"/>
        <line num="58" count="0" type="stmt"/>
        <line num="60" count="5" type="stmt"/>
        <line num="63" count="5" type="stmt"/>
        <line num="66" count="5" type="cond" truecount="1" falsecount="1"/>
        <line num="69" count="5" type="stmt"/>
        <line num="70" count="10" type="cond" truecount="3" falsecount="1"/>
        <line num="71" count="10" type="stmt"/>
        <line num="79" count="5" type="stmt"/>
        <line num="92" count="5" type="stmt"/>
        <line num="94" count="5" type="stmt"/>
        <line num="100" count="5" type="stmt"/>
        <line num="102" count="0" type="stmt"/>
        <line num="103" count="0" type="stmt"/>
        <line num="112" count="3" type="stmt"/>
        <line num="113" count="5" type="stmt"/>
        <line num="114" count="5" type="cond" truecount="2" falsecount="0"/>
        <line num="116" count="5" type="stmt"/>
        <line num="117" count="5" type="cond" truecount="1" falsecount="1"/>
        <line num="119" count="5" type="stmt"/>
        <line num="121" count="5" type="stmt"/>
        <line num="134" count="5" type="stmt"/>
        <line num="136" count="5" type="stmt"/>
        <line num="148" count="0" type="stmt"/>
        <line num="149" count="0" type="stmt"/>
        <line num="159" count="3" type="stmt"/>
        <line num="160" count="2" type="stmt"/>
        <line num="161" count="2" type="cond" truecount="2" falsecount="0"/>
        <line num="163" count="2" type="stmt"/>
        <line num="164" count="2" type="cond" truecount="1" falsecount="1"/>
        <line num="166" count="2" type="stmt"/>
        <line num="168" count="2" type="stmt"/>
        <line num="181" count="2" type="stmt"/>
        <line num="183" count="2" type="stmt"/>
        <line num="195" count="0" type="stmt"/>
        <line num="196" count="0" type="stmt"/>
        <line num="206" count="3" type="stmt"/>
        <line num="207" count="23" type="stmt"/>
        <line num="208" count="23" type="stmt"/>
        <line num="210" count="23" type="stmt"/>
        <line num="216" count="23" type="cond" truecount="1" falsecount="1"/>
        <line num="217" count="0" type="stmt"/>
        <line num="220" count="23" type="stmt"/>
        <line num="222" count="23" type="cond" truecount="1" falsecount="1"/>
        <line num="223" count="0" type="stmt"/>
        <line num="228" count="23" type="stmt"/>
        <line num="233" count="23" type="cond" truecount="2" falsecount="0"/>
        <line num="234" count="1" type="stmt"/>
        <line num="237" count="22" type="stmt"/>
        <line num="240" count="22" type="stmt"/>
        <line num="241" count="22" type="stmt"/>
        <line num="243" count="22" type="stmt"/>
        <line num="251" count="22" type="cond" truecount="4" falsecount="0"/>
        <line num="252" count="1" type="stmt"/>
        <line num="253" count="1" type="stmt"/>
        <line num="257" count="21" type="stmt"/>
        <line num="258" count="21" type="stmt"/>
        <line num="261" count="21" type="cond" truecount="1" falsecount="1"/>
        <line num="262" count="21" type="stmt"/>
        <line num="266" count="21" type="stmt"/>
        <line num="267" count="21" type="stmt"/>
        <line num="275" count="21" type="cond" truecount="1" falsecount="1"/>
        <line num="276" count="0" type="stmt"/>
        <line num="280" count="0" type="stmt"/>
        <line num="281" count="0" type="cond" truecount="0" falsecount="2"/>
        <line num="282" count="0" type="stmt"/>
        <line num="291" count="21" type="cond" truecount="2" falsecount="0"/>
        <line num="292" count="1" type="stmt"/>
        <line num="293" count="1" type="stmt"/>
        <line num="299" count="20" type="stmt"/>
        <line num="302" count="20" type="cond" truecount="5" falsecount="0"/>
        <line num="304" count="14" type="cond" truecount="1" falsecount="1"/>
        <line num="305" count="14" type="stmt"/>
        <line num="307" count="14" type="stmt"/>
        <line num="314" count="14" type="cond" truecount="1" falsecount="1"/>
        <line num="315" count="0" type="stmt"/>
        <line num="316" count="0" type="stmt"/>
        <line num="320" count="14" type="cond" truecount="2" falsecount="0"/>
        <line num="321" count="2" type="stmt"/>
        <line num="322" count="2" type="stmt"/>
        <line num="327" count="12" type="stmt"/>
        <line num="330" count="12" type="stmt"/>
        <line num="333" count="12" type="cond" truecount="2" falsecount="0"/>
        <line num="334" count="3" type="stmt"/>
        <line num="337" count="12" type="stmt"/>
        <line num="338" count="12" type="stmt"/>
        <line num="341" count="12" type="cond" truecount="4" falsecount="0"/>
        <line num="342" count="3" type="stmt"/>
        <line num="348" count="3" type="cond" truecount="2" falsecount="0"/>
        <line num="349" count="1" type="stmt"/>
        <line num="351" count="1" type="stmt"/>
        <line num="352" count="2" type="stmt"/>
        <line num="353" count="2" type="stmt"/>
        <line num="354" count="2" type="stmt"/>
        <line num="357" count="1" type="stmt"/>
        <line num="359" count="9" type="cond" truecount="1" falsecount="1"/>
        <line num="361" count="9" type="stmt"/>
        <line num="367" count="9" type="cond" truecount="2" falsecount="0"/>
        <line num="368" count="2" type="stmt"/>
        <line num="369" count="3" type="cond" truecount="2" falsecount="0"/>
        <line num="370" count="1" type="stmt"/>
        <line num="371" count="1" type="stmt"/>
        <line num="372" count="1" type="stmt"/>
        <line num="373" count="1" type="stmt"/>
        <line num="381" count="18" type="cond" truecount="5" falsecount="0"/>
        <line num="383" count="2" type="cond" truecount="1" falsecount="1"/>
        <line num="384" count="2" type="stmt"/>
        <line num="386" count="2" type="cond" truecount="1" falsecount="1"/>
        <line num="388" count="2" type="stmt"/>
        <line num="391" count="2" type="cond" truecount="1" falsecount="1"/>
        <line num="392" count="0" type="stmt"/>
        <line num="395" count="2" type="stmt"/>
        <line num="396" count="2" type="stmt"/>
        <line num="401" count="18" type="stmt"/>
        <line num="404" count="18" type="cond" truecount="2" falsecount="0"/>
        <line num="405" count="2" type="cond" truecount="1" falsecount="1"/>
        <line num="406" count="2" type="stmt"/>
        <line num="408" count="0" type="stmt"/>
        <line num="412" count="18" type="stmt"/>
        <line num="414" count="18" type="stmt"/>
        <line num="420" count="0" type="stmt"/>
        <line num="421" count="0" type="cond" truecount="0" falsecount="2"/>
        <line num="422" count="0" type="stmt"/>
        <line num="424" count="0" type="stmt"/>
        <line num="431" count="3" type="stmt"/>
      </file>
    </package>
  </project>
</coverage>
