{"/Users/anasabounouar/Documents/book-marketplace-flutter/backend/middleware/auth.js": {"path":"/Users/anasabounouar/Documents/book-marketplace-flutter/backend/middleware/auth.js","statementMap":{"0":{"start":{"line":1,"column":12},"end":{"line":1,"column":35}},"1":{"start":{"line":2,"column":13},"end":{"line":2,"column":38}},"2":{"start":{"line":5,"column":13},"end":{"line":30,"column":1}},"3":{"start":{"line":6,"column":2},"end":{"line":29,"column":3}},"4":{"start":{"line":7,"column":18},"end":{"line":7,"column":69}},"5":{"start":{"line":9,"column":4},"end":{"line":11,"column":5}},"6":{"start":{"line":10,"column":6},"end":{"line":10,"column":83}},"7":{"start":{"line":13,"column":20},"end":{"line":13,"column":61}},"8":{"start":{"line":14,"column":17},"end":{"line":14,"column":72}},"9":{"start":{"line":16,"column":4},"end":{"line":18,"column":5}},"10":{"start":{"line":17,"column":6},"end":{"line":17,"column":69}},"11":{"start":{"line":20,"column":4},"end":{"line":22,"column":5}},"12":{"start":{"line":21,"column":6},"end":{"line":21,"column":73}},"13":{"start":{"line":24,"column":4},"end":{"line":24,"column":20}},"14":{"start":{"line":25,"column":4},"end":{"line":25,"column":11}},"15":{"start":{"line":27,"column":4},"end":{"line":27,"column":51}},"16":{"start":{"line":28,"column":4},"end":{"line":28,"column":60}},"17":{"start":{"line":33,"column":22},"end":{"line":41,"column":1}},"18":{"start":{"line":34,"column":2},"end":{"line":36,"column":3}},"19":{"start":{"line":35,"column":4},"end":{"line":35,"column":73}},"20":{"start":{"line":37,"column":2},"end":{"line":39,"column":3}},"21":{"start":{"line":38,"column":4},"end":{"line":38,"column":77}},"22":{"start":{"line":40,"column":2},"end":{"line":40,"column":9}},"23":{"start":{"line":44,"column":21},"end":{"line":52,"column":1}},"24":{"start":{"line":45,"column":2},"end":{"line":47,"column":3}},"25":{"start":{"line":46,"column":4},"end":{"line":46,"column":73}},"26":{"start":{"line":48,"column":2},"end":{"line":50,"column":3}},"27":{"start":{"line":49,"column":4},"end":{"line":49,"column":76}},"28":{"start":{"line":51,"column":2},"end":{"line":51,"column":9}},"29":{"start":{"line":55,"column":21},"end":{"line":73,"column":1}},"30":{"start":{"line":56,"column":2},"end":{"line":72,"column":3}},"31":{"start":{"line":57,"column":18},"end":{"line":57,"column":69}},"32":{"start":{"line":59,"column":4},"end":{"line":66,"column":5}},"33":{"start":{"line":60,"column":22},"end":{"line":60,"column":63}},"34":{"start":{"line":61,"column":19},"end":{"line":61,"column":74}},"35":{"start":{"line":63,"column":6},"end":{"line":65,"column":7}},"36":{"start":{"line":64,"column":8},"end":{"line":64,"column":24}},"37":{"start":{"line":68,"column":4},"end":{"line":68,"column":11}},"38":{"start":{"line":71,"column":4},"end":{"line":71,"column":11}},"39":{"start":{"line":75,"column":0},"end":{"line":80,"column":2}}},"fnMap":{"0":{"name":"(anonymous_0)","decl":{"start":{"line":5,"column":13},"end":{"line":5,"column":14}},"loc":{"start":{"line":5,"column":39},"end":{"line":30,"column":1}},"line":5},"1":{"name":"(anonymous_1)","decl":{"start":{"line":33,"column":22},"end":{"line":33,"column":23}},"loc":{"start":{"line":33,"column":42},"end":{"line":41,"column":1}},"line":33},"2":{"name":"(anonymous_2)","decl":{"start":{"line":44,"column":21},"end":{"line":44,"column":22}},"loc":{"start":{"line":44,"column":41},"end":{"line":52,"column":1}},"line":44},"3":{"name":"(anonymous_3)","decl":{"start":{"line":55,"column":21},"end":{"line":55,"column":22}},"loc":{"start":{"line":55,"column":47},"end":{"line":73,"column":1}},"line":55}},"branchMap":{"0":{"loc":{"start":{"line":9,"column":4},"end":{"line":11,"column":5}},"type":"if","locations":[{"start":{"line":9,"column":4},"end":{"line":11,"column":5}},{"start":{},"end":{}}],"line":9},"1":{"loc":{"start":{"line":16,"column":4},"end":{"line":18,"column":5}},"type":"if","locations":[{"start":{"line":16,"column":4},"end":{"line":18,"column":5}},{"start":{},"end":{}}],"line":16},"2":{"loc":{"start":{"line":20,"column":4},"end":{"line":22,"column":5}},"type":"if","locations":[{"start":{"line":20,"column":4},"end":{"line":22,"column":5}},{"start":{},"end":{}}],"line":20},"3":{"loc":{"start":{"line":34,"column":2},"end":{"line":36,"column":3}},"type":"if","locations":[{"start":{"line":34,"column":2},"end":{"line":36,"column":3}},{"start":{},"end":{}}],"line":34},"4":{"loc":{"start":{"line":37,"column":2},"end":{"line":39,"column":3}},"type":"if","locations":[{"start":{"line":37,"column":2},"end":{"line":39,"column":3}},{"start":{},"end":{}}],"line":37},"5":{"loc":{"start":{"line":45,"column":2},"end":{"line":47,"column":3}},"type":"if","locations":[{"start":{"line":45,"column":2},"end":{"line":47,"column":3}},{"start":{},"end":{}}],"line":45},"6":{"loc":{"start":{"line":48,"column":2},"end":{"line":50,"column":3}},"type":"if","locations":[{"start":{"line":48,"column":2},"end":{"line":50,"column":3}},{"start":{},"end":{}}],"line":48},"7":{"loc":{"start":{"line":59,"column":4},"end":{"line":66,"column":5}},"type":"if","locations":[{"start":{"line":59,"column":4},"end":{"line":66,"column":5}},{"start":{},"end":{}}],"line":59},"8":{"loc":{"start":{"line":63,"column":6},"end":{"line":65,"column":7}},"type":"if","locations":[{"start":{"line":63,"column":6},"end":{"line":65,"column":7}},{"start":{},"end":{}}],"line":63},"9":{"loc":{"start":{"line":63,"column":10},"end":{"line":63,"column":31}},"type":"binary-expr","locations":[{"start":{"line":63,"column":10},"end":{"line":63,"column":14}},{"start":{"line":63,"column":18},"end":{"line":63,"column":31}}],"line":63}},"s":{"0":7,"1":7,"2":7,"3":137,"4":137,"5":137,"6":16,"7":121,"8":116,"9":116,"10":2,"11":114,"12":0,"13":114,"14":114,"15":5,"16":5,"17":7,"18":36,"19":1,"20":35,"21":7,"22":28,"23":7,"24":15,"25":1,"26":14,"27":1,"28":13,"29":7,"30":21,"31":21,"32":21,"33":6,"34":4,"35":4,"36":4,"37":19,"38":2,"39":7},"f":{"0":137,"1":36,"2":15,"3":21},"b":{"0":[16,121],"1":[2,114],"2":[0,114],"3":[1,35],"4":[7,28],"5":[1,14],"6":[1,13],"7":[6,15],"8":[4,0],"9":[4,4]},"_coverageSchema":"1a1c01bbd47fc00a2c39e90264f33305004495a9","hash":"21655603744a869661dce38d42ae29e0ca2ed439"}
,"/Users/anasabounouar/Documents/book-marketplace-flutter/backend/models/Book.js": {"path":"/Users/anasabounouar/Documents/book-marketplace-flutter/backend/models/Book.js","statementMap":{"0":{"start":{"line":1,"column":17},"end":{"line":1,"column":36}},"1":{"start":{"line":3,"column":19},"end":{"line":93,"column":2}},"2":{"start":{"line":96,"column":0},"end":{"line":96,"column":70}},"3":{"start":{"line":97,"column":0},"end":{"line":97,"column":43}},"4":{"start":{"line":98,"column":0},"end":{"line":98,"column":47}},"5":{"start":{"line":101,"column":0},"end":{"line":104,"column":3}},"6":{"start":{"line":103,"column":2},"end":{"line":103,"column":23}},"7":{"start":{"line":106,"column":0},"end":{"line":106,"column":52}}},"fnMap":{"0":{"name":"(anonymous_0)","decl":{"start":{"line":101,"column":44},"end":{"line":101,"column":45}},"loc":{"start":{"line":101,"column":55},"end":{"line":104,"column":1}},"line":101}},"branchMap":{},"s":{"0":8,"1":8,"2":8,"3":8,"4":8,"5":8,"6":0,"7":8},"f":{"0":0},"b":{},"_coverageSchema":"1a1c01bbd47fc00a2c39e90264f33305004495a9","hash":"9411475226af304583aa44a2d8e766b67fcb5d36"}
,"/Users/anasabounouar/Documents/book-marketplace-flutter/backend/models/GeoJSONExport.js": {"path":"/Users/anasabounouar/Documents/book-marketplace-flutter/backend/models/GeoJSONExport.js","statementMap":{"0":{"start":{"line":1,"column":17},"end":{"line":1,"column":36}},"1":{"start":{"line":3,"column":28},"end":{"line":31,"column":2}},"2":{"start":{"line":33,"column":0},"end":{"line":117,"column":2}},"3":{"start":{"line":34,"column":16},"end":{"line":34,"column":39}},"4":{"start":{"line":36,"column":14},"end":{"line":36,"column":16}},"5":{"start":{"line":39,"column":2},"end":{"line":45,"column":3}},"6":{"start":{"line":40,"column":4},"end":{"line":40,"column":25}},"7":{"start":{"line":41,"column":9},"end":{"line":45,"column":3}},"8":{"start":{"line":42,"column":4},"end":{"line":42,"column":25}},"9":{"start":{"line":43,"column":9},"end":{"line":45,"column":3}},"10":{"start":{"line":44,"column":4},"end":{"line":44,"column":56}},"11":{"start":{"line":48,"column":2},"end":{"line":48,"column":29}},"12":{"start":{"line":51,"column":2},"end":{"line":53,"column":3}},"13":{"start":{"line":52,"column":4},"end":{"line":52,"column":79}},"14":{"start":{"line":54,"column":2},"end":{"line":56,"column":3}},"15":{"start":{"line":55,"column":4},"end":{"line":55,"column":77}},"16":{"start":{"line":58,"column":17},"end":{"line":63,"column":11}},"17":{"start":{"line":65,"column":19},"end":{"line":90,"column":7}},"18":{"start":{"line":66,"column":17},"end":{"line":66,"column":107}},"19":{"start":{"line":67,"column":19},"end":{"line":90,"column":5}},"20":{"start":{"line":92,"column":22},"end":{"line":100,"column":3}},"21":{"start":{"line":102,"column":19},"end":{"line":102,"column":66}},"22":{"start":{"line":104,"column":23},"end":{"line":113,"column":4}},"23":{"start":{"line":115,"column":2},"end":{"line":115,"column":100}},"24":{"start":{"line":116,"column":2},"end":{"line":116,"column":22}},"25":{"start":{"line":119,"column":0},"end":{"line":119,"column":70}}},"fnMap":{"0":{"name":"(anonymous_0)","decl":{"start":{"line":33,"column":46},"end":{"line":33,"column":47}},"loc":{"start":{"line":33,"column":95},"end":{"line":117,"column":1}},"line":33},"1":{"name":"(anonymous_1)","decl":{"start":{"line":66,"column":12},"end":{"line":66,"column":13}},"loc":{"start":{"line":66,"column":17},"end":{"line":66,"column":107}},"line":66},"2":{"name":"(anonymous_2)","decl":{"start":{"line":67,"column":9},"end":{"line":67,"column":10}},"loc":{"start":{"line":67,"column":19},"end":{"line":90,"column":5}},"line":67}},"branchMap":{"0":{"loc":{"start":{"line":33,"column":81},"end":{"line":33,"column":93}},"type":"default-arg","locations":[{"start":{"line":33,"column":91},"end":{"line":33,"column":93}}],"line":33},"1":{"loc":{"start":{"line":39,"column":2},"end":{"line":45,"column":3}},"type":"if","locations":[{"start":{"line":39,"column":2},"end":{"line":45,"column":3}},{"start":{"line":41,"column":9},"end":{"line":45,"column":3}}],"line":39},"2":{"loc":{"start":{"line":41,"column":9},"end":{"line":45,"column":3}},"type":"if","locations":[{"start":{"line":41,"column":9},"end":{"line":45,"column":3}},{"start":{"line":43,"column":9},"end":{"line":45,"column":3}}],"line":41},"3":{"loc":{"start":{"line":43,"column":9},"end":{"line":45,"column":3}},"type":"if","locations":[{"start":{"line":43,"column":9},"end":{"line":45,"column":3}},{"start":{},"end":{}}],"line":43},"4":{"loc":{"start":{"line":51,"column":2},"end":{"line":53,"column":3}},"type":"if","locations":[{"start":{"line":51,"column":2},"end":{"line":53,"column":3}},{"start":{},"end":{}}],"line":51},"5":{"loc":{"start":{"line":54,"column":2},"end":{"line":56,"column":3}},"type":"if","locations":[{"start":{"line":54,"column":2},"end":{"line":56,"column":3}},{"start":{},"end":{}}],"line":54},"6":{"loc":{"start":{"line":66,"column":17},"end":{"line":66,"column":107}},"type":"binary-expr","locations":[{"start":{"line":66,"column":17},"end":{"line":66,"column":32}},{"start":{"line":66,"column":36},"end":{"line":66,"column":63}},{"start":{"line":66,"column":67},"end":{"line":66,"column":107}}],"line":66},"7":{"loc":{"start":{"line":75,"column":19},"end":{"line":75,"column":49}},"type":"binary-expr","locations":[{"start":{"line":75,"column":19},"end":{"line":75,"column":36}},{"start":{"line":75,"column":40},"end":{"line":75,"column":49}}],"line":75},"8":{"loc":{"start":{"line":76,"column":20},"end":{"line":76,"column":51}},"type":"binary-expr","locations":[{"start":{"line":76,"column":20},"end":{"line":76,"column":38}},{"start":{"line":76,"column":42},"end":{"line":76,"column":51}}],"line":76},"9":{"loc":{"start":{"line":77,"column":22},"end":{"line":77,"column":55}},"type":"binary-expr","locations":[{"start":{"line":77,"column":22},"end":{"line":77,"column":42}},{"start":{"line":77,"column":46},"end":{"line":77,"column":55}}],"line":77},"10":{"loc":{"start":{"line":81,"column":22},"end":{"line":81,"column":66}},"type":"binary-expr","locations":[{"start":{"line":81,"column":22},"end":{"line":81,"column":46}},{"start":{"line":81,"column":50},"end":{"line":81,"column":66}}],"line":81},"11":{"loc":{"start":{"line":82,"column":17},"end":{"line":82,"column":50}},"type":"binary-expr","locations":[{"start":{"line":82,"column":17},"end":{"line":82,"column":44}},{"start":{"line":82,"column":48},"end":{"line":82,"column":50}}],"line":82},"12":{"loc":{"start":{"line":83,"column":19},"end":{"line":83,"column":140}},"type":"cond-expr","locations":[{"start":{"line":83,"column":42},"end":{"line":83,"column":127}},{"start":{"line":83,"column":130},"end":{"line":83,"column":140}}],"line":83},"13":{"loc":{"start":{"line":83,"column":45},"end":{"line":83,"column":80}},"type":"binary-expr","locations":[{"start":{"line":83,"column":45},"end":{"line":83,"column":74}},{"start":{"line":83,"column":78},"end":{"line":83,"column":80}}],"line":83},"14":{"loc":{"start":{"line":83,"column":84},"end":{"line":83,"column":118}},"type":"binary-expr","locations":[{"start":{"line":83,"column":84},"end":{"line":83,"column":112}},{"start":{"line":83,"column":116},"end":{"line":83,"column":118}}],"line":83},"15":{"loc":{"start":{"line":84,"column":20},"end":{"line":84,"column":44}},"type":"binary-expr","locations":[{"start":{"line":84,"column":20},"end":{"line":84,"column":38}},{"start":{"line":84,"column":42},"end":{"line":84,"column":44}}],"line":84},"16":{"loc":{"start":{"line":85,"column":20},"end":{"line":85,"column":142}},"type":"cond-expr","locations":[{"start":{"line":85,"column":44},"end":{"line":85,"column":131}},{"start":{"line":85,"column":134},"end":{"line":85,"column":142}}],"line":85},"17":{"loc":{"start":{"line":85,"column":47},"end":{"line":85,"column":83}},"type":"binary-expr","locations":[{"start":{"line":85,"column":47},"end":{"line":85,"column":77}},{"start":{"line":85,"column":81},"end":{"line":85,"column":83}}],"line":85},"18":{"loc":{"start":{"line":85,"column":87},"end":{"line":85,"column":122}},"type":"binary-expr","locations":[{"start":{"line":85,"column":87},"end":{"line":85,"column":116}},{"start":{"line":85,"column":120},"end":{"line":85,"column":122}}],"line":85},"19":{"loc":{"start":{"line":86,"column":21},"end":{"line":86,"column":46}},"type":"binary-expr","locations":[{"start":{"line":86,"column":21},"end":{"line":86,"column":40}},{"start":{"line":86,"column":44},"end":{"line":86,"column":46}}],"line":86},"20":{"loc":{"start":{"line":88,"column":15},"end":{"line":88,"column":37}},"type":"binary-expr","locations":[{"start":{"line":88,"column":15},"end":{"line":88,"column":31}},{"start":{"line":88,"column":35},"end":{"line":88,"column":37}}],"line":88}},"s":{"0":2,"1":2,"2":2,"3":15,"4":15,"5":15,"6":13,"7":2,"8":1,"9":1,"10":1,"11":15,"12":15,"13":1,"14":15,"15":0,"16":15,"17":15,"18":28,"19":28,"20":15,"21":15,"22":15,"23":15,"24":15,"25":2},"f":{"0":15,"1":28,"2":28},"b":{"0":[6],"1":[13,2],"2":[1,1],"3":[1,0],"4":[1,14],"5":[0,15],"6":[28,28,28],"7":[28,0],"8":[28,0],"9":[28,0],"10":[28,0],"11":[28,0],"12":[28,0],"13":[28,0],"14":[28,0],"15":[28,0],"16":[28,0],"17":[28,0],"18":[28,0],"19":[28,0],"20":[28,28]},"_coverageSchema":"1a1c01bbd47fc00a2c39e90264f33305004495a9","hash":"6addbec1da198e2b707a7c7c3d837d82ff0a5e1f"}
,"/Users/anasabounouar/Documents/book-marketplace-flutter/backend/models/Order.js": {"path":"/Users/anasabounouar/Documents/book-marketplace-flutter/backend/models/Order.js","statementMap":{"0":{"start":{"line":1,"column":17},"end":{"line":1,"column":36}},"1":{"start":{"line":3,"column":20},"end":{"line":77,"column":2}},"2":{"start":{"line":79,"column":0},"end":{"line":79,"column":44}},"3":{"start":{"line":80,"column":0},"end":{"line":80,"column":43}},"4":{"start":{"line":81,"column":0},"end":{"line":81,"column":48}},"5":{"start":{"line":82,"column":0},"end":{"line":82,"column":49}},"6":{"start":{"line":84,"column":0},"end":{"line":102,"column":3}},"7":{"start":{"line":85,"column":2},"end":{"line":100,"column":3}},"8":{"start":{"line":86,"column":4},"end":{"line":99,"column":5}},"9":{"start":{"line":87,"column":19},"end":{"line":87,"column":41}},"10":{"start":{"line":88,"column":21},"end":{"line":88,"column":53}},"11":{"start":{"line":89,"column":6},"end":{"line":96,"column":7}},"12":{"start":{"line":90,"column":8},"end":{"line":95,"column":10}},"13":{"start":{"line":98,"column":6},"end":{"line":98,"column":64}},"14":{"start":{"line":101,"column":2},"end":{"line":101,"column":9}},"15":{"start":{"line":104,"column":0},"end":{"line":104,"column":54}}},"fnMap":{"0":{"name":"(anonymous_0)","decl":{"start":{"line":84,"column":24},"end":{"line":84,"column":25}},"loc":{"start":{"line":84,"column":45},"end":{"line":102,"column":1}},"line":84}},"branchMap":{"0":{"loc":{"start":{"line":85,"column":2},"end":{"line":100,"column":3}},"type":"if","locations":[{"start":{"line":85,"column":2},"end":{"line":100,"column":3}},{"start":{},"end":{}}],"line":85},"1":{"loc":{"start":{"line":85,"column":6},"end":{"line":85,"column":40}},"type":"binary-expr","locations":[{"start":{"line":85,"column":6},"end":{"line":85,"column":16}},{"start":{"line":85,"column":20},"end":{"line":85,"column":40}}],"line":85},"2":{"loc":{"start":{"line":89,"column":6},"end":{"line":96,"column":7}},"type":"if","locations":[{"start":{"line":89,"column":6},"end":{"line":96,"column":7}},{"start":{},"end":{}}],"line":89},"3":{"loc":{"start":{"line":89,"column":10},"end":{"line":89,"column":35}},"type":"binary-expr","locations":[{"start":{"line":89,"column":10},"end":{"line":89,"column":16}},{"start":{"line":89,"column":20},"end":{"line":89,"column":35}}],"line":89},"4":{"loc":{"start":{"line":92,"column":23},"end":{"line":92,"column":93}},"type":"binary-expr","locations":[{"start":{"line":92,"column":23},"end":{"line":92,"column":62}},{"start":{"line":92,"column":66},"end":{"line":92,"column":93}}],"line":92}},"s":{"0":6,"1":6,"2":6,"3":6,"4":6,"5":6,"6":6,"7":166,"8":0,"9":0,"10":0,"11":0,"12":0,"13":0,"14":166,"15":6},"f":{"0":166},"b":{"0":[0,166],"1":[166,139],"2":[0,0],"3":[0,0],"4":[0,0]},"_coverageSchema":"1a1c01bbd47fc00a2c39e90264f33305004495a9","hash":"b8bf35207d31de8fc7201bd3de237307e5cc53bc"}
,"/Users/anasabounouar/Documents/book-marketplace-flutter/backend/models/User.js": {"path":"/Users/anasabounouar/Documents/book-marketplace-flutter/backend/models/User.js","statementMap":{"0":{"start":{"line":1,"column":17},"end":{"line":1,"column":36}},"1":{"start":{"line":2,"column":15},"end":{"line":2,"column":34}},"2":{"start":{"line":4,"column":19},"end":{"line":77,"column":2}},"3":{"start":{"line":80,"column":0},"end":{"line":90,"column":3}},"4":{"start":{"line":81,"column":2},"end":{"line":81,"column":50}},"5":{"start":{"line":81,"column":36},"end":{"line":81,"column":50}},"6":{"start":{"line":83,"column":2},"end":{"line":89,"column":3}},"7":{"start":{"line":84,"column":17},"end":{"line":84,"column":41}},"8":{"start":{"line":85,"column":4},"end":{"line":85,"column":59}},"9":{"start":{"line":86,"column":4},"end":{"line":86,"column":11}},"10":{"start":{"line":88,"column":4},"end":{"line":88,"column":16}},"11":{"start":{"line":93,"column":0},"end":{"line":95,"column":2}},"12":{"start":{"line":94,"column":2},"end":{"line":94,"column":58}},"13":{"start":{"line":98,"column":0},"end":{"line":102,"column":2}},"14":{"start":{"line":99,"column":21},"end":{"line":99,"column":36}},"15":{"start":{"line":100,"column":2},"end":{"line":100,"column":29}},"16":{"start":{"line":101,"column":2},"end":{"line":101,"column":20}},"17":{"start":{"line":104,"column":0},"end":{"line":104,"column":52}}},"fnMap":{"0":{"name":"(anonymous_0)","decl":{"start":{"line":80,"column":23},"end":{"line":80,"column":24}},"loc":{"start":{"line":80,"column":44},"end":{"line":90,"column":1}},"line":80},"1":{"name":"(anonymous_1)","decl":{"start":{"line":93,"column":37},"end":{"line":93,"column":38}},"loc":{"start":{"line":93,"column":71},"end":{"line":95,"column":1}},"line":93},"2":{"name":"(anonymous_2)","decl":{"start":{"line":98,"column":28},"end":{"line":98,"column":29}},"loc":{"start":{"line":98,"column":39},"end":{"line":102,"column":1}},"line":98}},"branchMap":{"0":{"loc":{"start":{"line":81,"column":2},"end":{"line":81,"column":50}},"type":"if","locations":[{"start":{"line":81,"column":2},"end":{"line":81,"column":50}},{"start":{},"end":{}}],"line":81}},"s":{"0":11,"1":11,"2":11,"3":11,"4":454,"5":14,"6":440,"7":440,"8":440,"9":440,"10":0,"11":11,"12":7,"13":11,"14":51,"15":51,"16":51,"17":11},"f":{"0":454,"1":7,"2":51},"b":{"0":[14,440]},"_coverageSchema":"1a1c01bbd47fc00a2c39e90264f33305004495a9","hash":"0988cdc2e7987ad9783915407ebdaaf2c0e2e8b4"}
,"/Users/anasabounouar/Documents/book-marketplace-flutter/backend/routes/auth.js": {"path":"/Users/anasabounouar/Documents/book-marketplace-flutter/backend/routes/auth.js","statementMap":{"0":{"start":{"line":1,"column":16},"end":{"line":1,"column":34}},"1":{"start":{"line":2,"column":12},"end":{"line":2,"column":35}},"2":{"start":{"line":3,"column":13},"end":{"line":3,"column":38}},"3":{"start":{"line":4,"column":17},"end":{"line":4,"column":46}},"4":{"start":{"line":6,"column":15},"end":{"line":6,"column":31}},"5":{"start":{"line":9,"column":22},"end":{"line":11,"column":1}},"6":{"start":{"line":10,"column":2},"end":{"line":10,"column":75}},"7":{"start":{"line":16,"column":0},"end":{"line":102,"column":3}},"8":{"start":{"line":17,"column":2},"end":{"line":101,"column":3}},"9":{"start":{"line":25,"column":8},"end":{"line":25,"column":16}},"10":{"start":{"line":28,"column":4},"end":{"line":32,"column":5}},"11":{"start":{"line":29,"column":6},"end":{"line":31,"column":9}},"12":{"start":{"line":34,"column":4},"end":{"line":38,"column":5}},"13":{"start":{"line":35,"column":6},"end":{"line":37,"column":9}},"14":{"start":{"line":40,"column":4},"end":{"line":44,"column":5}},"15":{"start":{"line":41,"column":6},"end":{"line":43,"column":9}},"16":{"start":{"line":47,"column":25},"end":{"line":47,"column":75}},"17":{"start":{"line":48,"column":4},"end":{"line":52,"column":5}},"18":{"start":{"line":49,"column":6},"end":{"line":51,"column":9}},"19":{"start":{"line":55,"column":4},"end":{"line":59,"column":5}},"20":{"start":{"line":56,"column":6},"end":{"line":58,"column":9}},"21":{"start":{"line":61,"column":4},"end":{"line":65,"column":5}},"22":{"start":{"line":62,"column":6},"end":{"line":64,"column":9}},"23":{"start":{"line":68,"column":17},"end":{"line":75,"column":6}},"24":{"start":{"line":77,"column":4},"end":{"line":77,"column":22}},"25":{"start":{"line":80,"column":18},"end":{"line":80,"column":41}},"26":{"start":{"line":82,"column":4},"end":{"line":93,"column":7}},"27":{"start":{"line":96,"column":4},"end":{"line":96,"column":48}},"28":{"start":{"line":97,"column":4},"end":{"line":100,"column":7}},"29":{"start":{"line":107,"column":0},"end":{"line":169,"column":3}},"30":{"start":{"line":108,"column":2},"end":{"line":168,"column":3}},"31":{"start":{"line":109,"column":32},"end":{"line":109,"column":40}},"32":{"start":{"line":112,"column":4},"end":{"line":116,"column":5}},"33":{"start":{"line":113,"column":6},"end":{"line":115,"column":9}},"34":{"start":{"line":119,"column":17},"end":{"line":119,"column":67}},"35":{"start":{"line":120,"column":4},"end":{"line":124,"column":5}},"36":{"start":{"line":121,"column":6},"end":{"line":123,"column":9}},"37":{"start":{"line":127,"column":4},"end":{"line":131,"column":5}},"38":{"start":{"line":128,"column":6},"end":{"line":130,"column":9}},"39":{"start":{"line":134,"column":20},"end":{"line":134,"column":56}},"40":{"start":{"line":135,"column":4},"end":{"line":139,"column":5}},"41":{"start":{"line":136,"column":6},"end":{"line":138,"column":9}},"42":{"start":{"line":142,"column":4},"end":{"line":142,"column":32}},"43":{"start":{"line":143,"column":4},"end":{"line":143,"column":22}},"44":{"start":{"line":146,"column":18},"end":{"line":146,"column":41}},"45":{"start":{"line":148,"column":4},"end":{"line":160,"column":7}},"46":{"start":{"line":163,"column":4},"end":{"line":163,"column":41}},"47":{"start":{"line":164,"column":4},"end":{"line":167,"column":7}},"48":{"start":{"line":174,"column":0},"end":{"line":195,"column":3}},"49":{"start":{"line":175,"column":2},"end":{"line":194,"column":3}},"50":{"start":{"line":176,"column":4},"end":{"line":187,"column":7}},"51":{"start":{"line":189,"column":4},"end":{"line":189,"column":47}},"52":{"start":{"line":190,"column":4},"end":{"line":193,"column":7}},"53":{"start":{"line":200,"column":0},"end":{"line":248,"column":3}},"54":{"start":{"line":201,"column":2},"end":{"line":247,"column":3}},"55":{"start":{"line":202,"column":41},"end":{"line":202,"column":49}},"56":{"start":{"line":203,"column":17},"end":{"line":203,"column":25}},"57":{"start":{"line":206,"column":4},"end":{"line":220,"column":5}},"58":{"start":{"line":207,"column":6},"end":{"line":219,"column":7}},"59":{"start":{"line":208,"column":40},"end":{"line":208,"column":60}},"60":{"start":{"line":209,"column":8},"end":{"line":213,"column":9}},"61":{"start":{"line":210,"column":10},"end":{"line":212,"column":13}},"62":{"start":{"line":214,"column":8},"end":{"line":218,"column":9}},"63":{"start":{"line":215,"column":10},"end":{"line":217,"column":13}},"64":{"start":{"line":223,"column":4},"end":{"line":223,"column":34}},"65":{"start":{"line":223,"column":15},"end":{"line":223,"column":34}},"66":{"start":{"line":224,"column":4},"end":{"line":224,"column":43}},"67":{"start":{"line":224,"column":18},"end":{"line":224,"column":43}},"68":{"start":{"line":225,"column":4},"end":{"line":225,"column":64}},"69":{"start":{"line":225,"column":17},"end":{"line":225,"column":64}},"70":{"start":{"line":227,"column":4},"end":{"line":227,"column":22}},"71":{"start":{"line":229,"column":4},"end":{"line":239,"column":7}},"72":{"start":{"line":242,"column":4},"end":{"line":242,"column":50}},"73":{"start":{"line":243,"column":4},"end":{"line":246,"column":7}},"74":{"start":{"line":253,"column":0},"end":{"line":278,"column":3}},"75":{"start":{"line":254,"column":2},"end":{"line":277,"column":3}},"76":{"start":{"line":256,"column":18},"end":{"line":256,"column":45}},"77":{"start":{"line":258,"column":4},"end":{"line":269,"column":7}},"78":{"start":{"line":272,"column":4},"end":{"line":272,"column":49}},"79":{"start":{"line":273,"column":4},"end":{"line":276,"column":7}},"80":{"start":{"line":283,"column":0},"end":{"line":289,"column":3}},"81":{"start":{"line":286,"column":2},"end":{"line":288,"column":5}},"82":{"start":{"line":291,"column":0},"end":{"line":291,"column":24}}},"fnMap":{"0":{"name":"(anonymous_0)","decl":{"start":{"line":9,"column":22},"end":{"line":9,"column":23}},"loc":{"start":{"line":9,"column":34},"end":{"line":11,"column":1}},"line":9},"1":{"name":"(anonymous_1)","decl":{"start":{"line":16,"column":25},"end":{"line":16,"column":26}},"loc":{"start":{"line":16,"column":45},"end":{"line":102,"column":1}},"line":16},"2":{"name":"(anonymous_2)","decl":{"start":{"line":107,"column":22},"end":{"line":107,"column":23}},"loc":{"start":{"line":107,"column":42},"end":{"line":169,"column":1}},"line":107},"3":{"name":"(anonymous_3)","decl":{"start":{"line":174,"column":24},"end":{"line":174,"column":25}},"loc":{"start":{"line":174,"column":44},"end":{"line":195,"column":1}},"line":174},"4":{"name":"(anonymous_4)","decl":{"start":{"line":200,"column":29},"end":{"line":200,"column":30}},"loc":{"start":{"line":200,"column":49},"end":{"line":248,"column":1}},"line":200},"5":{"name":"(anonymous_5)","decl":{"start":{"line":253,"column":30},"end":{"line":253,"column":31}},"loc":{"start":{"line":253,"column":50},"end":{"line":278,"column":1}},"line":253},"6":{"name":"(anonymous_6)","decl":{"start":{"line":283,"column":23},"end":{"line":283,"column":24}},"loc":{"start":{"line":283,"column":37},"end":{"line":289,"column":1}},"line":283}},"branchMap":{"0":{"loc":{"start":{"line":28,"column":4},"end":{"line":32,"column":5}},"type":"if","locations":[{"start":{"line":28,"column":4},"end":{"line":32,"column":5}},{"start":{},"end":{}}],"line":28},"1":{"loc":{"start":{"line":28,"column":8},"end":{"line":28,"column":63}},"type":"binary-expr","locations":[{"start":{"line":28,"column":8},"end":{"line":28,"column":14}},{"start":{"line":28,"column":18},"end":{"line":28,"column":27}},{"start":{"line":28,"column":31},"end":{"line":28,"column":40}},{"start":{"line":28,"column":44},"end":{"line":28,"column":50}},{"start":{"line":28,"column":54},"end":{"line":28,"column":63}}],"line":28},"2":{"loc":{"start":{"line":34,"column":4},"end":{"line":38,"column":5}},"type":"if","locations":[{"start":{"line":34,"column":4},"end":{"line":38,"column":5}},{"start":{},"end":{}}],"line":34},"3":{"loc":{"start":{"line":40,"column":4},"end":{"line":44,"column":5}},"type":"if","locations":[{"start":{"line":40,"column":4},"end":{"line":44,"column":5}},{"start":{},"end":{}}],"line":40},"4":{"loc":{"start":{"line":48,"column":4},"end":{"line":52,"column":5}},"type":"if","locations":[{"start":{"line":48,"column":4},"end":{"line":52,"column":5}},{"start":{},"end":{}}],"line":48},"5":{"loc":{"start":{"line":55,"column":4},"end":{"line":59,"column":5}},"type":"if","locations":[{"start":{"line":55,"column":4},"end":{"line":59,"column":5}},{"start":{},"end":{}}],"line":55},"6":{"loc":{"start":{"line":55,"column":8},"end":{"line":55,"column":68}},"type":"binary-expr","locations":[{"start":{"line":55,"column":8},"end":{"line":55,"column":22}},{"start":{"line":55,"column":26},"end":{"line":55,"column":47}},{"start":{"line":55,"column":51},"end":{"line":55,"column":68}}],"line":55},"7":{"loc":{"start":{"line":61,"column":4},"end":{"line":65,"column":5}},"type":"if","locations":[{"start":{"line":61,"column":4},"end":{"line":65,"column":5}},{"start":{},"end":{}}],"line":61},"8":{"loc":{"start":{"line":61,"column":8},"end":{"line":61,"column":73}},"type":"binary-expr","locations":[{"start":{"line":61,"column":8},"end":{"line":61,"column":38}},{"start":{"line":61,"column":42},"end":{"line":61,"column":73}}],"line":61},"9":{"loc":{"start":{"line":74,"column":15},"end":{"line":74,"column":28}},"type":"binary-expr","locations":[{"start":{"line":74,"column":15},"end":{"line":74,"column":22}},{"start":{"line":74,"column":26},"end":{"line":74,"column":28}}],"line":74},"10":{"loc":{"start":{"line":99,"column":13},"end":{"line":99,"column":79}},"type":"cond-expr","locations":[{"start":{"line":99,"column":54},"end":{"line":99,"column":67}},{"start":{"line":99,"column":70},"end":{"line":99,"column":79}}],"line":99},"11":{"loc":{"start":{"line":112,"column":4},"end":{"line":116,"column":5}},"type":"if","locations":[{"start":{"line":112,"column":4},"end":{"line":116,"column":5}},{"start":{},"end":{}}],"line":112},"12":{"loc":{"start":{"line":112,"column":8},"end":{"line":112,"column":27}},"type":"binary-expr","locations":[{"start":{"line":112,"column":8},"end":{"line":112,"column":14}},{"start":{"line":112,"column":18},"end":{"line":112,"column":27}}],"line":112},"13":{"loc":{"start":{"line":120,"column":4},"end":{"line":124,"column":5}},"type":"if","locations":[{"start":{"line":120,"column":4},"end":{"line":124,"column":5}},{"start":{},"end":{}}],"line":120},"14":{"loc":{"start":{"line":127,"column":4},"end":{"line":131,"column":5}},"type":"if","locations":[{"start":{"line":127,"column":4},"end":{"line":131,"column":5}},{"start":{},"end":{}}],"line":127},"15":{"loc":{"start":{"line":135,"column":4},"end":{"line":139,"column":5}},"type":"if","locations":[{"start":{"line":135,"column":4},"end":{"line":139,"column":5}},{"start":{},"end":{}}],"line":135},"16":{"loc":{"start":{"line":166,"column":13},"end":{"line":166,"column":79}},"type":"cond-expr","locations":[{"start":{"line":166,"column":54},"end":{"line":166,"column":67}},{"start":{"line":166,"column":70},"end":{"line":166,"column":79}}],"line":166},"17":{"loc":{"start":{"line":192,"column":13},"end":{"line":192,"column":79}},"type":"cond-expr","locations":[{"start":{"line":192,"column":54},"end":{"line":192,"column":67}},{"start":{"line":192,"column":70},"end":{"line":192,"column":79}}],"line":192},"18":{"loc":{"start":{"line":206,"column":4},"end":{"line":220,"column":5}},"type":"if","locations":[{"start":{"line":206,"column":4},"end":{"line":220,"column":5}},{"start":{},"end":{}}],"line":206},"19":{"loc":{"start":{"line":207,"column":6},"end":{"line":219,"column":7}},"type":"if","locations":[{"start":{"line":207,"column":6},"end":{"line":219,"column":7}},{"start":{},"end":{}}],"line":207},"20":{"loc":{"start":{"line":209,"column":8},"end":{"line":213,"column":9}},"type":"if","locations":[{"start":{"line":209,"column":8},"end":{"line":213,"column":9}},{"start":{},"end":{}}],"line":209},"21":{"loc":{"start":{"line":209,"column":12},"end":{"line":209,"column":71}},"type":"binary-expr","locations":[{"start":{"line":209,"column":12},"end":{"line":209,"column":34}},{"start":{"line":209,"column":39},"end":{"line":209,"column":53}},{"start":{"line":209,"column":57},"end":{"line":209,"column":70}}],"line":209},"22":{"loc":{"start":{"line":214,"column":8},"end":{"line":218,"column":9}},"type":"if","locations":[{"start":{"line":214,"column":8},"end":{"line":218,"column":9}},{"start":{},"end":{}}],"line":214},"23":{"loc":{"start":{"line":214,"column":12},"end":{"line":214,"column":76}},"type":"binary-expr","locations":[{"start":{"line":214,"column":12},"end":{"line":214,"column":35}},{"start":{"line":214,"column":40},"end":{"line":214,"column":56}},{"start":{"line":214,"column":60},"end":{"line":214,"column":75}}],"line":214},"24":{"loc":{"start":{"line":223,"column":4},"end":{"line":223,"column":34}},"type":"if","locations":[{"start":{"line":223,"column":4},"end":{"line":223,"column":34}},{"start":{},"end":{}}],"line":223},"25":{"loc":{"start":{"line":224,"column":4},"end":{"line":224,"column":43}},"type":"if","locations":[{"start":{"line":224,"column":4},"end":{"line":224,"column":43}},{"start":{},"end":{}}],"line":224},"26":{"loc":{"start":{"line":225,"column":4},"end":{"line":225,"column":64}},"type":"if","locations":[{"start":{"line":225,"column":4},"end":{"line":225,"column":64}},{"start":{},"end":{}}],"line":225},"27":{"loc":{"start":{"line":245,"column":13},"end":{"line":245,"column":79}},"type":"cond-expr","locations":[{"start":{"line":245,"column":54},"end":{"line":245,"column":67}},{"start":{"line":245,"column":70},"end":{"line":245,"column":79}}],"line":245},"28":{"loc":{"start":{"line":275,"column":13},"end":{"line":275,"column":79}},"type":"cond-expr","locations":[{"start":{"line":275,"column":54},"end":{"line":275,"column":67}},{"start":{"line":275,"column":70},"end":{"line":275,"column":79}}],"line":275}},"s":{"0":2,"1":2,"2":2,"3":2,"4":2,"5":2,"6":11,"7":2,"8":11,"9":11,"10":11,"11":4,"12":7,"13":0,"14":7,"15":0,"16":7,"17":7,"18":1,"19":6,"20":0,"21":6,"22":0,"23":6,"24":6,"25":6,"26":6,"27":0,"28":0,"29":2,"30":7,"31":7,"32":7,"33":1,"34":6,"35":6,"36":1,"37":5,"38":0,"39":5,"40":5,"41":1,"42":4,"43":4,"44":4,"45":4,"46":0,"47":0,"48":2,"49":2,"50":2,"51":0,"52":0,"53":2,"54":5,"55":5,"56":5,"57":5,"58":2,"59":2,"60":2,"61":1,"62":1,"63":0,"64":4,"65":1,"66":4,"67":1,"68":4,"69":1,"70":4,"71":4,"72":0,"73":0,"74":2,"75":1,"76":1,"77":1,"78":0,"79":0,"80":2,"81":3,"82":2},"f":{"0":11,"1":11,"2":7,"3":2,"4":5,"5":1,"6":3},"b":{"0":[4,7],"1":[11,11,10,10,7],"2":[0,7],"3":[0,7],"4":[1,6],"5":[0,6],"6":[6,6,6],"7":[0,6],"8":[6,6],"9":[6,1],"10":[0,0],"11":[1,6],"12":[7,7],"13":[1,5],"14":[0,5],"15":[1,4],"16":[0,0],"17":[0,0],"18":[2,3],"19":[2,0],"20":[1,1],"21":[2,2,2],"22":[0,1],"23":[1,1,1],"24":[1,3],"25":[1,3],"26":[1,3],"27":[0,0],"28":[0,0]},"_coverageSchema":"1a1c01bbd47fc00a2c39e90264f33305004495a9","hash":"6d630dc44e07923141761f08b8b2066b3eb25c18"}
,"/Users/anasabounouar/Documents/book-marketplace-flutter/backend/routes/books.js": {"path":"/Users/anasabounouar/Documents/book-marketplace-flutter/backend/routes/books.js","statementMap":{"0":{"start":{"line":1,"column":16},"end":{"line":1,"column":34}},"1":{"start":{"line":2,"column":13},"end":{"line":2,"column":38}},"2":{"start":{"line":3,"column":46},"end":{"line":3,"column":75}},"3":{"start":{"line":5,"column":15},"end":{"line":5,"column":31}},"4":{"start":{"line":10,"column":0},"end":{"line":81,"column":3}},"5":{"start":{"line":11,"column":2},"end":{"line":80,"column":3}},"6":{"start":{"line":23,"column":8},"end":{"line":23,"column":17}},"7":{"start":{"line":26,"column":16},"end":{"line":26,"column":39}},"8":{"start":{"line":29,"column":4},"end":{"line":31,"column":5}},"9":{"start":{"line":30,"column":6},"end":{"line":30,"column":40}},"10":{"start":{"line":34,"column":4},"end":{"line":34,"column":61}},"11":{"start":{"line":34,"column":18},"end":{"line":34,"column":61}},"12":{"start":{"line":35,"column":4},"end":{"line":35,"column":41}},"13":{"start":{"line":35,"column":17},"end":{"line":35,"column":41}},"14":{"start":{"line":36,"column":4},"end":{"line":36,"column":55}},"15":{"start":{"line":36,"column":16},"end":{"line":36,"column":55}},"16":{"start":{"line":39,"column":4},"end":{"line":43,"column":5}},"17":{"start":{"line":40,"column":6},"end":{"line":40,"column":23}},"18":{"start":{"line":41,"column":6},"end":{"line":41,"column":60}},"19":{"start":{"line":41,"column":20},"end":{"line":41,"column":60}},"20":{"start":{"line":42,"column":6},"end":{"line":42,"column":60}},"21":{"start":{"line":42,"column":20},"end":{"line":42,"column":60}},"22":{"start":{"line":46,"column":17},"end":{"line":46,"column":55}},"23":{"start":{"line":49,"column":24},"end":{"line":49,"column":26}},"24":{"start":{"line":50,"column":4},"end":{"line":50,"column":56}},"25":{"start":{"line":53,"column":18},"end":{"line":57,"column":29}},"26":{"start":{"line":60,"column":18},"end":{"line":60,"column":50}},"27":{"start":{"line":62,"column":4},"end":{"line":72,"column":7}},"28":{"start":{"line":75,"column":4},"end":{"line":75,"column":45}},"29":{"start":{"line":76,"column":4},"end":{"line":79,"column":7}},"30":{"start":{"line":86,"column":0},"end":{"line":113,"column":3}},"31":{"start":{"line":87,"column":2},"end":{"line":112,"column":3}},"32":{"start":{"line":88,"column":17},"end":{"line":89,"column":57}},"33":{"start":{"line":91,"column":4},"end":{"line":93,"column":5}},"34":{"start":{"line":92,"column":6},"end":{"line":92,"column":65}},"35":{"start":{"line":96,"column":4},"end":{"line":99,"column":5}},"36":{"start":{"line":97,"column":6},"end":{"line":97,"column":22}},"37":{"start":{"line":98,"column":6},"end":{"line":98,"column":24}},"38":{"start":{"line":101,"column":4},"end":{"line":101,"column":23}},"39":{"start":{"line":104,"column":4},"end":{"line":104,"column":44}},"40":{"start":{"line":105,"column":4},"end":{"line":107,"column":5}},"41":{"start":{"line":106,"column":6},"end":{"line":106,"column":65}},"42":{"start":{"line":108,"column":4},"end":{"line":111,"column":7}},"43":{"start":{"line":118,"column":0},"end":{"line":186,"column":3}},"44":{"start":{"line":119,"column":2},"end":{"line":185,"column":3}},"45":{"start":{"line":130,"column":8},"end":{"line":130,"column":16}},"46":{"start":{"line":133,"column":4},"end":{"line":137,"column":5}},"47":{"start":{"line":134,"column":6},"end":{"line":136,"column":9}},"48":{"start":{"line":139,"column":4},"end":{"line":143,"column":5}},"49":{"start":{"line":140,"column":6},"end":{"line":142,"column":9}},"50":{"start":{"line":145,"column":4},"end":{"line":149,"column":5}},"51":{"start":{"line":146,"column":6},"end":{"line":148,"column":9}},"52":{"start":{"line":151,"column":4},"end":{"line":155,"column":5}},"53":{"start":{"line":152,"column":6},"end":{"line":154,"column":9}},"54":{"start":{"line":158,"column":17},"end":{"line":169,"column":6}},"55":{"start":{"line":171,"column":4},"end":{"line":171,"column":22}},"56":{"start":{"line":172,"column":4},"end":{"line":172,"column":66}},"57":{"start":{"line":174,"column":4},"end":{"line":177,"column":7}},"58":{"start":{"line":180,"column":4},"end":{"line":180,"column":47}},"59":{"start":{"line":181,"column":4},"end":{"line":184,"column":7}},"60":{"start":{"line":191,"column":0},"end":{"line":272,"column":3}},"61":{"start":{"line":192,"column":2},"end":{"line":271,"column":3}},"62":{"start":{"line":193,"column":17},"end":{"line":193,"column":51}},"63":{"start":{"line":195,"column":4},"end":{"line":197,"column":5}},"64":{"start":{"line":196,"column":6},"end":{"line":196,"column":65}},"65":{"start":{"line":200,"column":4},"end":{"line":202,"column":5}},"66":{"start":{"line":201,"column":6},"end":{"line":201,"column":85}},"67":{"start":{"line":215,"column":8},"end":{"line":215,"column":16}},"68":{"start":{"line":218,"column":4},"end":{"line":222,"column":5}},"69":{"start":{"line":219,"column":6},"end":{"line":221,"column":9}},"70":{"start":{"line":224,"column":4},"end":{"line":228,"column":5}},"71":{"start":{"line":225,"column":6},"end":{"line":227,"column":9}},"72":{"start":{"line":230,"column":4},"end":{"line":234,"column":5}},"73":{"start":{"line":231,"column":6},"end":{"line":233,"column":9}},"74":{"start":{"line":236,"column":4},"end":{"line":240,"column":5}},"75":{"start":{"line":237,"column":6},"end":{"line":239,"column":9}},"76":{"start":{"line":243,"column":4},"end":{"line":243,"column":34}},"77":{"start":{"line":243,"column":15},"end":{"line":243,"column":34}},"78":{"start":{"line":244,"column":4},"end":{"line":244,"column":37}},"79":{"start":{"line":244,"column":16},"end":{"line":244,"column":37}},"80":{"start":{"line":245,"column":4},"end":{"line":245,"column":40}},"81":{"start":{"line":245,"column":17},"end":{"line":245,"column":40}},"82":{"start":{"line":246,"column":4},"end":{"line":246,"column":67}},"83":{"start":{"line":246,"column":32},"end":{"line":246,"column":67}},"84":{"start":{"line":247,"column":4},"end":{"line":247,"column":60}},"85":{"start":{"line":247,"column":29},"end":{"line":247,"column":60}},"86":{"start":{"line":248,"column":4},"end":{"line":248,"column":66}},"87":{"start":{"line":248,"column":35},"end":{"line":248,"column":66}},"88":{"start":{"line":249,"column":4},"end":{"line":249,"column":43}},"89":{"start":{"line":249,"column":18},"end":{"line":249,"column":43}},"90":{"start":{"line":250,"column":4},"end":{"line":250,"column":31}},"91":{"start":{"line":250,"column":14},"end":{"line":250,"column":31}},"92":{"start":{"line":251,"column":4},"end":{"line":251,"column":46}},"93":{"start":{"line":251,"column":19},"end":{"line":251,"column":46}},"94":{"start":{"line":252,"column":4},"end":{"line":252,"column":37}},"95":{"start":{"line":252,"column":16},"end":{"line":252,"column":37}},"96":{"start":{"line":254,"column":4},"end":{"line":254,"column":22}},"97":{"start":{"line":255,"column":4},"end":{"line":255,"column":66}},"98":{"start":{"line":257,"column":4},"end":{"line":260,"column":7}},"99":{"start":{"line":263,"column":4},"end":{"line":263,"column":47}},"100":{"start":{"line":264,"column":4},"end":{"line":266,"column":5}},"101":{"start":{"line":265,"column":6},"end":{"line":265,"column":65}},"102":{"start":{"line":267,"column":4},"end":{"line":270,"column":7}},"103":{"start":{"line":277,"column":0},"end":{"line":304,"column":3}},"104":{"start":{"line":278,"column":2},"end":{"line":303,"column":3}},"105":{"start":{"line":279,"column":17},"end":{"line":279,"column":51}},"106":{"start":{"line":281,"column":4},"end":{"line":283,"column":5}},"107":{"start":{"line":282,"column":6},"end":{"line":282,"column":65}},"108":{"start":{"line":286,"column":4},"end":{"line":288,"column":5}},"109":{"start":{"line":287,"column":6},"end":{"line":287,"column":85}},"110":{"start":{"line":290,"column":4},"end":{"line":290,"column":48}},"111":{"start":{"line":292,"column":4},"end":{"line":292,"column":63}},"112":{"start":{"line":295,"column":4},"end":{"line":295,"column":47}},"113":{"start":{"line":296,"column":4},"end":{"line":298,"column":5}},"114":{"start":{"line":297,"column":6},"end":{"line":297,"column":65}},"115":{"start":{"line":299,"column":4},"end":{"line":302,"column":7}},"116":{"start":{"line":309,"column":0},"end":{"line":345,"column":3}},"117":{"start":{"line":310,"column":2},"end":{"line":344,"column":3}},"118":{"start":{"line":311,"column":45},"end":{"line":311,"column":54}},"119":{"start":{"line":313,"column":16},"end":{"line":313,"column":40}},"120":{"start":{"line":314,"column":4},"end":{"line":314,"column":38}},"121":{"start":{"line":314,"column":16},"end":{"line":314,"column":38}},"122":{"start":{"line":316,"column":17},"end":{"line":316,"column":55}},"123":{"start":{"line":318,"column":18},"end":{"line":322,"column":29}},"124":{"start":{"line":324,"column":18},"end":{"line":324,"column":50}},"125":{"start":{"line":326,"column":4},"end":{"line":336,"column":7}},"126":{"start":{"line":339,"column":4},"end":{"line":339,"column":51}},"127":{"start":{"line":340,"column":4},"end":{"line":343,"column":7}},"128":{"start":{"line":347,"column":0},"end":{"line":347,"column":24}}},"fnMap":{"0":{"name":"(anonymous_0)","decl":{"start":{"line":10,"column":30},"end":{"line":10,"column":31}},"loc":{"start":{"line":10,"column":50},"end":{"line":81,"column":1}},"line":10},"1":{"name":"(anonymous_1)","decl":{"start":{"line":86,"column":33},"end":{"line":86,"column":34}},"loc":{"start":{"line":86,"column":53},"end":{"line":113,"column":1}},"line":86},"2":{"name":"(anonymous_2)","decl":{"start":{"line":118,"column":38},"end":{"line":118,"column":39}},"loc":{"start":{"line":118,"column":58},"end":{"line":186,"column":1}},"line":118},"3":{"name":"(anonymous_3)","decl":{"start":{"line":191,"column":40},"end":{"line":191,"column":41}},"loc":{"start":{"line":191,"column":60},"end":{"line":272,"column":1}},"line":191},"4":{"name":"(anonymous_4)","decl":{"start":{"line":277,"column":43},"end":{"line":277,"column":44}},"loc":{"start":{"line":277,"column":63},"end":{"line":304,"column":1}},"line":277},"5":{"name":"(anonymous_5)","decl":{"start":{"line":309,"column":48},"end":{"line":309,"column":49}},"loc":{"start":{"line":309,"column":68},"end":{"line":345,"column":1}},"line":309}},"branchMap":{"0":{"loc":{"start":{"line":19,"column":6},"end":{"line":19,"column":14}},"type":"default-arg","locations":[{"start":{"line":19,"column":13},"end":{"line":19,"column":14}}],"line":19},"1":{"loc":{"start":{"line":20,"column":6},"end":{"line":20,"column":16}},"type":"default-arg","locations":[{"start":{"line":20,"column":14},"end":{"line":20,"column":16}}],"line":20},"2":{"loc":{"start":{"line":21,"column":6},"end":{"line":21,"column":26}},"type":"default-arg","locations":[{"start":{"line":21,"column":15},"end":{"line":21,"column":26}}],"line":21},"3":{"loc":{"start":{"line":22,"column":6},"end":{"line":22,"column":24}},"type":"default-arg","locations":[{"start":{"line":22,"column":18},"end":{"line":22,"column":24}}],"line":22},"4":{"loc":{"start":{"line":29,"column":4},"end":{"line":31,"column":5}},"type":"if","locations":[{"start":{"line":29,"column":4},"end":{"line":31,"column":5}},{"start":{},"end":{}}],"line":29},"5":{"loc":{"start":{"line":34,"column":4},"end":{"line":34,"column":61}},"type":"if","locations":[{"start":{"line":34,"column":4},"end":{"line":34,"column":61}},{"start":{},"end":{}}],"line":34},"6":{"loc":{"start":{"line":35,"column":4},"end":{"line":35,"column":41}},"type":"if","locations":[{"start":{"line":35,"column":4},"end":{"line":35,"column":41}},{"start":{},"end":{}}],"line":35},"7":{"loc":{"start":{"line":36,"column":4},"end":{"line":36,"column":55}},"type":"if","locations":[{"start":{"line":36,"column":4},"end":{"line":36,"column":55}},{"start":{},"end":{}}],"line":36},"8":{"loc":{"start":{"line":39,"column":4},"end":{"line":43,"column":5}},"type":"if","locations":[{"start":{"line":39,"column":4},"end":{"line":43,"column":5}},{"start":{},"end":{}}],"line":39},"9":{"loc":{"start":{"line":39,"column":8},"end":{"line":39,"column":28}},"type":"binary-expr","locations":[{"start":{"line":39,"column":8},"end":{"line":39,"column":16}},{"start":{"line":39,"column":20},"end":{"line":39,"column":28}}],"line":39},"10":{"loc":{"start":{"line":41,"column":6},"end":{"line":41,"column":60}},"type":"if","locations":[{"start":{"line":41,"column":6},"end":{"line":41,"column":60}},{"start":{},"end":{}}],"line":41},"11":{"loc":{"start":{"line":42,"column":6},"end":{"line":42,"column":60}},"type":"if","locations":[{"start":{"line":42,"column":6},"end":{"line":42,"column":60}},{"start":{},"end":{}}],"line":42},"12":{"loc":{"start":{"line":50,"column":26},"end":{"line":50,"column":55}},"type":"cond-expr","locations":[{"start":{"line":50,"column":49},"end":{"line":50,"column":51}},{"start":{"line":50,"column":54},"end":{"line":50,"column":55}}],"line":50},"13":{"loc":{"start":{"line":78,"column":13},"end":{"line":78,"column":79}},"type":"cond-expr","locations":[{"start":{"line":78,"column":54},"end":{"line":78,"column":67}},{"start":{"line":78,"column":70},"end":{"line":78,"column":79}}],"line":78},"14":{"loc":{"start":{"line":91,"column":4},"end":{"line":93,"column":5}},"type":"if","locations":[{"start":{"line":91,"column":4},"end":{"line":93,"column":5}},{"start":{},"end":{}}],"line":91},"15":{"loc":{"start":{"line":96,"column":4},"end":{"line":99,"column":5}},"type":"if","locations":[{"start":{"line":96,"column":4},"end":{"line":99,"column":5}},{"start":{},"end":{}}],"line":96},"16":{"loc":{"start":{"line":96,"column":8},"end":{"line":96,"column":75}},"type":"binary-expr","locations":[{"start":{"line":96,"column":8},"end":{"line":96,"column":17}},{"start":{"line":96,"column":21},"end":{"line":96,"column":75}}],"line":96},"17":{"loc":{"start":{"line":105,"column":4},"end":{"line":107,"column":5}},"type":"if","locations":[{"start":{"line":105,"column":4},"end":{"line":107,"column":5}},{"start":{},"end":{}}],"line":105},"18":{"loc":{"start":{"line":110,"column":13},"end":{"line":110,"column":79}},"type":"cond-expr","locations":[{"start":{"line":110,"column":54},"end":{"line":110,"column":67}},{"start":{"line":110,"column":70},"end":{"line":110,"column":79}}],"line":110},"19":{"loc":{"start":{"line":133,"column":4},"end":{"line":137,"column":5}},"type":"if","locations":[{"start":{"line":133,"column":4},"end":{"line":137,"column":5}},{"start":{},"end":{}}],"line":133},"20":{"loc":{"start":{"line":133,"column":8},"end":{"line":133,"column":60}},"type":"binary-expr","locations":[{"start":{"line":133,"column":8},"end":{"line":133,"column":14}},{"start":{"line":133,"column":18},"end":{"line":133,"column":25}},{"start":{"line":133,"column":29},"end":{"line":133,"column":37}},{"start":{"line":133,"column":41},"end":{"line":133,"column":50}},{"start":{"line":133,"column":54},"end":{"line":133,"column":60}}],"line":133},"21":{"loc":{"start":{"line":139,"column":4},"end":{"line":143,"column":5}},"type":"if","locations":[{"start":{"line":139,"column":4},"end":{"line":143,"column":5}},{"start":{},"end":{}}],"line":139},"22":{"loc":{"start":{"line":145,"column":4},"end":{"line":149,"column":5}},"type":"if","locations":[{"start":{"line":145,"column":4},"end":{"line":149,"column":5}},{"start":{},"end":{}}],"line":145},"23":{"loc":{"start":{"line":151,"column":4},"end":{"line":155,"column":5}},"type":"if","locations":[{"start":{"line":151,"column":4},"end":{"line":155,"column":5}},{"start":{},"end":{}}],"line":151},"24":{"loc":{"start":{"line":183,"column":13},"end":{"line":183,"column":79}},"type":"cond-expr","locations":[{"start":{"line":183,"column":54},"end":{"line":183,"column":67}},{"start":{"line":183,"column":70},"end":{"line":183,"column":79}}],"line":183},"25":{"loc":{"start":{"line":195,"column":4},"end":{"line":197,"column":5}},"type":"if","locations":[{"start":{"line":195,"column":4},"end":{"line":197,"column":5}},{"start":{},"end":{}}],"line":195},"26":{"loc":{"start":{"line":200,"column":4},"end":{"line":202,"column":5}},"type":"if","locations":[{"start":{"line":200,"column":4},"end":{"line":202,"column":5}},{"start":{},"end":{}}],"line":200},"27":{"loc":{"start":{"line":218,"column":4},"end":{"line":222,"column":5}},"type":"if","locations":[{"start":{"line":218,"column":4},"end":{"line":222,"column":5}},{"start":{},"end":{}}],"line":218},"28":{"loc":{"start":{"line":218,"column":8},"end":{"line":218,"column":89}},"type":"binary-expr","locations":[{"start":{"line":218,"column":8},"end":{"line":218,"column":29}},{"start":{"line":218,"column":33},"end":{"line":218,"column":89}}],"line":218},"29":{"loc":{"start":{"line":224,"column":4},"end":{"line":228,"column":5}},"type":"if","locations":[{"start":{"line":224,"column":4},"end":{"line":228,"column":5}},{"start":{},"end":{}}],"line":224},"30":{"loc":{"start":{"line":224,"column":8},"end":{"line":224,"column":87}},"type":"binary-expr","locations":[{"start":{"line":224,"column":8},"end":{"line":224,"column":30}},{"start":{"line":224,"column":35},"end":{"line":224,"column":47}},{"start":{"line":224,"column":51},"end":{"line":224,"column":86}}],"line":224},"31":{"loc":{"start":{"line":230,"column":4},"end":{"line":234,"column":5}},"type":"if","locations":[{"start":{"line":230,"column":4},"end":{"line":234,"column":5}},{"start":{},"end":{}}],"line":230},"32":{"loc":{"start":{"line":230,"column":8},"end":{"line":230,"column":40}},"type":"binary-expr","locations":[{"start":{"line":230,"column":8},"end":{"line":230,"column":27}},{"start":{"line":230,"column":31},"end":{"line":230,"column":40}}],"line":230},"33":{"loc":{"start":{"line":236,"column":4},"end":{"line":240,"column":5}},"type":"if","locations":[{"start":{"line":236,"column":4},"end":{"line":240,"column":5}},{"start":{},"end":{}}],"line":236},"34":{"loc":{"start":{"line":236,"column":8},"end":{"line":236,"column":95}},"type":"binary-expr","locations":[{"start":{"line":236,"column":8},"end":{"line":236,"column":28}},{"start":{"line":236,"column":32},"end":{"line":236,"column":95}}],"line":236},"35":{"loc":{"start":{"line":243,"column":4},"end":{"line":243,"column":34}},"type":"if","locations":[{"start":{"line":243,"column":4},"end":{"line":243,"column":34}},{"start":{},"end":{}}],"line":243},"36":{"loc":{"start":{"line":244,"column":4},"end":{"line":244,"column":37}},"type":"if","locations":[{"start":{"line":244,"column":4},"end":{"line":244,"column":37}},{"start":{},"end":{}}],"line":244},"37":{"loc":{"start":{"line":245,"column":4},"end":{"line":245,"column":40}},"type":"if","locations":[{"start":{"line":245,"column":4},"end":{"line":245,"column":40}},{"start":{},"end":{}}],"line":245},"38":{"loc":{"start":{"line":246,"column":4},"end":{"line":246,"column":67}},"type":"if","locations":[{"start":{"line":246,"column":4},"end":{"line":246,"column":67}},{"start":{},"end":{}}],"line":246},"39":{"loc":{"start":{"line":247,"column":4},"end":{"line":247,"column":60}},"type":"if","locations":[{"start":{"line":247,"column":4},"end":{"line":247,"column":60}},{"start":{},"end":{}}],"line":247},"40":{"loc":{"start":{"line":248,"column":4},"end":{"line":248,"column":66}},"type":"if","locations":[{"start":{"line":248,"column":4},"end":{"line":248,"column":66}},{"start":{},"end":{}}],"line":248},"41":{"loc":{"start":{"line":249,"column":4},"end":{"line":249,"column":43}},"type":"if","locations":[{"start":{"line":249,"column":4},"end":{"line":249,"column":43}},{"start":{},"end":{}}],"line":249},"42":{"loc":{"start":{"line":250,"column":4},"end":{"line":250,"column":31}},"type":"if","locations":[{"start":{"line":250,"column":4},"end":{"line":250,"column":31}},{"start":{},"end":{}}],"line":250},"43":{"loc":{"start":{"line":251,"column":4},"end":{"line":251,"column":46}},"type":"if","locations":[{"start":{"line":251,"column":4},"end":{"line":251,"column":46}},{"start":{},"end":{}}],"line":251},"44":{"loc":{"start":{"line":252,"column":4},"end":{"line":252,"column":37}},"type":"if","locations":[{"start":{"line":252,"column":4},"end":{"line":252,"column":37}},{"start":{},"end":{}}],"line":252},"45":{"loc":{"start":{"line":264,"column":4},"end":{"line":266,"column":5}},"type":"if","locations":[{"start":{"line":264,"column":4},"end":{"line":266,"column":5}},{"start":{},"end":{}}],"line":264},"46":{"loc":{"start":{"line":269,"column":13},"end":{"line":269,"column":79}},"type":"cond-expr","locations":[{"start":{"line":269,"column":54},"end":{"line":269,"column":67}},{"start":{"line":269,"column":70},"end":{"line":269,"column":79}}],"line":269},"47":{"loc":{"start":{"line":281,"column":4},"end":{"line":283,"column":5}},"type":"if","locations":[{"start":{"line":281,"column":4},"end":{"line":283,"column":5}},{"start":{},"end":{}}],"line":281},"48":{"loc":{"start":{"line":286,"column":4},"end":{"line":288,"column":5}},"type":"if","locations":[{"start":{"line":286,"column":4},"end":{"line":288,"column":5}},{"start":{},"end":{}}],"line":286},"49":{"loc":{"start":{"line":296,"column":4},"end":{"line":298,"column":5}},"type":"if","locations":[{"start":{"line":296,"column":4},"end":{"line":298,"column":5}},{"start":{},"end":{}}],"line":296},"50":{"loc":{"start":{"line":301,"column":13},"end":{"line":301,"column":79}},"type":"cond-expr","locations":[{"start":{"line":301,"column":54},"end":{"line":301,"column":67}},{"start":{"line":301,"column":70},"end":{"line":301,"column":79}}],"line":301},"51":{"loc":{"start":{"line":311,"column":20},"end":{"line":311,"column":28}},"type":"default-arg","locations":[{"start":{"line":311,"column":27},"end":{"line":311,"column":28}}],"line":311},"52":{"loc":{"start":{"line":311,"column":30},"end":{"line":311,"column":40}},"type":"default-arg","locations":[{"start":{"line":311,"column":38},"end":{"line":311,"column":40}}],"line":311},"53":{"loc":{"start":{"line":314,"column":4},"end":{"line":314,"column":38}},"type":"if","locations":[{"start":{"line":314,"column":4},"end":{"line":314,"column":38}},{"start":{},"end":{}}],"line":314},"54":{"loc":{"start":{"line":342,"column":13},"end":{"line":342,"column":79}},"type":"cond-expr","locations":[{"start":{"line":342,"column":54},"end":{"line":342,"column":67}},{"start":{"line":342,"column":70},"end":{"line":342,"column":79}}],"line":342}},"s":{"0":2,"1":2,"2":2,"3":2,"4":2,"5":12,"6":12,"7":12,"8":12,"9":1,"10":12,"11":2,"12":12,"13":2,"14":12,"15":0,"16":12,"17":2,"18":2,"19":2,"20":2,"21":2,"22":12,"23":12,"24":12,"25":12,"26":12,"27":12,"28":0,"29":0,"30":2,"31":5,"32":5,"33":4,"34":1,"35":3,"36":3,"37":3,"38":3,"39":1,"40":1,"41":1,"42":0,"43":2,"44":7,"45":7,"46":7,"47":1,"48":6,"49":1,"50":5,"51":1,"52":4,"53":1,"54":3,"55":3,"56":3,"57":3,"58":0,"59":0,"60":2,"61":11,"62":11,"63":10,"64":0,"65":10,"66":1,"67":9,"68":9,"69":1,"70":8,"71":0,"72":8,"73":1,"74":7,"75":0,"76":7,"77":1,"78":7,"79":0,"80":7,"81":0,"82":7,"83":2,"84":7,"85":1,"86":7,"87":0,"88":7,"89":0,"90":7,"91":0,"92":7,"93":1,"94":7,"95":5,"96":7,"97":7,"98":7,"99":1,"100":1,"101":1,"102":0,"103":2,"104":3,"105":3,"106":3,"107":1,"108":2,"109":1,"110":1,"111":1,"112":0,"113":0,"114":0,"115":0,"116":2,"117":3,"118":3,"119":3,"120":3,"121":0,"122":3,"123":3,"124":3,"125":3,"126":0,"127":0,"128":2},"f":{"0":12,"1":5,"2":7,"3":11,"4":3,"5":3},"b":{"0":[11],"1":[11],"2":[10],"3":[10],"4":[1,11],"5":[2,10],"6":[2,10],"7":[0,12],"8":[2,10],"9":[12,10],"10":[2,0],"11":[2,0],"12":[11,1],"13":[0,0],"14":[1,3],"15":[3,0],"16":[3,1],"17":[1,0],"18":[0,0],"19":[1,6],"20":[7,7,6,6,6],"21":[1,5],"22":[1,4],"23":[1,3],"24":[0,0],"25":[0,10],"26":[1,9],"27":[1,8],"28":[9,1],"29":[0,8],"30":[8,2,2],"31":[1,7],"32":[8,2],"33":[0,7],"34":[7,5],"35":[1,6],"36":[0,7],"37":[0,7],"38":[2,5],"39":[1,6],"40":[0,7],"41":[0,7],"42":[0,7],"43":[1,6],"44":[5,2],"45":[1,0],"46":[0,0],"47":[1,2],"48":[1,1],"49":[0,0],"50":[0,0],"51":[3],"52":[3],"53":[0,3],"54":[0,0]},"_coverageSchema":"1a1c01bbd47fc00a2c39e90264f33305004495a9","hash":"1d24515efba3c3c59e1758e6d659cf0f18484694"}
,"/Users/anasabounouar/Documents/book-marketplace-flutter/backend/routes/geojson.js": {"path":"/Users/anasabounouar/Documents/book-marketplace-flutter/backend/routes/geojson.js","statementMap":{"0":{"start":{"line":1,"column":16},"end":{"line":1,"column":34}},"1":{"start":{"line":2,"column":22},"end":{"line":2,"column":56}},"2":{"start":{"line":3,"column":17},"end":{"line":3,"column":46}},"3":{"start":{"line":5,"column":15},"end":{"line":5,"column":31}},"4":{"start":{"line":7,"column":0},"end":{"line":40,"column":3}},"5":{"start":{"line":8,"column":2},"end":{"line":39,"column":3}},"6":{"start":{"line":9,"column":41},"end":{"line":9,"column":49}},"7":{"start":{"line":10,"column":4},"end":{"line":10,"column":88}},"8":{"start":{"line":10,"column":21},"end":{"line":10,"column":88}},"9":{"start":{"line":13,"column":23},"end":{"line":13,"column":72}},"10":{"start":{"line":14,"column":4},"end":{"line":18,"column":5}},"11":{"start":{"line":15,"column":6},"end":{"line":17,"column":9}},"12":{"start":{"line":20,"column":25},"end":{"line":20,"column":95}},"13":{"start":{"line":22,"column":4},"end":{"line":35,"column":7}},"14":{"start":{"line":37,"column":4},"end":{"line":37,"column":52}},"15":{"start":{"line":38,"column":4},"end":{"line":38,"column":129}},"16":{"start":{"line":42,"column":0},"end":{"line":66,"column":3}},"17":{"start":{"line":43,"column":2},"end":{"line":65,"column":3}},"18":{"start":{"line":44,"column":20},"end":{"line":46,"column":30}},"19":{"start":{"line":48,"column":29},"end":{"line":60,"column":7}},"20":{"start":{"line":48,"column":49},"end":{"line":60,"column":5}},"21":{"start":{"line":62,"column":4},"end":{"line":62,"column":44}},"22":{"start":{"line":64,"column":4},"end":{"line":64,"column":54}},"23":{"start":{"line":68,"column":0},"end":{"line":102,"column":3}},"24":{"start":{"line":69,"column":2},"end":{"line":101,"column":3}},"25":{"start":{"line":70,"column":25},"end":{"line":70,"column":68}},"26":{"start":{"line":71,"column":4},"end":{"line":71,"column":84}},"27":{"start":{"line":71,"column":23},"end":{"line":71,"column":84}},"28":{"start":{"line":72,"column":4},"end":{"line":74,"column":5}},"29":{"start":{"line":73,"column":6},"end":{"line":73,"column":65}},"30":{"start":{"line":75,"column":4},"end":{"line":77,"column":5}},"31":{"start":{"line":76,"column":6},"end":{"line":76,"column":69}},"32":{"start":{"line":78,"column":4},"end":{"line":80,"column":5}},"33":{"start":{"line":79,"column":6},"end":{"line":79,"column":77}},"34":{"start":{"line":83,"column":20},"end":{"line":86,"column":5}},"35":{"start":{"line":88,"column":4},"end":{"line":95,"column":7}},"36":{"start":{"line":97,"column":4},"end":{"line":99,"column":5}},"37":{"start":{"line":98,"column":6},"end":{"line":98,"column":68}},"38":{"start":{"line":100,"column":4},"end":{"line":100,"column":54}},"39":{"start":{"line":104,"column":0},"end":{"line":134,"column":3}},"40":{"start":{"line":105,"column":2},"end":{"line":133,"column":3}},"41":{"start":{"line":106,"column":25},"end":{"line":106,"column":68}},"42":{"start":{"line":107,"column":4},"end":{"line":107,"column":84}},"43":{"start":{"line":107,"column":23},"end":{"line":107,"column":84}},"44":{"start":{"line":108,"column":4},"end":{"line":110,"column":5}},"45":{"start":{"line":109,"column":6},"end":{"line":109,"column":65}},"46":{"start":{"line":111,"column":4},"end":{"line":113,"column":5}},"47":{"start":{"line":112,"column":6},"end":{"line":112,"column":69}},"48":{"start":{"line":114,"column":4},"end":{"line":116,"column":5}},"49":{"start":{"line":115,"column":6},"end":{"line":115,"column":77}},"50":{"start":{"line":117,"column":4},"end":{"line":119,"column":5}},"51":{"start":{"line":118,"column":6},"end":{"line":118,"column":67}},"52":{"start":{"line":121,"column":4},"end":{"line":121,"column":36}},"53":{"start":{"line":122,"column":4},"end":{"line":122,"column":45}},"54":{"start":{"line":123,"column":4},"end":{"line":123,"column":30}},"55":{"start":{"line":125,"column":4},"end":{"line":125,"column":58}},"56":{"start":{"line":126,"column":4},"end":{"line":126,"column":92}},"57":{"start":{"line":127,"column":4},"end":{"line":127,"column":64}},"58":{"start":{"line":129,"column":4},"end":{"line":131,"column":5}},"59":{"start":{"line":130,"column":6},"end":{"line":130,"column":68}},"60":{"start":{"line":132,"column":4},"end":{"line":132,"column":54}},"61":{"start":{"line":136,"column":0},"end":{"line":155,"column":3}},"62":{"start":{"line":137,"column":2},"end":{"line":154,"column":3}},"63":{"start":{"line":138,"column":25},"end":{"line":138,"column":68}},"64":{"start":{"line":139,"column":4},"end":{"line":141,"column":5}},"65":{"start":{"line":140,"column":6},"end":{"line":140,"column":67}},"66":{"start":{"line":142,"column":4},"end":{"line":144,"column":5}},"67":{"start":{"line":143,"column":6},"end":{"line":143,"column":65}},"68":{"start":{"line":146,"column":4},"end":{"line":146,"column":57}},"69":{"start":{"line":148,"column":4},"end":{"line":148,"column":57}},"70":{"start":{"line":150,"column":4},"end":{"line":152,"column":5}},"71":{"start":{"line":151,"column":6},"end":{"line":151,"column":68}},"72":{"start":{"line":153,"column":4},"end":{"line":153,"column":54}},"73":{"start":{"line":157,"column":0},"end":{"line":157,"column":24}},"74":{"start":{"line":160,"column":0},"end":{"line":184,"column":3}},"75":{"start":{"line":161,"column":2},"end":{"line":183,"column":3}},"76":{"start":{"line":162,"column":18},"end":{"line":162,"column":44}},"77":{"start":{"line":163,"column":19},"end":{"line":165,"column":16}},"78":{"start":{"line":167,"column":4},"end":{"line":180,"column":7}},"79":{"start":{"line":171,"column":31},"end":{"line":179,"column":7}},"80":{"start":{"line":182,"column":4},"end":{"line":182,"column":51}}},"fnMap":{"0":{"name":"(anonymous_0)","decl":{"start":{"line":7,"column":31},"end":{"line":7,"column":32}},"loc":{"start":{"line":7,"column":51},"end":{"line":40,"column":1}},"line":7},"1":{"name":"(anonymous_1)","decl":{"start":{"line":42,"column":32},"end":{"line":42,"column":33}},"loc":{"start":{"line":42,"column":52},"end":{"line":66,"column":1}},"line":42},"2":{"name":"(anonymous_2)","decl":{"start":{"line":48,"column":41},"end":{"line":48,"column":42}},"loc":{"start":{"line":48,"column":49},"end":{"line":60,"column":5}},"line":48},"3":{"name":"(anonymous_3)","decl":{"start":{"line":68,"column":33},"end":{"line":68,"column":34}},"loc":{"start":{"line":68,"column":53},"end":{"line":102,"column":1}},"line":68},"4":{"name":"(anonymous_4)","decl":{"start":{"line":104,"column":34},"end":{"line":104,"column":35}},"loc":{"start":{"line":104,"column":54},"end":{"line":134,"column":1}},"line":104},"5":{"name":"(anonymous_5)","decl":{"start":{"line":136,"column":28},"end":{"line":136,"column":29}},"loc":{"start":{"line":136,"column":48},"end":{"line":155,"column":1}},"line":136},"6":{"name":"(anonymous_6)","decl":{"start":{"line":160,"column":34},"end":{"line":160,"column":35}},"loc":{"start":{"line":160,"column":54},"end":{"line":184,"column":1}},"line":160},"7":{"name":"(anonymous_7)","decl":{"start":{"line":171,"column":25},"end":{"line":171,"column":26}},"loc":{"start":{"line":171,"column":31},"end":{"line":179,"column":7}},"line":171}},"branchMap":{"0":{"loc":{"start":{"line":9,"column":24},"end":{"line":9,"column":36}},"type":"default-arg","locations":[{"start":{"line":9,"column":34},"end":{"line":9,"column":36}}],"line":9},"1":{"loc":{"start":{"line":10,"column":4},"end":{"line":10,"column":88}},"type":"if","locations":[{"start":{"line":10,"column":4},"end":{"line":10,"column":88}},{"start":{},"end":{}}],"line":10},"2":{"loc":{"start":{"line":14,"column":4},"end":{"line":18,"column":5}},"type":"if","locations":[{"start":{"line":14,"column":4},"end":{"line":18,"column":5}},{"start":{},"end":{}}],"line":14},"3":{"loc":{"start":{"line":38,"column":59},"end":{"line":38,"column":125}},"type":"cond-expr","locations":[{"start":{"line":38,"column":100},"end":{"line":38,"column":113}},{"start":{"line":38,"column":116},"end":{"line":38,"column":125}}],"line":38},"4":{"loc":{"start":{"line":58,"column":20},"end":{"line":58,"column":58}},"type":"binary-expr","locations":[{"start":{"line":58,"column":20},"end":{"line":58,"column":53}},{"start":{"line":58,"column":57},"end":{"line":58,"column":58}}],"line":58},"5":{"loc":{"start":{"line":71,"column":4},"end":{"line":71,"column":84}},"type":"if","locations":[{"start":{"line":71,"column":4},"end":{"line":71,"column":84}},{"start":{},"end":{}}],"line":71},"6":{"loc":{"start":{"line":72,"column":4},"end":{"line":74,"column":5}},"type":"if","locations":[{"start":{"line":72,"column":4},"end":{"line":74,"column":5}},{"start":{},"end":{}}],"line":72},"7":{"loc":{"start":{"line":75,"column":4},"end":{"line":77,"column":5}},"type":"if","locations":[{"start":{"line":75,"column":4},"end":{"line":77,"column":5}},{"start":{},"end":{}}],"line":75},"8":{"loc":{"start":{"line":78,"column":4},"end":{"line":80,"column":5}},"type":"if","locations":[{"start":{"line":78,"column":4},"end":{"line":80,"column":5}},{"start":{},"end":{}}],"line":78},"9":{"loc":{"start":{"line":97,"column":4},"end":{"line":99,"column":5}},"type":"if","locations":[{"start":{"line":97,"column":4},"end":{"line":99,"column":5}},{"start":{},"end":{}}],"line":97},"10":{"loc":{"start":{"line":107,"column":4},"end":{"line":107,"column":84}},"type":"if","locations":[{"start":{"line":107,"column":4},"end":{"line":107,"column":84}},{"start":{},"end":{}}],"line":107},"11":{"loc":{"start":{"line":108,"column":4},"end":{"line":110,"column":5}},"type":"if","locations":[{"start":{"line":108,"column":4},"end":{"line":110,"column":5}},{"start":{},"end":{}}],"line":108},"12":{"loc":{"start":{"line":111,"column":4},"end":{"line":113,"column":5}},"type":"if","locations":[{"start":{"line":111,"column":4},"end":{"line":113,"column":5}},{"start":{},"end":{}}],"line":111},"13":{"loc":{"start":{"line":114,"column":4},"end":{"line":116,"column":5}},"type":"if","locations":[{"start":{"line":114,"column":4},"end":{"line":116,"column":5}},{"start":{},"end":{}}],"line":114},"14":{"loc":{"start":{"line":117,"column":4},"end":{"line":119,"column":5}},"type":"if","locations":[{"start":{"line":117,"column":4},"end":{"line":119,"column":5}},{"start":{},"end":{}}],"line":117},"15":{"loc":{"start":{"line":129,"column":4},"end":{"line":131,"column":5}},"type":"if","locations":[{"start":{"line":129,"column":4},"end":{"line":131,"column":5}},{"start":{},"end":{}}],"line":129},"16":{"loc":{"start":{"line":139,"column":4},"end":{"line":141,"column":5}},"type":"if","locations":[{"start":{"line":139,"column":4},"end":{"line":141,"column":5}},{"start":{},"end":{}}],"line":139},"17":{"loc":{"start":{"line":142,"column":4},"end":{"line":144,"column":5}},"type":"if","locations":[{"start":{"line":142,"column":4},"end":{"line":144,"column":5}},{"start":{},"end":{}}],"line":142},"18":{"loc":{"start":{"line":150,"column":4},"end":{"line":152,"column":5}},"type":"if","locations":[{"start":{"line":150,"column":4},"end":{"line":152,"column":5}},{"start":{},"end":{}}],"line":150}},"s":{"0":1,"1":1,"2":1,"3":1,"4":1,"5":10,"6":10,"7":10,"8":1,"9":9,"10":9,"11":1,"12":8,"13":8,"14":0,"15":0,"16":1,"17":6,"18":6,"19":6,"20":7,"21":6,"22":0,"23":1,"24":6,"25":6,"26":5,"27":1,"28":4,"29":1,"30":3,"31":0,"32":3,"33":0,"34":3,"35":3,"36":1,"37":1,"38":0,"39":1,"40":9,"41":9,"42":9,"43":0,"44":9,"45":1,"46":8,"47":1,"48":7,"49":1,"50":6,"51":0,"52":6,"53":6,"54":6,"55":6,"56":6,"57":6,"58":0,"59":0,"60":0,"61":1,"62":5,"63":5,"64":4,"65":1,"66":3,"67":1,"68":2,"69":2,"70":1,"71":1,"72":0,"73":1,"74":1,"75":0,"76":0,"77":0,"78":0,"79":0,"80":0},"f":{"0":10,"1":6,"2":7,"3":6,"4":9,"5":5,"6":0,"7":0},"b":{"0":[9],"1":[1,9],"2":[1,8],"3":[0,0],"4":[7,6],"5":[1,4],"6":[1,3],"7":[0,3],"8":[0,3],"9":[1,0],"10":[0,9],"11":[1,8],"12":[1,7],"13":[1,6],"14":[0,6],"15":[0,0],"16":[1,3],"17":[1,2],"18":[1,0]},"_coverageSchema":"1a1c01bbd47fc00a2c39e90264f33305004495a9","hash":"a9619eb06a94cfd281cd43dd717de2e85956d34b"}
,"/Users/anasabounouar/Documents/book-marketplace-flutter/backend/routes/orders.js": {"path":"/Users/anasabounouar/Documents/book-marketplace-flutter/backend/routes/orders.js","statementMap":{"0":{"start":{"line":1,"column":16},"end":{"line":1,"column":34}},"1":{"start":{"line":2,"column":14},"end":{"line":2,"column":40}},"2":{"start":{"line":3,"column":13},"end":{"line":3,"column":38}},"3":{"start":{"line":4,"column":46},"end":{"line":4,"column":75}},"4":{"start":{"line":6,"column":15},"end":{"line":6,"column":31}},"5":{"start":{"line":9,"column":30},"end":{"line":15,"column":1}},"6":{"start":{"line":10,"column":14},"end":{"line":10,"column":55}},"7":{"start":{"line":11,"column":2},"end":{"line":14,"column":4}},"8":{"start":{"line":22,"column":0},"end":{"line":105,"column":3}},"9":{"start":{"line":23,"column":2},"end":{"line":104,"column":3}},"10":{"start":{"line":24,"column":66},"end":{"line":24,"column":74}},"11":{"start":{"line":26,"column":4},"end":{"line":28,"column":5}},"12":{"start":{"line":27,"column":6},"end":{"line":27,"column":97}},"13":{"start":{"line":29,"column":4},"end":{"line":31,"column":5}},"14":{"start":{"line":30,"column":6},"end":{"line":30,"column":98}},"15":{"start":{"line":32,"column":4},"end":{"line":32,"column":94}},"16":{"start":{"line":32,"column":22},"end":{"line":32,"column":94}},"17":{"start":{"line":34,"column":17},"end":{"line":34,"column":83}},"18":{"start":{"line":35,"column":4},"end":{"line":35,"column":74}},"19":{"start":{"line":35,"column":15},"end":{"line":35,"column":74}},"20":{"start":{"line":36,"column":4},"end":{"line":36,"column":113}},"21":{"start":{"line":36,"column":37},"end":{"line":36,"column":113}},"22":{"start":{"line":37,"column":4},"end":{"line":37,"column":117}},"23":{"start":{"line":37,"column":34},"end":{"line":37,"column":117}},"24":{"start":{"line":38,"column":4},"end":{"line":38,"column":94}},"25":{"start":{"line":38,"column":22},"end":{"line":38,"column":94}},"26":{"start":{"line":39,"column":4},"end":{"line":41,"column":5}},"27":{"start":{"line":40,"column":6},"end":{"line":40,"column":81}},"28":{"start":{"line":43,"column":25},"end":{"line":61,"column":5}},"29":{"start":{"line":44,"column":6},"end":{"line":44,"column":33}},"30":{"start":{"line":44,"column":16},"end":{"line":44,"column":33}},"31":{"start":{"line":45,"column":18},"end":{"line":48,"column":7}},"32":{"start":{"line":50,"column":6},"end":{"line":55,"column":7}},"33":{"start":{"line":51,"column":8},"end":{"line":54,"column":10}},"34":{"start":{"line":57,"column":6},"end":{"line":59,"column":7}},"35":{"start":{"line":58,"column":8},"end":{"line":58,"column":84}},"36":{"start":{"line":60,"column":6},"end":{"line":60,"column":17}},"37":{"start":{"line":63,"column":23},"end":{"line":63,"column":60}},"38":{"start":{"line":66,"column":27},"end":{"line":66,"column":84}},"39":{"start":{"line":69,"column":31},"end":{"line":77,"column":5}},"40":{"start":{"line":70,"column":6},"end":{"line":70,"column":53}},"41":{"start":{"line":70,"column":36},"end":{"line":70,"column":53}},"42":{"start":{"line":71,"column":6},"end":{"line":76,"column":8}},"43":{"start":{"line":79,"column":18},"end":{"line":90,"column":6}},"44":{"start":{"line":92,"column":4},"end":{"line":92,"column":23}},"45":{"start":{"line":94,"column":4},"end":{"line":98,"column":7}},"46":{"start":{"line":100,"column":4},"end":{"line":100,"column":112}},"47":{"start":{"line":102,"column":4},"end":{"line":102,"column":48}},"48":{"start":{"line":103,"column":4},"end":{"line":103,"column":76}},"49":{"start":{"line":112,"column":0},"end":{"line":154,"column":3}},"50":{"start":{"line":113,"column":2},"end":{"line":153,"column":3}},"51":{"start":{"line":114,"column":45},"end":{"line":114,"column":54}},"52":{"start":{"line":116,"column":16},"end":{"line":116,"column":39}},"53":{"start":{"line":117,"column":4},"end":{"line":117,"column":38}},"54":{"start":{"line":117,"column":16},"end":{"line":117,"column":38}},"55":{"start":{"line":119,"column":17},"end":{"line":119,"column":55}},"56":{"start":{"line":121,"column":19},"end":{"line":132,"column":29}},"57":{"start":{"line":134,"column":18},"end":{"line":134,"column":51}},"58":{"start":{"line":136,"column":4},"end":{"line":145,"column":7}},"59":{"start":{"line":148,"column":4},"end":{"line":148,"column":52}},"60":{"start":{"line":149,"column":4},"end":{"line":152,"column":7}},"61":{"start":{"line":159,"column":0},"end":{"line":201,"column":3}},"62":{"start":{"line":160,"column":2},"end":{"line":200,"column":3}},"63":{"start":{"line":161,"column":45},"end":{"line":161,"column":54}},"64":{"start":{"line":163,"column":16},"end":{"line":163,"column":40}},"65":{"start":{"line":164,"column":4},"end":{"line":164,"column":38}},"66":{"start":{"line":164,"column":16},"end":{"line":164,"column":38}},"67":{"start":{"line":166,"column":17},"end":{"line":166,"column":55}},"68":{"start":{"line":168,"column":19},"end":{"line":179,"column":29}},"69":{"start":{"line":181,"column":18},"end":{"line":181,"column":51}},"70":{"start":{"line":183,"column":4},"end":{"line":192,"column":7}},"71":{"start":{"line":195,"column":4},"end":{"line":195,"column":53}},"72":{"start":{"line":196,"column":4},"end":{"line":199,"column":7}},"73":{"start":{"line":206,"column":0},"end":{"line":429,"column":3}},"74":{"start":{"line":207,"column":2},"end":{"line":428,"column":3}},"75":{"start":{"line":208,"column":30},"end":{"line":208,"column":38}},"76":{"start":{"line":210,"column":4},"end":{"line":214,"column":7}},"77":{"start":{"line":216,"column":4},"end":{"line":218,"column":5}},"78":{"start":{"line":217,"column":6},"end":{"line":217,"column":69}},"79":{"start":{"line":220,"column":26},"end":{"line":220,"column":74}},"80":{"start":{"line":222,"column":4},"end":{"line":226,"column":5}},"81":{"start":{"line":223,"column":6},"end":{"line":225,"column":9}},"82":{"start":{"line":228,"column":18},"end":{"line":231,"column":39}},"83":{"start":{"line":233,"column":4},"end":{"line":235,"column":5}},"84":{"start":{"line":234,"column":6},"end":{"line":234,"column":66}},"85":{"start":{"line":237,"column":4},"end":{"line":237,"column":89}},"86":{"start":{"line":240,"column":20},"end":{"line":240,"column":74}},"87":{"start":{"line":241,"column":21},"end":{"line":241,"column":76}},"88":{"start":{"line":243,"column":4},"end":{"line":249,"column":7}},"89":{"start":{"line":251,"column":4},"end":{"line":254,"column":5}},"90":{"start":{"line":252,"column":6},"end":{"line":252,"column":68}},"91":{"start":{"line":253,"column":6},"end":{"line":253,"column":86}},"92":{"start":{"line":257,"column":26},"end":{"line":257,"column":38}},"93":{"start":{"line":258,"column":20},"end":{"line":258,"column":25}},"94":{"start":{"line":261,"column":4},"end":{"line":273,"column":5}},"95":{"start":{"line":262,"column":32},"end":{"line":265,"column":7}},"96":{"start":{"line":266,"column":6},"end":{"line":266,"column":69}},"97":{"start":{"line":267,"column":6},"end":{"line":272,"column":9}},"98":{"start":{"line":275,"column":4},"end":{"line":289,"column":5}},"99":{"start":{"line":276,"column":31},"end":{"line":279,"column":7}},"100":{"start":{"line":280,"column":29},"end":{"line":280,"column":78}},"101":{"start":{"line":281,"column":6},"end":{"line":281,"column":46}},"102":{"start":{"line":282,"column":6},"end":{"line":288,"column":9}},"103":{"start":{"line":291,"column":4},"end":{"line":296,"column":5}},"104":{"start":{"line":292,"column":6},"end":{"line":292,"column":102}},"105":{"start":{"line":293,"column":6},"end":{"line":295,"column":9}},"106":{"start":{"line":299,"column":27},"end":{"line":299,"column":39}},"107":{"start":{"line":302,"column":4},"end":{"line":378,"column":5}},"108":{"start":{"line":304,"column":21},"end":{"line":304,"column":49}},"109":{"start":{"line":305,"column":19},"end":{"line":305,"column":46}},"110":{"start":{"line":307,"column":6},"end":{"line":312,"column":9}},"111":{"start":{"line":314,"column":6},"end":{"line":317,"column":7}},"112":{"start":{"line":315,"column":8},"end":{"line":315,"column":40}},"113":{"start":{"line":316,"column":8},"end":{"line":316,"column":67}},"114":{"start":{"line":320,"column":6},"end":{"line":325,"column":7}},"115":{"start":{"line":321,"column":
[...]
"column":6},"end":{"line":330,"column":38}},"119":{"start":{"line":333,"column":6},"end":{"line":335,"column":7}},"120":{"start":{"line":334,"column":8},"end":{"line":334,"column":29}},"121":{"start":{"line":337,"column":6},"end":{"line":337,"column":24}},"122":{"start":{"line":338,"column":6},"end":{"line":338,"column":36}},"123":{"start":{"line":341,"column":6},"end":{"line":377,"column":7}},"124":{"start":{"line":342,"column":30},"end":{"line":346,"column":10}},"125":{"start":{"line":348,"column":8},"end":{"line":358,"column":9}},"126":{"start":{"line":349,"column":10},"end":{"line":349,"column":103}},"127":{"start":{"line":351,"column":10},"end":{"line":355,"column":11}},"128":{"start":{"line":352,"column":12},"end":{"line":352,"column":44}},"129":{"start":{"line":353,"column":12},"end":{"line":353,"column":160}},"130":{"start":{"line":354,"column":12},"end":{"line":354,"column":38}},"131":{"start":{"line":357,"column":10},"end":{"line":357,"column":89}},"132":{"start":{"line":359,"column":13},"end":{"line":377,"column":7}},"133":{"start":{"line":361,"column":30},"end":{"line":365,"column":33}},"134":{"start":{"line":367,"column":8},"end":{"line":376,"column":9}},"135":{"start":{"line":368,"column":10},"end":{"line":375,"column":11}},"136":{"start":{"line":369,"column":12},"end":{"line":374,"column":13}},"137":{"start":{"line":370,"column":14},"end":{"line":370,"column":46}},"138":{"start":{"line":371,"column":14},"end":{"line":371,"column":189}},"139":{"start":{"line":372,"column":14},"end":{"line":372,"column":40}},"140":{"start":{"line":373,"column":14},"end":{"line":373,"column":137}},"141":{"start":{"line":381,"column":4},"end":{"line":398,"column":5}},"142":{"start":{"line":383,"column":21},"end":{"line":383,"column":49}},"143":{"start":{"line":384,"column":19},"end":{"line":384,"column":46}},"144":{"start":{"line":386,"column":6},"end":{"line":397,"column":7}},"145":{"start":{"line":388,"column":8},"end":{"line":388,"column":40}},"146":{"start":{"line":391,"column":8},"end":{"line":393,"column":9}},"147":{"start":{"line":392,"column":10},"end":{"line":392,"column":36}},"148":{"start":{"line":395,"column":8},"end":{"line":395,"column":26}},"149":{"start":{"line":396,"column":8},"end":{"line":396,"column":39}},"150":{"start":{"line":401,"column":4},"end":{"line":401,"column":26}},"151":{"start":{"line":404,"column":4},"end":{"line":410,"column":5}},"152":{"start":{"line":405,"column":6},"end":{"line":409,"column":7}},"153":{"start":{"line":406,"column":8},"end":{"line":406,"column":34}},"154":{"start":{"line":408,"column":8},"end":{"line":408,"column":33}},"155":{"start":{"line":412,"column":4},"end":{"line":412,"column":23}},"156":{"start":{"line":414,"column":4},"end":{"line":417,"column":7}},"157":{"start":{"line":420,"column":4},"end":{"line":420,"column":55}},"158":{"start":{"line":421,"column":4},"end":{"line":423,"column":5}},"159":{"start":{"line":422,"column":6},"end":{"line":422,"column":66}},"160":{"start":{"line":424,"column":4},"end":{"line":427,"column":7}},"161":{"start":{"line":431,"column":0},"end":{"line":431,"column":24}}},"fnMap":{"0":{"name":"(anonymous_0)","decl":{"start":{"line":9,"column":30},"end":{"line":9,"column":31}},"loc":{"start":{"line":9,"column":41},"end":{"line":15,"column":1}},"line":9},"1":{"name":"(anonymous_1)","decl":{"start":{"line":22,"column":37},"end":{"line":22,"column":38}},"loc":{"start":{"line":22,"column":57},"end":{"line":105,"column":1}},"line":22},"2":{"name":"(anonymous_2)","decl":{"start":{"line":43,"column":25},"end":{"line":43,"column":26}},"loc":{"start":{"line":43,"column":34},"end":{"line":61,"column":5}},"line":43},"3":{"name":"(anonymous_3)","decl":{"start":{"line":69,"column":31},"end":{"line":69,"column":32}},"loc":{"start":{"line":69,"column":40},"end":{"line":77,"column":5}},"line":69},"4":{"name":"(anonymous_4)","decl":{"start":{"line":112,"column":44},"end":{"line":112,"column":45}},"loc":{"start":{"line":112,"column":64},"end":{"line":154,"column":1}},"line":112},"5":{"name":"(anonymous_5)","decl":{"start":{"line":159,"column":46},"end":{"line":159,"column":47}},"loc":{"start":{"line":159,"column":66},"end":{"line":201,"column":1}},"line":159},"6":{"name":"(anonymous_6)","decl":{"start":{"line":206,"column":32},"end":{"line":206,"column":33}},"loc":{"start":{"line":206,"column":52},"end":{"line":429,"column":1}},"line":206}},"branchMap":{"0":{"loc":{"start":{"line":10,"column":14},"end":{"line":10,"column":55}},"type":"cond-expr","locations":[{"start":{"line":10,"column":31},"end":{"line":10,"column":47}},{"start":{"line":10,"column":50},"end":{"line":10,"column":55}}],"line":10},"1":{"loc":{"start":{"line":13,"column":14},"end":{"line":13,"column":39}},"type":"binary-expr","locations":[{"start":{"line":13,"column":14},"end":{"line":13,"column":31}},{"start":{"line":13,"column":35},"end":{"line":13,"column":39}}],"line":13},"2":{"loc":{"start":{"line":26,"column":4},"end":{"line":28,"column":5}},"type":"if","locations":[{"start":{"line":26,"column":4},"end":{"line":28,"column":5}},{"start":{},"end":{}}],"line":26},"3":{"loc":{"start":{"line":26,"column":8},"end":{"line":26,"column":42}},"type":"binary-expr","locations":[{"start":{"line":26,"column":8},"end":{"line":26,"column":15}},{"start":{"line":26,"column":19},"end":{"line":26,"column":28}},{"start":{"line":26,"column":32},"end":{"line":26,"column":42}}],"line":26},"4":{"loc":{"start":{"line":29,"column":4},"end":{"line":31,"column":5}},"type":"if","locations":[{"start":{"line":29,"column":4},"end":{"line":31,"column":5}},{"start":{},"end":{}}],"line":29},"5":{"loc":{"start":{"line":32,"column":4},"end":{"line":32,"column":94}},"type":"if","locations":[{"start":{"line":32,"column":4},"end":{"line":32,"column":94}},{"start":{},"end":{}}],"line":32},"6":{"loc":{"start":{"line":35,"column":4},"end":{"line":35,"column":74}},"type":"if","locations":[{"start":{"line":35,"column":4},"end":{"line":35,"column":74}},{"start":{},"end":{}}],"line":35},"7":{"loc":{"start":{"line":36,"column":4},"end":{"line":36,"column":113}},"type":"if","locations":[{"start":{"line":36,"column":4},"end":{"line":36,"column":113}},{"start":{},"end":{}}],"line":36},"8":{"loc":{"start":{"line":37,"column":4},"end":{"line":37,"column":117}},"type":"if","locations":[{"start":{"line":37,"column":4},"end":{"line":37,"column":117}},{"start":{},"end":{}}],"line":37},"9":{"loc":{"start":{"line":38,"column":4},"end":{"line":38,"column":94}},"type":"if","locations":[{"start":{"line":38,"column":4},"end":{"line":38,"column":94}},{"start":{},"end":{}}],"line":38},"10":{"loc":{"start":{"line":39,"column":4},"end":{"line":41,"column":5}},"type":"if","locations":[{"start":{"line":39,"column":4},"end":{"line":41,"column":5}},{"start":{},"end":{}}],"line":39},"11":{"loc":{"start":{"line":44,"column":6},"end":{"line":44,"column":33}},"type":"if","locations":[{"start":{"line":44,"column":6},"end":{"line":44,"column":33}},{"start":{},"end":{}}],"line":44},"12":{"loc":{"start":{"line":46,"column":14},"end":{"line":46,"column":41}},"type":"binary-expr","locations":[{"start":{"line":46,"column":14},"end":{"line":46,"column":22}},{"start":{"line":46,"column":26},"end":{"line":46,"column":41}}],"line":46},"13":{"loc":{"start":{"line":47,"column":17},"end":{"line":47,"column":56}},"type":"binary-expr","locations":[{"start":{"line":47,"column":17},"end":{"line":47,"column":43}},{"start":{"line":47,"column":47},"end":{"line":47,"column":56}}],"line":47},"14":{"loc":{"start":{"line":47,"column":18},"end":{"line":47,"column":35}},"type":"binary-expr","locations":[{"start":{"line":47,"column":18},"end":{"line":47,"column":29}},{"start":{"line":47,"column":33},"end":{"line":47,"column":35}}],"line":47},"15":{"loc":{"start":{"line":50,"column":6},"end":{"line":55,"column":7}},"type":"if","locations":[{"start":{"line":50,"column":6},"end":{"line":55,"column":7}},{"start":{},"end":{}}],"line":50},"16":{"loc":{"start":{"line":50,"column":10},"end":{"line":50,"column":81}},"type":"binary-expr","locations":[{"start":{"line":50,"column":10},"end":{"line":50,"column":43}},{"start":{"line":50,"column":47},"end":{"line":50,"column":81}}],"line":50},"17":{"loc":{"start":{"line":57,"column":6},"end":{"line":59,"column":7}},"type":"if","locations":[{"start":{"line":57,"column":6},"end":{"line":59,"column":7}},{"start":{},"end":{}}],"line":57},"18":{"loc":{"start":{"line":57,"column":10},"end":{"line":57,"column":44}},"type":"binary-expr","locations":[{"start":{"line":57,"column":10},"end":{"line":57,"column":25}},{"start":{"line":57,"column":29},"end":{"line":57,"column":44}}],"line":57},"19":{"loc":{"start":{"line":66,"column":27},"end":{"line":66,"column":84}},"type":"binary-expr","locations":[{"start":{"line":66,"column":27},"end":{"line":66,"column":49}},{"start":{"line":66,"column":53},"end":{"line":66,"column":84}}],"line":66},"20":{"loc":{"start":{"line":70,"column":6},"end":{"line":70,"column":53}},"type":"if","locations":[{"start":{"line":70,"column":6},"end":{"line":70,"column":53}},{"start":{},"end":{}}],"line":70},"21":{"loc":{"start":{"line":70,"column":10},"end":{"line":70,"column":34}},"type":"binary-expr","locations":[{"start":{"line":70,"column":10},"end":{"line":70,"column":14}},{"start":{"line":70,"column":18},"end":{"line":70,"column":34}}],"line":70},"22":{"loc":{"start":{"line":114,"column":20},"end":{"line":114,"column":28}},"type":"default-arg","locations":[{"start":{"line":114,"column":27},"end":{"line":114,"column":28}}],"line":114},"23":{"loc":{"start":{"line":114,"column":30},"end":{"line":114,"column":40}},"type":"default-arg","locations":[{"start":{"line":114,"column":38},"end":{"line":114,"column":40}}],"line":114},"24":{"loc":{"start":{"line":117,"column":4},"end":{"line":117,"column":38}},"type":"if","locations":[{"start":{"line":117,"column":4},"end":{"line":117,"column":38}},{"start":{},"end":{}}],"line":117},"25":{"loc":{"start":{"line":151,"column":13},"end":{"line":151,"column":79}},"type":"cond-expr","locations":[{"start":{"line":151,"column":54},"end":{"line":151,"column":67}},{"start":{"line":151,"column":70},"end":{"line":151,"column":79}}],"line":151},"26":{"loc":{"start":{"line":161,"column":20},"end":{"line":161,"column":28}},"type":"default-arg","locations":[{"start":{"line":161,"column":27},"end":{"line":161,"column":28}}],"line":161},"27":{"loc":{"start":{"line":161,"column":30},"end":{"line":161,"column":40}},"type":"default-arg","locations":[{"start":{"line":161,"column":38},"end":{"line":161,"column":40}}],"line":161},"28":{"loc":{"start":{"line":164,"column":4},"end":{"line":164,"column":38}},"type":"if","locations":[{"start":{"line":164,"column":4},"end":{"line":164,"column":38}},{"start":{},"end":{}}],"line":164},"29":{"loc":{"start":{"line":198,"column":13},"end":{"line":198,"column":79}},"type":"cond-expr","locations":[{"start":{"line":198,"column":54},"end":{"line":198,"column":67}},{"start":{"line":198,"column":70},"end":{"line":198,"column":79}}],"line":198},"30":{"loc":{"start":{"line":216,"column":4},"end":{"line":218,"column":5}},"type":"if","locations":[{"start":{"line":216,"column":4},"end":{"line":218,"column":5}},{"start":{},"end":{}}],"line":216},"31":{"loc":{"start":{"line":222,"column":4},"end":{"line":226,"column":5}},"type":"if","locations":[{"start":{"line":222,"column":4},"end":{"line":226,"column":5}},{"start":{},"end":{}}],"line":222},"32":{"loc":{"start":{"line":233,"column":4},"end":{"line":235,"column":5}},"type":"if","locations":[{"start":{"line":233,"column":4},"end":{"line":235,"column":5}},{"start":{},"end":{}}],"line":233},"33":{"loc":{"start":{"line":251,"column":4},"end":{"line":254,"column":5}},"type":"if","locations":[{"start":{"line":251,"column":4},"end":{"line":254,"column":5}},{"start":{},"end":{}}],"line":251},"34":{"loc":{"start":{"line":251,"column":8},"end":{"line":251,"column":29}},"type":"binary-expr","locations":[{"start":{"line":251,"column":8},"end":{"line":251,"column":16}},{"start":{"line":251,"column":20},"end":{"line":251,"column":29}}],"line":251},"35":{"loc":{"start":{"line":261,"column":4},"end":{"line":273,"column":5}},"type":"if","locations":[{"start":{"line":261,"column":4},"end":{"line":273,"column":5}},{"start":{},"end":{}}],"line":261},"36":{"loc":{"start":{"line":275,"column":4},"end":{"line":289,"column":5}},"type":"if","locations":[{"start":{"line":275,"column":4},"end":{"line":289,"column":5}},{"start":{},"end":{}}],"line":275},"37":{"loc":{"start":{"line":281,"column":18},"end":{"line":281,"column":45}},"type":"binary-expr","locations":[{"start":{"line":281,"column":18},"end":{"line":281,"column":27}},{"start":{"line":281,"column":31},"end":{"line":281,"column":45}}],"line":281},"38":{"loc":{"start":{"line":291,"column":4},"end":{"line":296,"column":5}},"type":"if","locations":[{"start":{"line":291,"column":4},"end":{"line":296,"column":5}},{"start":{},"end":{}}],"line":291},"39":{"loc":{"start":{"line":302,"column":4},"end":{"line":378,"column":5}},"type":"if","locations":[{"start":{"line":302,"column":4},"end":{"line":378,"column":5}},{"start":{},"end":{}}],"line":302},"40":{"loc":{"start":{"line":302,"column":8},"end":{"line":302,"column":89}},"type":"binary-expr","locations":[{"start":{"line":302,"column":8},"end":{"line":302,"column":30}},{"start":{"line":302,"column":34},"end":{"line":302,"column":62}},{"start":{"line":302,"column":66},"end":{"line":302,"column":89}}],"line":302},"41":{"loc":{"start":{"line":304,"column":21},"end":{"line":304,"column":49}},"type":"binary-expr","locations":[{"start":{"line":304,"column":21},"end":{"line":304,"column":35}},{"start":{"line":304,"column":39},"end":{"line":304,"column":49}}],"line":304},"42":{"loc":{"start":{"line":311,"column":19},"end":{"line":311,"column":67}},"type":"cond-expr","locations":[{"start":{"line":311,"column":27},"end":{"line":311,"column":58}},{"start":{"line":311,"column":62},"end":{"line":311,"column":67}}],"line":311},"43":{"loc":{"start":{"line":314,"column":6},"end":{"line":317,"column":7}},"type":"if","locations":[{"start":{"line":314,"column":6},"end":{"line":317,"column":7}},{"start":{},"end":{}}],"line":314},"44":{"loc":{"start":{"line":320,"column":6},"end":{"line":325,"column":7}},"type":"if","locations":[{"start":{"line":320,"column":6},"end":{"line":325,"column":7}},{"start":{},"end":{}}],"line":320},"45":{"loc":{"start":{"line":333,"column":6},"end":{"line":335,"column":7}},"type":"if","locations":[{"start":{"line":333,"column":6},"end":{"line":335,"column":7}},{"start":{},"end":{}}],"line":333},"46":{"loc":{"start":{"line":341,"column":6},"end":{"line":377,"column":7}},"type":"if","locations":[{"start":{"line":341,"column":6},"end":{"line":377,"column":7}},{"start":{"line":359,"column":13},"end":{"line":377,"column":7}}],"line":341},"47":{"loc":{"start":{"line":341,"column":10},"end":{"line":341,"column":55}},"type":"binary-expr","locations":[{"start":{"line":341,"column":10},"end":{"line":341,"column":29}},{"start":{"line":341,"column":33},"end":{"line":341,"column":55}}],"line":341},"48":{"loc":{"start":{"line":348,"column":8},"end":{"line":358,"column":9}},"type":"if","locations":[{"start":{"line":348,"column":8},"end":{"line":358,"column":9}},{"start":{},"end":{}}],"line":348},"49":{"loc":{"start":{"line":359,"column":13},"end":{"line":377,"column":7}},"type":"if","locations":[{"start":{"line":359,"column":13},"end":{"line":377,"column":7}},{"start":{},"end":{}}],"line":359},"50":{"loc":{"start":{"line":367,"column":8},"end":{"line":376,"column":9}},"type":"if","locations":[{"start":{"line":367,"column":8},"end":{"line":376,"column":9}},{"start":{},"end":{}}],"line":367},"51":{"loc":{"start":{"line":369,"column":12},"end":{"line":374,"column":13}},"type":"if","locations":[{"start":{"line":369,"column":12},"end":{"line":374,"column":13}},{"start":{},"end":{}}],"line":369},"52":{"loc":{"start":{"line":381,"column":4},"end":{"line":398,"column":5}},"type":"if","locations":[{"start":{"line":381,"column":4},"end":{"line":398,"column":5}},{"start":{},"end":{}}],"line":381},"53":{"loc":{"start":{"line":381,"column":8},"end":{"line":381,"column":88}},"type":"binary-expr","locations":[{"start":{"line":381,"column":8},"end":{"line":381,"column":28}},{"start":{"line":381,"column":32},"end":{"line":381,"column":62}},{"start":{"line":381,"column":66},"end":{"line":381,"column":88}}],"line":381},"54":{"loc":{"start":{"line":383,"column":21},"end":{"line":383,"column":49}},"type":"binary-expr","locations":[{"start":{"line":383,"column":21},"end":{"line":383,"column":35}},{"start":{"line":383,"column":39},"end":{"line":383,"column":49}}],"line":383},"55":{"loc":{"start":{"line":386,"column":6},"end":{"line":397,"column":7}},"type":"if","locations":[{"start":{"line":386,"column":6},"end":{"line":397,"column":7}},{"start":{},"end":{}}],"line":386},"56":{"loc":{"start":{"line":391,"column":8},"end":{"line":393,"column":9}},"type":"if","locations":[{"start":{"line":391,"column":8},"end":{"line":393,"column":9}},{"start":{},"end":{}}],"line":391},"57":{"loc":{"start":{"line":404,"column":4},"end":{"line":410,"column":5}},"type":"if","locations":[{"start":{"line":404,"column":4},"end":{"line":410,"column":5}},{"start":{},"end":{}}],"line":404},"58":{"loc":{"start":{"line":405,"column":6},"end":{"line":409,"column":7}},"type":"if","locations":[{"start":{"line":405,"column":6},"end":{"line":409,"column":7}},{"start":{"line":407,"column":13},"end":{"line":409,"column":7}}],"line":405},"59":{"loc":{"start":{"line":421,"column":4},"end":{"line":423,"column":5}},"type":"if","locations":[{"start":{"line":421,"column":4},"end":{"line":423,"column":5}},{"start":{},"end":{}}],"line":421},"60":{"loc":{"start":{"line":426,"column":13},"end":{"line":426,"column":79}},"type":"cond-expr","locations":[{"start":{"line":426,"column":54},"end":{"line":426,"column":67}},{"start":{"line":426,"column":70},"end":{"line":426,"column":79}}],"line":426}},"s":{"0":3,"1":3,"2":3,"3":3,"4":3,"5":3,"6":30,"7":30,"8":3,"9":6,"10":6,"11":6,"12":1,"13":5,"14":0,"15":5,"16":0,"17":5,"18":5,"19":0,"20":5,"21":0,"22":5,"23":0,"24":5,"25":0,"26":5,"27":0,"28":5,"29":5,"30":0,"31":5,"32":5,"33":5,"34":5,"35":0,"36":5,"37":5,"38":5,"39":5,"40":10,"41":0,"42":10,"43":5,"44":5,"45":5,"46":5,"47":0,"48":0,"49":3,"50":5,"51":5,"52":5,"53":5,"54":0,"55":5,"56":5,"57":5,"58":5,"59":0,"60":0,"61":3,"62":2,"63":2,"64":2,"65":2,"66":0,"67":2,"68":2,"69":2,"70":2,"71":0,"72":0,"73":3,"74":23,"75":23,"76":23,"77":23,"78":0,"79":23,"80":23,"81":0,"82":23,"83":23,"84":1,"85":22,"86":22,"87":22,"88":22,"89":22,"90":1,"91":1,"92":21,"93":21,"94":21,"95":21,"96":21,"97":21,"98":21,"99":0,"100":0,"101":0,"102":0,"103":21,"104":1,"105":1,"106":20,"107":20,"108":14,"109":14,"110":14,"111":14,"112":0,"113":0,"114":14,"115":2,"116":2,"117":12,"118":12,"119":12,"120":3,"121":12,"122":12,"123":12,"124":3,"125":3,"126":1,"127":1,"128":2,"129":2,"130":2,"131":1,"132":9,"133":9,"134":9,"135":2,"136":3,"137":1,"138":1,"139":1,"140":1,"141":18,"142":2,"143":2,"144":2,"145":2,"146":2,"147":0,"148":2,"149":2,"150":18,"151":18,"152":2,"153":2,"154":0,"155":18,"156":18,"157":0,"158":0,"159":0,"160":0,"161":3},"f":{"0":30,"1":6,"2":5,"3":10,"4":5,"5":2,"6":23},"b":{"0":[30,0],"1":[30,0],"2":[1,5],"3":[6,6,5],"4":[0,5],"5":[0,5],"6":[0,5],"7":[0,5],"8":[0,5],"9":[0,5],"10":[0,5],"11":[0,5],"12":[5,0],"13":[5,3],"14":[5,3],"15":[5,0],"16":[5,5],"17":[0,5],"18":[5,0],"19":[5,0],"20":[0,10],"21":[10,10],"22":[5],"23":[5],"24":[0,5],"25":[0,0],"26":[2],"27":[2],"28":[0,2],"29":[0,0],"30":[0,23],"31":[0,23],"32":[1,22],"33":[1,21],"34":[22,22],"35":[21,0],"36":[0,21],"37":[0,0],"38":[1,20],"39":[14,6],"40":[20,14,14],"41":[14,0],"42":[14,0],"43":[0,14],"44":[2,12],"45":[3,9],"46":[3,9],"47":[12,9],"48":[1,2],"49":[9,0],"50":[2,7],"51":[1,2],"52":[2,16],"53":[18,3,2],"54":[2,0],"55":[2,0],"56":[0,2],"57":[2,16],"58":[2,0],"59":[0,0],"60":[0,0]},"_coverageSchema":"1a1c01bbd47fc00a2c39e90264f33305004495a9","hash":"33aa3be88a70849f97347cf4dfa29e2a2eee3fe8"}
}
