TN:
SF:middleware/auth.js
FN:5,(anonymous_0)
FN:33,(anonymous_1)
FN:44,(anonymous_2)
FN:55,(anonymous_3)
FNF:4
FNH:4
FNDA:137,(anonymous_0)
FNDA:36,(anonymous_1)
FNDA:15,(anonymous_2)
FNDA:21,(anonymous_3)
DA:1,7
DA:2,7
DA:5,7
DA:6,137
DA:7,137
DA:9,137
DA:10,16
DA:13,121
DA:14,116
DA:16,116
DA:17,2
DA:20,114
DA:21,0
DA:24,114
DA:25,114
DA:27,5
DA:28,5
DA:33,7
DA:34,36
DA:35,1
DA:37,35
DA:38,7
DA:40,28
DA:44,7
DA:45,15
DA:46,1
DA:48,14
DA:49,1
DA:51,13
DA:55,7
DA:56,21
DA:57,21
DA:59,21
DA:60,6
DA:61,4
DA:63,4
DA:64,4
DA:68,19
DA:71,2
DA:75,7
LF:40
LH:39
BRDA:9,0,0,16
BRDA:9,0,1,121
BRDA:16,1,0,2
BRDA:16,1,1,114
BRDA:20,2,0,0
BRDA:20,2,1,114
BRDA:34,3,0,1
BRDA:34,3,1,35
BRDA:37,4,0,7
BRDA:37,4,1,28
BRDA:45,5,0,1
BRDA:45,5,1,14
BRDA:48,6,0,1
BRDA:48,6,1,13
BRDA:59,7,0,6
BRDA:59,7,1,15
BRDA:63,8,0,4
BRDA:63,8,1,0
BRDA:63,9,0,4
BRDA:63,9,1,4
BRF:20
BRH:18
end_of_record
TN:
SF:models/Book.js
FN:101,(anonymous_0)
FNF:1
FNH:0
FNDA:0,(anonymous_0)
DA:1,8
DA:3,8
DA:96,8
DA:97,8
DA:98,8
DA:101,8
DA:103,0
DA:106,8
LF:8
LH:7
BRF:0
BRH:0
end_of_record
TN:
SF:models/GeoJSONExport.js
FN:33,(anonymous_0)
FN:66,(anonymous_1)
FN:67,(anonymous_2)
FNF:3
FNH:3
FNDA:15,(anonymous_0)
FNDA:28,(anonymous_1)
FNDA:28,(anonymous_2)
DA:1,2
DA:3,2
DA:33,2
DA:34,15
DA:36,15
DA:39,15
DA:40,13
DA:41,2
DA:42,1
DA:43,1
DA:44,1
DA:48,15
DA:51,15
DA:52,1
DA:54,15
DA:55,0
DA:58,15
DA:65,15
DA:66,28
DA:67,28
DA:92,15
DA:102,15
DA:104,15
DA:115,15
DA:116,15
DA:119,2
LF:26
LH:25
BRDA:33,0,0,6
BRDA:39,1,0,13
BRDA:39,1,1,2
BRDA:41,2,0,1
BRDA:41,2,1,1
BRDA:43,3,0,1
BRDA:43,3,1,0
BRDA:51,4,0,1
BRDA:51,4,1,14
BRDA:54,5,0,0
BRDA:54,5,1,15
BRDA:66,6,0,28
BRDA:66,6,1,28
BRDA:66,6,2,28
BRDA:75,7,0,28
BRDA:75,7,1,0
BRDA:76,8,0,28
BRDA:76,8,1,0
BRDA:77,9,0,28
BRDA:77,9,1,0
BRDA:81,10,0,28
BRDA:81,10,1,0
BRDA:82,11,0,28
BRDA:82,11,1,0
BRDA:83,12,0,28
BRDA:83,12,1,0
BRDA:83,13,0,28
BRDA:83,13,1,0
BRDA:83,14,0,28
BRDA:83,14,1,0
BRDA:84,15,0,28
BRDA:84,15,1,0
BRDA:85,16,0,28
BRDA:85,16,1,0
BRDA:85,17,0,28
BRDA:85,17,1,0
BRDA:85,18,0,28
BRDA:85,18,1,0
BRDA:86,19,0,28
BRDA:86,19,1,0
BRDA:88,20,0,28
BRDA:88,20,1,28
BRF:42
BRH:27
end_of_record
TN:
SF:models/Order.js
FN:84,(anonymous_0)
FNF:1
FNH:1
FNDA:166,(anonymous_0)
DA:1,6
DA:3,6
DA:79,6
DA:80,6
DA:81,6
DA:82,6
DA:84,6
DA:85,166
DA:86,0
DA:87,0
DA:88,0
DA:89,0
DA:90,0
DA:98,0
DA:101,166
DA:104,6
LF:16
LH:10
BRDA:85,0,0,0
BRDA:85,0,1,166
BRDA:85,1,0,166
BRDA:85,1,1,139
BRDA:89,2,0,0
BRDA:89,2,1,0
BRDA:89,3,0,0
BRDA:89,3,1,0
BRDA:92,4,0,0
BRDA:92,4,1,0
BRF:10
BRH:3
end_of_record
TN:
SF:models/User.js
FN:80,(anonymous_0)
FN:93,(anonymous_1)
FN:98,(anonymous_2)
FNF:3
FNH:3
FNDA:454,(anonymous_0)
FNDA:7,(anonymous_1)
FNDA:51,(anonymous_2)
DA:1,11
DA:2,11
DA:4,11
DA:80,11
DA:81,454
DA:83,440
DA:84,440
DA:85,440
DA:86,440
DA:88,0
DA:93,11
DA:94,7
DA:98,11
DA:99,51
DA:100,51
DA:101,51
DA:104,11
LF:17
LH:16
BRDA:81,0,0,14
BRDA:81,0,1,440
BRF:2
BRH:2
end_of_record
TN:
SF:routes/auth.js
FN:9,(anonymous_0)
FN:16,(anonymous_1)
FN:107,(anonymous_2)
FN:174,(anonymous_3)
FN:200,(anonymous_4)
FN:253,(anonymous_5)
FN:283,(anonymous_6)
FNF:7
FNH:7
FNDA:11,(anonymous_0)
FNDA:11,(anonymous_1)
FNDA:7,(anonymous_2)
FNDA:2,(anonymous_3)
FNDA:5,(anonymous_4)
FNDA:1,(anonymous_5)
FNDA:3,(anonymous_6)
DA:1,2
DA:2,2
DA:3,2
DA:4,2
DA:6,2
DA:9,2
DA:10,11
DA:16,2
DA:17,11
DA:25,11
DA:28,11
DA:29,4
DA:34,7
DA:35,0
DA:40,7
DA:41,0
DA:47,7
DA:48,7
DA:49,1
DA:55,6
DA:56,0
DA:61,6
DA:62,0
DA:68,6
DA:77,6
DA:80,6
DA:82,6
DA:96,0
DA:97,0
DA:107,2
DA:108,7
DA:109,7
DA:112,7
DA:113,1
DA:119,6
DA:120,6
DA:121,1
DA:127,5
DA:128,0
DA:134,5
DA:135,5
DA:136,1
DA:142,4
DA:143,4
DA:146,4
DA:148,4
DA:163,0
DA:164,0
DA:174,2
DA:175,2
DA:176,2
DA:189,0
DA:190,0
DA:200,2
DA:201,5
DA:202,5
DA:203,5
DA:206,5
DA:207,2
DA:208,2
DA:209,2
DA:210,1
DA:214,1
DA:215,0
DA:223,4
DA:224,4
DA:225,4
DA:227,4
DA:229,4
DA:242,0
DA:243,0
DA:253,2
DA:254,1
DA:256,1
DA:258,1
DA:272,0
DA:273,0
DA:283,2
DA:286,3
DA:291,2
LF:80
LH:64
BRDA:28,0,0,4
BRDA:28,0,1,7
BRDA:28,1,0,11
BRDA:28,1,1,11
BRDA:28,1,2,10
BRDA:28,1,3,10
BRDA:28,1,4,7
BRDA:34,2,0,0
BRDA:34,2,1,7
BRDA:40,3,0,0
BRDA:40,3,1,7
BRDA:48,4,0,1
BRDA:48,4,1,6
BRDA:55,5,0,0
BRDA:55,5,1,6
BRDA:55,6,0,6
BRDA:55,6,1,6
BRDA:55,6,2,6
BRDA:61,7,0,0
BRDA:61,7,1,6
BRDA:61,8,0,6
BRDA:61,8,1,6
BRDA:74,9,0,6
BRDA:74,9,1,1
BRDA:99,10,0,0
BRDA:99,10,1,0
BRDA:112,11,0,1
BRDA:112,11,1,6
BRDA:112,12,0,7
BRDA:112,12,1,7
BRDA:120,13,0,1
BRDA:120,13,1,5
BRDA:127,14,0,0
BRDA:127,14,1,5
BRDA:135,15,0,1
BRDA:135,15,1,4
BRDA:166,16,0,0
BRDA:166,16,1,0
BRDA:192,17,0,0
BRDA:192,17,1,0
BRDA:206,18,0,2
BRDA:206,18,1,3
BRDA:207,19,0,2
BRDA:207,19,1,0
BRDA:209,20,0,1
BRDA:209,20,1,1
BRDA:209,21,0,2
BRDA:209,21,1,2
BRDA:209,21,2,2
BRDA:214,22,0,0
BRDA:214,22,1,1
BRDA:214,23,0,1
BRDA:214,23,1,1
BRDA:214,23,2,1
BRDA:223,24,0,1
BRDA:223,24,1,3
BRDA:224,25,0,1
BRDA:224,25,1,3
BRDA:225,26,0,1
BRDA:225,26,1,3
BRDA:245,27,0,0
BRDA:245,27,1,0
BRDA:275,28,0,0
BRDA:275,28,1,0
BRF:64
BRH:47
end_of_record
TN:
SF:routes/books.js
FN:10,(anonymous_0)
FN:86,(anonymous_1)
FN:118,(anonymous_2)
FN:191,(anonymous_3)
FN:277,(anonymous_4)
FN:309,(anonymous_5)
FNF:6
FNH:6
FNDA:12,(anonymous_0)
FNDA:5,(anonymous_1)
FNDA:7,(anonymous_2)
FNDA:11,(anonymous_3)
FNDA:3,(anonymous_4)
FNDA:3,(anonymous_5)
DA:1,2
DA:2,2
DA:3,2
DA:5,2
DA:10,2
DA:11,12
DA:23,12
DA:26,12
DA:29,12
DA:30,1
DA:34,12
DA:35,12
DA:36,12
DA:39,12
DA:40,2
DA:41,2
DA:42,2
DA:46,12
DA:49,12
DA:50,12
DA:53,12
DA:60,12
DA:62,12
DA:75,0
DA:76,0
DA:86,2
DA:87,5
DA:88,5
DA:91,4
DA:92,1
DA:96,3
DA:97,3
DA:98,3
DA:101,3
DA:104,1
DA:105,1
DA:106,1
DA:108,0
DA:118,2
DA:119,7
DA:130,7
DA:133,7
DA:134,1
DA:139,6
DA:140,1
DA:145,5
DA:146,1
DA:151,4
DA:152,1
DA:158,3
DA:171,3
DA:172,3
DA:174,3
DA:180,0
DA:181,0
DA:191,2
DA:192,11
DA:193,11
DA:195,10
DA:196,0
DA:200,10
DA:201,1
DA:215,9
DA:218,9
DA:219,1
DA:224,8
DA:225,0
DA:230,8
DA:231,1
DA:236,7
DA:237,0
DA:243,7
DA:244,7
DA:245,7
DA:246,7
DA:247,7
DA:248,7
DA:249,7
DA:250,7
DA:251,7
DA:252,7
DA:254,7
DA:255,7
DA:257,7
DA:263,1
DA:264,1
DA:265,1
DA:267,0
DA:277,2
DA:278,3
DA:279,3
DA:281,3
DA:282,1
DA:286,2
DA:287,1
DA:290,1
DA:292,1
DA:295,0
DA:296,0
DA:297,0
DA:299,0
DA:309,2
DA:310,3
DA:311,3
DA:313,3
DA:314,3
DA:316,3
DA:318,3
DA:324,3
DA:326,3
DA:339,0
DA:340,0
DA:347,2
LF:113
LH:98
BRDA:19,0,0,11
BRDA:20,1,0,11
BRDA:21,2,0,10
BRDA:22,3,0,10
BRDA:29,4,0,1
BRDA:29,4,1,11
BRDA:34,5,0,2
BRDA:34,5,1,10
BRDA:35,6,0,2
BRDA:35,6,1,10
BRDA:36,7,0,0
BRDA:36,7,1,12
BRDA:39,8,0,2
BRDA:39,8,1,10
BRDA:39,9,0,12
BRDA:39,9,1,10
BRDA:41,10,0,2
BRDA:41,10,1,0
BRDA:42,11,0,2
BRDA:42,11,1,0
BRDA:50,12,0,11
BRDA:50,12,1,1
BRDA:78,13,0,0
BRDA:78,13,1,0
BRDA:91,14,0,1
BRDA:91,14,1,3
BRDA:96,15,0,3
BRDA:96,15,1,0
BRDA:96,16,0,3
BRDA:96,16,1,1
BRDA:105,17,0,1
BRDA:105,17,1,0
BRDA:110,18,0,0
BRDA:110,18,1,0
BRDA:133,19,0,1
BRDA:133,19,1,6
BRDA:133,20,0,7
BRDA:133,20,1,7
BRDA:133,20,2,6
BRDA:133,20,3,6
BRDA:133,20,4,6
BRDA:139,21,0,1
BRDA:139,21,1,5
BRDA:145,22,0,1
BRDA:145,22,1,4
BRDA:151,23,0,1
BRDA:151,23,1,3
BRDA:183,24,0,0
BRDA:183,24,1,0
BRDA:195,25,0,0
BRDA:195,25,1,10
BRDA:200,26,0,1
BRDA:200,26,1,9
BRDA:218,27,0,1
BRDA:218,27,1,8
BRDA:218,28,0,9
BRDA:218,28,1,1
BRDA:224,29,0,0
BRDA:224,29,1,8
BRDA:224,30,0,8
BRDA:224,30,1,2
BRDA:224,30,2,2
BRDA:230,31,0,1
BRDA:230,31,1,7
BRDA:230,32,0,8
BRDA:230,32,1,2
BRDA:236,33,0,0
BRDA:236,33,1,7
BRDA:236,34,0,7
BRDA:236,34,1,5
BRDA:243,35,0,1
BRDA:243,35,1,6
BRDA:244,36,0,0
BRDA:244,36,1,7
BRDA:245,37,0,0
BRDA:245,37,1,7
BRDA:246,38,0,2
BRDA:246,38,1,5
BRDA:247,39,0,1
BRDA:247,39,1,6
BRDA:248,40,0,0
BRDA:248,40,1,7
BRDA:249,41,0,0
BRDA:249,41,1,7
BRDA:250,42,0,0
BRDA:250,42,1,7
BRDA:251,43,0,1
BRDA:251,43,1,6
BRDA:252,44,0,5
BRDA:252,44,1,2
BRDA:264,45,0,1
BRDA:264,45,1,0
BRDA:269,46,0,0
BRDA:269,46,1,0
BRDA:281,47,0,1
BRDA:281,47,1,2
BRDA:286,48,0,1
BRDA:286,48,1,1
BRDA:296,49,0,0
BRDA:296,49,1,0
BRDA:301,50,0,0
BRDA:301,50,1,0
BRDA:311,51,0,3
BRDA:311,52,0,3
BRDA:314,53,0,0
BRDA:314,53,1,3
BRDA:342,54,0,0
BRDA:342,54,1,0
BRF:108
BRH:79
end_of_record
TN:
SF:routes/geojson.js
FN:7,(anonymous_0)
FN:42,(anonymous_1)
FN:48,(anonymous_2)
FN:68,(anonymous_3)
FN:104,(anonymous_4)
FN:136,(anonymous_5)
FN:160,(anonymous_6)
FN:171,(anonymous_7)
FNF:8
FNH:6
FNDA:10,(anonymous_0)
FNDA:6,(anonymous_1)
FNDA:7,(anonymous_2)
FNDA:6,(anonymous_3)
FNDA:9,(anonymous_4)
FNDA:5,(anonymous_5)
FNDA:0,(anonymous_6)
FNDA:0,(anonymous_7)
DA:1,1
DA:2,1
DA:3,1
DA:5,1
DA:7,1
DA:8,10
DA:9,10
DA:10,10
DA:13,9
DA:14,9
DA:15,1
DA:20,8
DA:22,8
DA:37,0
DA:38,0
DA:42,1
DA:43,6
DA:44,6
DA:48,7
DA:62,6
DA:64,0
DA:68,1
DA:69,6
DA:70,6
DA:71,5
DA:72,4
DA:73,1
DA:75,3
DA:76,0
DA:78,3
DA:79,0
DA:83,3
DA:88,3
DA:97,1
DA:98,1
DA:100,0
DA:104,1
DA:105,9
DA:106,9
DA:107,9
DA:108,9
DA:109,1
DA:111,8
DA:112,1
DA:114,7
DA:115,1
DA:117,6
DA:118,0
DA:121,6
DA:122,6
DA:123,6
DA:125,6
DA:126,6
DA:127,6
DA:129,0
DA:130,0
DA:132,0
DA:136,1
DA:137,5
DA:138,5
DA:139,4
DA:140,1
DA:142,3
DA:143,1
DA:146,2
DA:148,2
DA:150,1
DA:151,1
DA:153,0
DA:157,1
DA:160,1
DA:161,0
DA:162,0
DA:163,0
DA:167,0
DA:171,0
DA:182,0
LF:77
LH:60
BRDA:9,0,0,9
BRDA:10,1,0,1
BRDA:10,1,1,9
BRDA:14,2,0,1
BRDA:14,2,1,8
BRDA:38,3,0,0
BRDA:38,3,1,0
BRDA:58,4,0,7
BRDA:58,4,1,6
BRDA:71,5,0,1
BRDA:71,5,1,4
BRDA:72,6,0,1
BRDA:72,6,1,3
BRDA:75,7,0,0
BRDA:75,7,1,3
BRDA:78,8,0,0
BRDA:78,8,1,3
BRDA:97,9,0,1
BRDA:97,9,1,0
BRDA:107,10,0,0
BRDA:107,10,1,9
BRDA:108,11,0,1
BRDA:108,11,1,8
BRDA:111,12,0,1
BRDA:111,12,1,7
BRDA:114,13,0,1
BRDA:114,13,1,6
BRDA:117,14,0,0
BRDA:117,14,1,6
BRDA:129,15,0,0
BRDA:129,15,1,0
BRDA:139,16,0,1
BRDA:139,16,1,3
BRDA:142,17,0,1
BRDA:142,17,1,2
BRDA:150,18,0,1
BRDA:150,18,1,0
BRF:37
BRH:27
end_of_record
TN:
SF:routes/orders.js
FN:9,(anonymous_0)
FN:22,(anonymous_1)
FN:43,(anonymous_2)
FN:69,(anonymous_3)
FN:112,(anonymous_4)
FN:159,(anonymous_5)
FN:206,(anonymous_6)
FNF:7
FNH:7
FNDA:30,(anonymous_0)
FNDA:6,(anonymous_1)
FNDA:5,(anonymous_2)
FNDA:10,(anonymous_3)
FNDA:5,(anonymous_4)
FNDA:2,(anonymous_5)
FNDA:23,(anonymous_6)
DA:1,3
DA:2,3
DA:3,3
DA:4,3
DA:6,3
DA:9,3
DA:10,30
DA:11,30
DA:22,3
DA:23,6
DA:24,6
DA:26,6
DA:27,1
DA:29,5
DA:30,0
DA:32,5
DA:34,5
DA:35,5
DA:36,5
DA:37,5
DA:38,5
DA:39,5
DA:40,0
DA:43,5
DA:44,5
DA:45,5
DA:50,5
DA:51,5
DA:57,5
DA:58,0
DA:60,5
DA:63,5
DA:66,5
DA:69,5
DA:70,10
DA:71,10
DA:79,5
DA:92,5
DA:94,5
DA:100,5
DA:102,0
DA:103,0
DA:112,3
DA:113,5
DA:114,5
DA:116,5
DA:117,5
DA:119,5
DA:121,5
DA:134,5
DA:136,5
DA:148,0
DA:149,0
DA:159,3
DA:160,2
DA:161,2
DA:163,2
DA:164,2
DA:166,2
DA:168,2
DA:181,2
DA:183,2
DA:195,0
DA:196,0
DA:206,3
DA:207,23
DA:208,23
DA:210,23
DA:216,23
DA:217,0
DA:220,23
DA:222,23
DA:223,0
DA:228,23
DA:233,23
DA:234,1
DA:237,22
DA:240,22
DA:241,22
DA:243,22
DA:251,22
DA:252,1
DA:253,1
DA:257,21
DA:258,21
DA:261,21
DA:262,21
DA:266,21
DA:267,21
DA:275,21
DA:276,0
DA:280,0
DA:281,0
DA:282,0
DA:291,21
DA:292,1
DA:293,1
DA:299,20
DA:302,20
DA:304,14
DA:305,14
DA:307,14
DA:314,14
DA:315,0
DA:316,0
DA:320,14
DA:321,2
DA:322,2
DA:327,12
DA:330,12
DA:333,12
DA:334,3
DA:337,12
DA:338,12
DA:341,12
DA:342,3
DA:348,3
DA:349,1
DA:351,1
DA:352,2
DA:353,2
DA:354,2
DA:357,1
DA:359,9
DA:361,9
DA:367,9
DA:368,2
DA:369,3
DA:370,1
DA:371,1
DA:372,1
DA:373,1
DA:381,18
DA:383,2
DA:384,2
DA:386,2
DA:388,2
DA:391,2
DA:392,0
DA:395,2
DA:396,2
DA:401,18
DA:404,18
DA:405,2
DA:406,2
DA:408,0
DA:412,18
DA:414,18
DA:420,0
DA:421,0
DA:422,0
DA:424,0
DA:431,3
LF:153
LH:130
BRDA:10,0,0,30
BRDA:10,0,1,0
BRDA:13,1,0,30
BRDA:13,1,1,0
BRDA:26,2,0,1
BRDA:26,2,1,5
BRDA:26,3,0,6
BRDA:26,3,1,6
BRDA:26,3,2,5
BRDA:29,4,0,0
BRDA:29,4,1,5
BRDA:32,5,0,0
BRDA:32,5,1,5
BRDA:35,6,0,0
BRDA:35,6,1,5
BRDA:36,7,0,0
BRDA:36,7,1,5
BRDA:37,8,0,0
BRDA:37,8,1,5
BRDA:38,9,0,0
BRDA:38,9,1,5
BRDA:39,10,0,0
BRDA:39,10,1,5
BRDA:44,11,0,0
BRDA:44,11,1,5
BRDA:46,12,0,5
BRDA:46,12,1,0
BRDA:47,13,0,5
BRDA:47,13,1,3
BRDA:47,14,0,5
BRDA:47,14,1,3
BRDA:50,15,0,5
BRDA:50,15,1,0
BRDA:50,16,0,5
BRDA:50,16,1,5
BRDA:57,17,0,0
BRDA:57,17,1,5
BRDA:57,18,0,5
BRDA:57,18,1,0
BRDA:66,19,0,5
BRDA:66,19,1,0
BRDA:70,20,0,0
BRDA:70,20,1,10
BRDA:70,21,0,10
BRDA:70,21,1,10
BRDA:114,22,0,5
BRDA:114,23,0,5
BRDA:117,24,0,0
BRDA:117,24,1,5
BRDA:151,25,0,0
BRDA:151,25,1,0
BRDA:161,26,0,2
BRDA:161,27,0,2
BRDA:164,28,0,0
BRDA:164,28,1,2
BRDA:198,29,0,0
BRDA:198,29,1,0
BRDA:216,30,0,0
BRDA:216,30,1,23
BRDA:222,31,0,0
BRDA:222,31,1,23
BRDA:233,32,0,1
BRDA:233,32,1,22
BRDA:251,33,0,1
BRDA:251,33,1,21
BRDA:251,34,0,22
BRDA:251,34,1,22
BRDA:261,35,0,21
BRDA:261,35,1,0
BRDA:275,36,0,0
BRDA:275,36,1,21
BRDA:281,37,0,0
BRDA:281,37,1,0
BRDA:291,38,0,1
BRDA:291,38,1,20
BRDA:302,39,0,14
BRDA:302,39,1,6
BRDA:302,40,0,20
BRDA:302,40,1,14
BRDA:302,40,2,14
BRDA:304,41,0,14
BRDA:304,41,1,0
BRDA:311,42,0,14
BRDA:311,42,1,0
BRDA:314,43,0,0
BRDA:314,43,1,14
BRDA:320,44,0,2
BRDA:320,44,1,12
BRDA:333,45,0,3
BRDA:333,45,1,9
BRDA:341,46,0,3
BRDA:341,46,1,9
BRDA:341,47,0,12
BRDA:341,47,1,9
BRDA:348,48,0,1
BRDA:348,48,1,2
BRDA:359,49,0,9
BRDA:359,49,1,0
BRDA:367,50,0,2
BRDA:367,50,1,7
BRDA:369,51,0,1
BRDA:369,51,1,2
BRDA:381,52,0,2
BRDA:381,52,1,16
BRDA:381,53,0,18
BRDA:381,53,1,3
BRDA:381,53,2,2
BRDA:383,54,0,2
BRDA:383,54,1,0
BRDA:386,55,0,2
BRDA:386,55,1,0
BRDA:391,56,0,0
BRDA:391,56,1,2
BRDA:404,57,0,2
BRDA:404,57,1,16
BRDA:405,58,0,2
BRDA:405,58,1,0
BRDA:421,59,0,0
BRDA:421,59,1,0
BRDA:426,60,0,0
BRDA:426,60,1,0
BRF:121
BRH:81
end_of_record
