TN:
SF:middleware/auth.js
FN:5,(anonymous_0)
FN:33,(anonymous_1)
FN:44,(anonymous_2)
FN:55,(anonymous_3)
FNF:4
FNH:4
FNDA:137,(anonymous_0)
FNDA:36,(anonymous_1)
FNDA:15,(anonymous_2)
FNDA:21,(anonymous_3)
DA:1,7
DA:2,7
DA:5,7
DA:6,137
DA:7,137
DA:9,137
DA:10,16
DA:13,121
DA:14,116
DA:16,116
DA:17,2
DA:20,114
DA:21,0
DA:24,114
DA:25,114
DA:27,5
DA:28,5
DA:33,7
DA:34,36
DA:35,1
DA:37,35
DA:38,7
DA:40,28
DA:44,7
DA:45,15
DA:46,1
DA:48,14
DA:49,1
DA:51,13
DA:55,7
DA:56,21
DA:57,21
DA:59,21
DA:60,6
DA:61,4
DA:63,4
DA:64,4
DA:68,19
DA:71,2
DA:75,7
LF:40
LH:39
BRDA:9,0,0,16
BRDA:9,0,1,121
BRDA:16,1,0,2
BRDA:16,1,1,114
BRDA:20,2,0,0
BRDA:20,2,1,114
BRDA:34,3,0,1
BRDA:34,3,1,35
BRDA:37,4,0,7
BRDA:37,4,1,28
BRDA:45,5,0,1
BRDA:45,5,1,14
BRDA:48,6,0,1
BRDA:48,6,1,13
BRDA:59,7,0,6
BRDA:59,7,1,15
BRDA:63,8,0,4
BRDA:63,8,1,0
BRDA:63,9,0,4
BRDA:63,9,1,4
BRF:20
BRH:18
end_of_record
TN:
SF:models/Book.js
FN:101,(anonymous_0)
FNF:1
FNH:0
FNDA:0,(anonymous_0)
DA:1,8
DA:3,8
DA:96,8
DA:97,8
DA:98,8
DA:101,8
DA:103,0
DA:106,8
LF:8
LH:7
BRF:0
BRH:0
end_of_record
TN:
SF:models/GeoJSONExport.js
FN:33,(anonymous_0)
FN:66,(anonymous_1)
FN:67,(anonymous_2)
FNF:3
FNH:3
FNDA:15,(anonymous_0)
FNDA:28,(anonymous_1)
FNDA:28,(anonymous_2)
DA:1,2
DA:3,2
DA:33,2
DA:34,15
DA:36,15
DA:39,15
DA:40,13
DA:41,2
DA:42,1
DA:43,1
DA:44,1
DA:48,15
DA:51,15
DA:52,1
DA:54,15
DA:55,0
DA:58,15
DA:65,15
DA:66,28
DA:67,28
DA:92,15
DA:102,15
DA:104,15
DA:115,15
DA:116,15
DA:119,2
LF:26
LH:25
BRDA:33,0,0,6
BRDA:39,1,0,13
BRDA:39,1,1,2
BRDA:41,2,0,1
BRDA:41,2,1,1
BRDA:43,3,0,1
BRDA:43,3,1,0
BRDA:51,4,0,1
BRDA:51,4,1,14
BRDA:54,5,0,0
BRDA:54,5,1,15
BRDA:66,6,0,28
BRDA:66,6,1,28
BRDA:66,6,2,28
BRDA:75,7,0,28
BRDA:75,7,1,0
BRDA:76,8,0,28
BRDA:76,8,1,0
BRDA:77,9,0,28
BRDA:77,9,1,0
BRDA:81,10,0,28
BRDA:81,10,1,0
BRDA:82,11,0,28
BRDA:82,11,1,0
BRDA:83,12,0,28
BRDA:83,12,1,0
BRDA:83,13,0,28
BRDA:83,13,1,0
BRDA:83,14,0,28
BRDA:83,14,1,0
BRDA:84,15,0,28
BRDA:84,15,1,0
BRDA:85,16,0,28
BRDA:85,16,1,0
BRDA:85,17,0,28
BRDA:85,17,1,0
BRDA:85,18,0,28
BRDA:85,18,1,0
BRDA:86,19,0,28
BRDA:86,19,1,0
BRDA:88,20,0,28
BRDA:88,20,1,28
BRF:42
BRH:27
end_of_record
TN:
SF:models/Order.js
FN:84,(anonymous_0)
FNF:1
FNH:1
FNDA:166,(anonymous_0)
DA:1,6
DA:3,6
DA:79,6
DA:80,6
DA:81,6
DA:82,6
DA:84,6
DA:85,166
DA:86,0
DA:87,0
DA:88,0
DA:89,0
DA:90,0
DA:98,0
DA:101,166
DA:104,6
LF:16
LH:10
BRDA:85,0,0,0
BRDA:85,0,1,166
BRDA:85,1,0,166
BRDA:85,1,1,139
BRDA:89,2,0,0
BRDA:89,2,1,0
BRDA:89,3,0,0
BRDA:89,3,1,0
BRDA:92,4,0,0
BRDA:92,4,1,0
BRF:10
BRH:3
end_of_record
TN:
SF:models/User.js
FN:80,(anonymous_0)
FN:93,(anonymous_1)
FN:98,(anonymous_2)
FNF:3
FNH:3
FNDA:454,(anonymous_0)
FNDA:7,(anonymous_1)
FNDA:52,(anonymous_2)
DA:1,11
DA:2,11
DA:4,11
DA:80,11
DA:81,454
DA:83,440
DA:84,440
DA:85,440
DA:86,440
DA:88,0
DA:93,11
DA:94,7
DA:98,11
DA:99,52
DA:100,52
DA:101,52
DA:104,11
LF:17
LH:16
BRDA:81,0,0,14
BRDA:81,0,1,440
BRF:2
BRH:2
end_of_record
TN:
SF:routes/auth.js
FN:9,(anonymous_0)
FN:16,(anonymous_1)
FN:121,(anonymous_2)
FN:188,(anonymous_3)
FN:214,(anonymous_4)
FN:267,(anonymous_5)
FN:297,(anonymous_6)
FNF:7
FNH:7
FNDA:11,(anonymous_0)
FNDA:11,(anonymous_1)
FNDA:7,(anonymous_2)
FNDA:2,(anonymous_3)
FNDA:5,(anonymous_4)
FNDA:1,(anonymous_5)
FNDA:3,(anonymous_6)
DA:1,2
DA:2,2
DA:3,2
DA:4,2
DA:6,2
DA:9,2
DA:10,11
DA:16,2
DA:17,11
DA:25,11
DA:28,11
DA:29,4
DA:34,7
DA:35,0
DA:40,7
DA:41,0
DA:47,7
DA:48,7
DA:49,1
DA:55,6
DA:56,0
DA:61,6
DA:63,0
DA:69,6
DA:70,0
DA:75,6
DA:76,0
DA:82,6
DA:91,6
DA:94,6
DA:96,6
DA:110,0
DA:111,0
DA:121,2
DA:122,7
DA:123,7
DA:126,7
DA:127,1
DA:133,6
DA:134,6
DA:135,1
DA:141,5
DA:142,0
DA:148,5
DA:149,5
DA:150,1
DA:156,4
DA:157,4
DA:160,4
DA:162,4
DA:177,0
DA:178,0
DA:188,2
DA:189,2
DA:190,2
DA:203,0
DA:204,0
DA:214,2
DA:215,5
DA:216,5
DA:217,5
DA:220,5
DA:221,2
DA:222,2
DA:223,2
DA:224,1
DA:228,1
DA:229,0
DA:237,4
DA:238,4
DA:239,4
DA:241,4
DA:243,4
DA:256,0
DA:257,0
DA:267,2
DA:268,1
DA:270,1
DA:272,1
DA:286,0
DA:287,0
DA:297,2
DA:300,3
DA:305,2
LF:84
LH:66
BRDA:28,0,0,4
BRDA:28,0,1,7
BRDA:28,1,0,11
BRDA:28,1,1,11
BRDA:28,1,2,10
BRDA:28,1,3,10
BRDA:28,1,4,7
BRDA:34,2,0,0
BRDA:34,2,1,7
BRDA:40,3,0,0
BRDA:40,3,1,7
BRDA:48,4,0,1
BRDA:48,4,1,6
BRDA:55,5,0,0
BRDA:55,5,1,6
BRDA:55,6,0,6
BRDA:55,6,1,6
BRDA:55,6,2,6
BRDA:61,7,0,0
BRDA:61,7,1,6
BRDA:61,8,0,6
BRDA:61,8,1,6
BRDA:61,8,2,6
BRDA:61,8,3,6
BRDA:69,9,0,0
BRDA:69,9,1,6
BRDA:69,10,0,6
BRDA:69,10,1,6
BRDA:75,11,0,0
BRDA:75,11,1,6
BRDA:75,12,0,6
BRDA:75,12,1,6
BRDA:88,13,0,6
BRDA:88,13,1,1
BRDA:113,14,0,0
BRDA:113,14,1,0
BRDA:126,15,0,1
BRDA:126,15,1,6
BRDA:126,16,0,7
BRDA:126,16,1,7
BRDA:134,17,0,1
BRDA:134,17,1,5
BRDA:141,18,0,0
BRDA:141,18,1,5
BRDA:149,19,0,1
BRDA:149,19,1,4
BRDA:180,20,0,0
BRDA:180,20,1,0
BRDA:206,21,0,0
BRDA:206,21,1,0
BRDA:220,22,0,2
BRDA:220,22,1,3
BRDA:221,23,0,2
BRDA:221,23,1,0
BRDA:223,24,0,1
BRDA:223,24,1,1
BRDA:223,25,0,2
BRDA:223,25,1,2
BRDA:223,25,2,2
BRDA:228,26,0,0
BRDA:228,26,1,1
BRDA:228,27,0,1
BRDA:228,27,1,1
BRDA:228,27,2,1
BRDA:237,28,0,1
BRDA:237,28,1,3
BRDA:238,29,0,1
BRDA:238,29,1,3
BRDA:239,30,0,1
BRDA:239,30,1,3
BRDA:259,31,0,0
BRDA:259,31,1,0
BRDA:289,32,0,0
BRDA:289,32,1,0
BRF:74
BRH:55
end_of_record
TN:
SF:routes/books.js
FN:10,(anonymous_0)
FN:87,(anonymous_1)
FN:119,(anonymous_2)
FN:192,(anonymous_3)
FN:278,(anonymous_4)
FN:310,(anonymous_5)
FNF:6
FNH:6
FNDA:12,(anonymous_0)
FNDA:5,(anonymous_1)
FNDA:7,(anonymous_2)
FNDA:11,(anonymous_3)
FNDA:3,(anonymous_4)
FNDA:3,(anonymous_5)
DA:1,2
DA:2,2
DA:3,2
DA:5,2
DA:10,2
DA:11,12
DA:23,12
DA:27,12
DA:30,12
DA:31,1
DA:35,12
DA:36,12
DA:37,12
DA:40,12
DA:41,2
DA:42,2
DA:43,2
DA:47,12
DA:50,12
DA:51,12
DA:54,12
DA:61,12
DA:63,12
DA:76,0
DA:77,0
DA:87,2
DA:88,5
DA:89,5
DA:92,4
DA:93,1
DA:97,3
DA:98,3
DA:99,3
DA:102,3
DA:105,1
DA:106,1
DA:107,1
DA:109,0
DA:119,2
DA:120,7
DA:131,7
DA:134,7
DA:135,1
DA:140,6
DA:141,1
DA:146,5
DA:147,1
DA:152,4
DA:153,1
DA:159,3
DA:172,3
DA:173,3
DA:175,3
DA:181,0
DA:182,0
DA:192,2
DA:193,11
DA:194,11
DA:196,10
DA:197,0
DA:201,10
DA:202,1
DA:216,9
DA:219,9
DA:220,1
DA:225,8
DA:226,0
DA:231,8
DA:232,1
DA:237,7
DA:238,0
DA:244,7
DA:245,7
DA:246,7
DA:247,7
DA:248,7
DA:249,7
DA:250,7
DA:251,7
DA:252,7
DA:253,7
DA:255,7
DA:256,7
DA:258,7
DA:264,1
DA:265,1
DA:266,1
DA:268,0
DA:278,2
DA:279,3
DA:280,3
DA:282,3
DA:283,1
DA:287,2
DA:288,1
DA:291,1
DA:293,1
DA:296,0
DA:297,0
DA:298,0
DA:300,0
DA:310,2
DA:311,3
DA:312,3
DA:314,3
DA:315,3
DA:317,3
DA:319,3
DA:325,3
DA:327,3
DA:340,0
DA:341,0
DA:348,2
LF:113
LH:98
BRDA:19,0,0,11
BRDA:20,1,0,11
BRDA:21,2,0,10
BRDA:22,3,0,10
BRDA:30,4,0,1
BRDA:30,4,1,11
BRDA:35,5,0,2
BRDA:35,5,1,10
BRDA:36,6,0,2
BRDA:36,6,1,10
BRDA:37,7,0,0
BRDA:37,7,1,12
BRDA:40,8,0,2
BRDA:40,8,1,10
BRDA:40,9,0,12
BRDA:40,9,1,10
BRDA:42,10,0,2
BRDA:42,10,1,0
BRDA:43,11,0,2
BRDA:43,11,1,0
BRDA:51,12,0,11
BRDA:51,12,1,1
BRDA:79,13,0,0
BRDA:79,13,1,0
BRDA:92,14,0,1
BRDA:92,14,1,3
BRDA:97,15,0,3
BRDA:97,15,1,0
BRDA:97,16,0,3
BRDA:97,16,1,1
BRDA:106,17,0,1
BRDA:106,17,1,0
BRDA:111,18,0,0
BRDA:111,18,1,0
BRDA:134,19,0,1
BRDA:134,19,1,6
BRDA:134,20,0,7
BRDA:134,20,1,7
BRDA:134,20,2,6
BRDA:134,20,3,6
BRDA:134,20,4,6
BRDA:140,21,0,1
BRDA:140,21,1,5
BRDA:146,22,0,1
BRDA:146,22,1,4
BRDA:152,23,0,1
BRDA:152,23,1,3
BRDA:184,24,0,0
BRDA:184,24,1,0
BRDA:196,25,0,0
BRDA:196,25,1,10
BRDA:201,26,0,1
BRDA:201,26,1,9
BRDA:219,27,0,1
BRDA:219,27,1,8
BRDA:219,28,0,9
BRDA:219,28,1,1
BRDA:225,29,0,0
BRDA:225,29,1,8
BRDA:225,30,0,8
BRDA:225,30,1,2
BRDA:225,30,2,2
BRDA:231,31,0,1
BRDA:231,31,1,7
BRDA:231,32,0,8
BRDA:231,32,1,2
BRDA:237,33,0,0
BRDA:237,33,1,7
BRDA:237,34,0,7
BRDA:237,34,1,5
BRDA:244,35,0,1
BRDA:244,35,1,6
BRDA:245,36,0,0
BRDA:245,36,1,7
BRDA:246,37,0,0
BRDA:246,37,1,7
BRDA:247,38,0,2
BRDA:247,38,1,5
BRDA:248,39,0,1
BRDA:248,39,1,6
BRDA:249,40,0,0
BRDA:249,40,1,7
BRDA:250,41,0,0
BRDA:250,41,1,7
BRDA:251,42,0,0
BRDA:251,42,1,7
BRDA:252,43,0,1
BRDA:252,43,1,6
BRDA:253,44,0,5
BRDA:253,44,1,2
BRDA:265,45,0,1
BRDA:265,45,1,0
BRDA:270,46,0,0
BRDA:270,46,1,0
BRDA:282,47,0,1
BRDA:282,47,1,2
BRDA:287,48,0,1
BRDA:287,48,1,1
BRDA:297,49,0,0
BRDA:297,49,1,0
BRDA:302,50,0,0
BRDA:302,50,1,0
BRDA:312,51,0,3
BRDA:312,52,0,3
BRDA:315,53,0,0
BRDA:315,53,1,3
BRDA:343,54,0,0
BRDA:343,54,1,0
BRF:108
BRH:79
end_of_record
TN:
SF:routes/geojson.js
FN:7,(anonymous_0)
FN:42,(anonymous_1)
FN:48,(anonymous_2)
FN:68,(anonymous_3)
FN:104,(anonymous_4)
FN:136,(anonymous_5)
FN:160,(anonymous_6)
FN:171,(anonymous_7)
FNF:8
FNH:6
FNDA:10,(anonymous_0)
FNDA:6,(anonymous_1)
FNDA:7,(anonymous_2)
FNDA:6,(anonymous_3)
FNDA:9,(anonymous_4)
FNDA:5,(anonymous_5)
FNDA:0,(anonymous_6)
FNDA:0,(anonymous_7)
DA:1,1
DA:2,1
DA:3,1
DA:5,1
DA:7,1
DA:8,10
DA:9,10
DA:10,10
DA:13,9
DA:14,9
DA:15,1
DA:20,8
DA:22,8
DA:37,0
DA:38,0
DA:42,1
DA:43,6
DA:44,6
DA:48,7
DA:62,6
DA:64,0
DA:68,1
DA:69,6
DA:70,6
DA:71,5
DA:72,4
DA:73,1
DA:75,3
DA:76,0
DA:78,3
DA:79,0
DA:83,3
DA:88,3
DA:97,1
DA:98,1
DA:100,0
DA:104,1
DA:105,9
DA:106,9
DA:107,9
DA:108,9
DA:109,1
DA:111,8
DA:112,1
DA:114,7
DA:115,1
DA:117,6
DA:118,0
DA:121,6
DA:122,6
DA:123,6
DA:125,6
DA:126,6
DA:127,6
DA:129,0
DA:130,0
DA:132,0
DA:136,1
DA:137,5
DA:138,5
DA:139,4
DA:140,1
DA:142,3
DA:143,1
DA:146,2
DA:148,2
DA:150,1
DA:151,1
DA:153,0
DA:157,1
DA:160,1
DA:161,0
DA:162,0
DA:163,0
DA:167,0
DA:171,0
DA:182,0
LF:77
LH:60
BRDA:9,0,0,9
BRDA:10,1,0,1
BRDA:10,1,1,9
BRDA:14,2,0,1
BRDA:14,2,1,8
BRDA:38,3,0,0
BRDA:38,3,1,0
BRDA:58,4,0,7
BRDA:58,4,1,6
BRDA:71,5,0,1
BRDA:71,5,1,4
BRDA:72,6,0,1
BRDA:72,6,1,3
BRDA:75,7,0,0
BRDA:75,7,1,3
BRDA:78,8,0,0
BRDA:78,8,1,3
BRDA:97,9,0,1
BRDA:97,9,1,0
BRDA:107,10,0,0
BRDA:107,10,1,9
BRDA:108,11,0,1
BRDA:108,11,1,8
BRDA:111,12,0,1
BRDA:111,12,1,7
BRDA:114,13,0,1
BRDA:114,13,1,6
BRDA:117,14,0,0
BRDA:117,14,1,6
BRDA:129,15,0,0
BRDA:129,15,1,0
BRDA:139,16,0,1
BRDA:139,16,1,3
BRDA:142,17,0,1
BRDA:142,17,1,2
BRDA:150,18,0,1
BRDA:150,18,1,0
BRF:37
BRH:27
end_of_record
TN:
SF:routes/orders.js
FN:9,(anonymous_0)
FN:22,(anonymous_1)
FN:43,(anonymous_2)
FN:69,(anonymous_3)
FN:112,(anonymous_4)
FN:159,(anonymous_5)
FN:206,(anonymous_6)
FNF:7
FNH:7
FNDA:30,(anonymous_0)
FNDA:6,(anonymous_1)
FNDA:5,(anonymous_2)
FNDA:10,(anonymous_3)
FNDA:5,(anonymous_4)
FNDA:2,(anonymous_5)
FNDA:23,(anonymous_6)
DA:1,3
DA:2,3
DA:3,3
DA:4,3
DA:6,3
DA:9,3
DA:10,30
DA:11,30
DA:22,3
DA:23,6
DA:24,6
DA:26,6
DA:27,1
DA:29,5
DA:30,0
DA:32,5
DA:34,5
DA:35,5
DA:36,5
DA:37,5
DA:38,5
DA:39,5
DA:40,0
DA:43,5
DA:44,5
DA:45,5
DA:50,5
DA:51,5
DA:57,5
DA:58,0
DA:60,5
DA:63,5
DA:66,5
DA:69,5
DA:70,10
DA:71,10
DA:79,5
DA:92,5
DA:94,5
DA:100,5
DA:102,0
DA:103,0
DA:112,3
DA:113,5
DA:114,5
DA:116,5
DA:117,5
DA:119,5
DA:121,5
DA:134,5
DA:136,5
DA:148,0
DA:149,0
DA:159,3
DA:160,2
DA:161,2
DA:163,2
DA:164,2
DA:166,2
DA:168,2
DA:181,2
DA:183,2
DA:195,0
DA:196,0
DA:206,3
DA:207,23
DA:208,23
DA:210,23
DA:216,23
DA:217,0
DA:220,23
DA:222,23
DA:223,0
DA:228,23
DA:233,23
DA:234,1
DA:237,22
DA:240,22
DA:241,22
DA:243,22
DA:251,22
DA:252,1
DA:253,1
DA:257,21
DA:258,21
DA:261,21
DA:262,21
DA:266,21
DA:267,21
DA:275,21
DA:276,0
DA:280,0
DA:281,0
DA:282,0
DA:291,21
DA:292,1
DA:293,1
DA:299,20
DA:302,20
DA:304,14
DA:305,14
DA:307,14
DA:314,14
DA:315,0
DA:316,0
DA:320,14
DA:321,2
DA:322,2
DA:327,12
DA:330,12
DA:333,12
DA:334,3
DA:337,12
DA:338,12
DA:341,12
DA:342,3
DA:348,3
DA:349,1
DA:351,1
DA:352,2
DA:353,2
DA:354,2
DA:357,1
DA:359,9
DA:361,9
DA:367,9
DA:368,2
DA:369,3
DA:370,1
DA:371,1
DA:372,1
DA:373,1
DA:381,18
DA:383,2
DA:384,2
DA:386,2
DA:388,2
DA:391,2
DA:392,0
DA:395,2
DA:396,2
DA:401,18
DA:404,18
DA:405,2
DA:406,2
DA:408,0
DA:412,18
DA:414,18
DA:420,0
DA:421,0
DA:422,0
DA:424,0
DA:431,3
LF:153
LH:130
BRDA:10,0,0,30
BRDA:10,0,1,0
BRDA:13,1,0,30
BRDA:13,1,1,0
BRDA:26,2,0,1
BRDA:26,2,1,5
BRDA:26,3,0,6
BRDA:26,3,1,6
BRDA:26,3,2,5
BRDA:29,4,0,0
BRDA:29,4,1,5
BRDA:32,5,0,0
BRDA:32,5,1,5
BRDA:35,6,0,0
BRDA:35,6,1,5
BRDA:36,7,0,0
BRDA:36,7,1,5
BRDA:37,8,0,0
BRDA:37,8,1,5
BRDA:38,9,0,0
BRDA:38,9,1,5
BRDA:39,10,0,0
BRDA:39,10,1,5
BRDA:44,11,0,0
BRDA:44,11,1,5
BRDA:46,12,0,5
BRDA:46,12,1,0
BRDA:47,13,0,5
BRDA:47,13,1,3
BRDA:47,14,0,5
BRDA:47,14,1,3
BRDA:50,15,0,5
BRDA:50,15,1,0
BRDA:50,16,0,5
BRDA:50,16,1,5
BRDA:57,17,0,0
BRDA:57,17,1,5
BRDA:57,18,0,5
BRDA:57,18,1,0
BRDA:66,19,0,5
BRDA:66,19,1,0
BRDA:70,20,0,0
BRDA:70,20,1,10
BRDA:70,21,0,10
BRDA:70,21,1,10
BRDA:114,22,0,5
BRDA:114,23,0,5
BRDA:117,24,0,0
BRDA:117,24,1,5
BRDA:151,25,0,0
BRDA:151,25,1,0
BRDA:161,26,0,2
BRDA:161,27,0,2
BRDA:164,28,0,0
BRDA:164,28,1,2
BRDA:198,29,0,0
BRDA:198,29,1,0
BRDA:216,30,0,0
BRDA:216,30,1,23
BRDA:222,31,0,0
BRDA:222,31,1,23
BRDA:233,32,0,1
BRDA:233,32,1,22
BRDA:251,33,0,1
BRDA:251,33,1,21
BRDA:251,34,0,22
BRDA:251,34,1,22
BRDA:261,35,0,21
BRDA:261,35,1,0
BRDA:275,36,0,0
BRDA:275,36,1,21
BRDA:281,37,0,0
BRDA:281,37,1,0
BRDA:291,38,0,1
BRDA:291,38,1,20
BRDA:302,39,0,14
BRDA:302,39,1,6
BRDA:302,40,0,20
BRDA:302,40,1,14
BRDA:302,40,2,14
BRDA:304,41,0,14
BRDA:304,41,1,0
BRDA:311,42,0,14
BRDA:311,42,1,0
BRDA:314,43,0,0
BRDA:314,43,1,14
BRDA:320,44,0,2
BRDA:320,44,1,12
BRDA:333,45,0,3
BRDA:333,45,1,9
BRDA:341,46,0,3
BRDA:341,46,1,9
BRDA:341,47,0,12
BRDA:341,47,1,9
BRDA:348,48,0,1
BRDA:348,48,1,2
BRDA:359,49,0,9
BRDA:359,49,1,0
BRDA:367,50,0,2
BRDA:367,50,1,7
BRDA:369,51,0,1
BRDA:369,51,1,2
BRDA:381,52,0,2
BRDA:381,52,1,16
BRDA:381,53,0,18
BRDA:381,53,1,3
BRDA:381,53,2,2
BRDA:383,54,0,2
BRDA:383,54,1,0
BRDA:386,55,0,2
BRDA:386,55,1,0
BRDA:391,56,0,0
BRDA:391,56,1,2
BRDA:404,57,0,2
BRDA:404,57,1,16
BRDA:405,58,0,2
BRDA:405,58,1,0
BRDA:421,59,0,0
BRDA:421,59,1,0
BRDA:426,60,0,0
BRDA:426,60,1,0
BRF:121
BRH:81
end_of_record
